[ECMWF-INFO -sbatch] - -------------------------------------------------------------------------------------
[ECMWF-INFO -sbatch] -  This is the ECMWF jobfilter
[ECMWF-INFO -sbatch] -  +++ Please report issues using the Support portal +++
[ECMWF-INFO -sbatch] -  +++ https://support.ecmwf.int                     +++
[ECMWF-INFO -sbatch] -  /usr/local/bin/ecsbatch: size: 48802, mtime: Mon Jul  3 10:31:21 2023
[ECMWF-INFO -sbatch] - -------------------------------------------------------------------------------------
[ECMWF-INFO -sbatch] - Time at submit: Thu Aug 17 13:46:37 2023 (1692279997.6953042) on ac6-100.bullx:/etc/ecmwf/vol/ecpoint_dev/mofp/Papers_2_Write/ecPoint_Climate/Scripts/Processed
[ECMWF-INFO -sbatch] - --- SLURM VARIABLES ---
[ECMWF-INFO -sbatch] - EC_CLUSTER=ac
[ECMWF-INFO -sbatch] - SLURM_EXPORT_ENV=ALL
[ECMWF-INFO -sbatch] - SBATCH_EXPORT=NONE
[ECMWF-INFO -sbatch] - -----------------------
[ECMWF-INFO -sbatch] - jobscript: /etc/ecmwf/vol/ecpoint_dev/mofp/Papers_2_Write/ecPoint_Climate/Scripts/Processed/10a_SubmitATOS_Extract_RainfallFC_atOBS.sh
[ECMWF-INFO -sbatch] - --- SCRIPT OPTIONS ---
[ECMWF-INFO -sbatch] - #SBATCH --job-name=Extract_Rainfall_atOBS
[ECMWF-INFO -sbatch] - #SBATCH --output=LogATOS/Extract_Rainfall_atOBS-%J.out
[ECMWF-INFO -sbatch] - #SBATCH --error=LogATOS/Extract_Rainfall_atOBS-%J.out
[ECMWF-INFO -sbatch] - #SBATCH --cpus-per-task=1
[ECMWF-INFO -sbatch] - #SBATCH --mem=64G
[ECMWF-INFO -sbatch] - #SBATCH --qos=nf
[ECMWF-INFO -sbatch] - #SBATCH --mail-type=FAIL
[ECMWF-INFO -sbatch] - #SBATCH --mail-user=fatima.pillosu@ecmwf.int
[ECMWF-INFO -sbatch] - -----------------------
[ECMWF-INFO -sbatch] - --- POST-PROCESSED OPTIONS ---
[ECMWF-INFO -sbatch] - ARG --positional=['10a_SubmitATOS_Extract_RainfallFC_atOBS.sh', '2017', 'ERA5_ShortRange,ERA5_EDA_ShortRange,ERA5_LongRange,ERA5_EDA_LongRange,ERA5_ecPoint/Grid_BC_VALS,ERA5_ecPoint/Pt_BC_PERC']
[ECMWF-INFO -sbatch] - ARG --cpus_per_task=1
[ECMWF-INFO -sbatch] - ARG --error=LogATOS/Extract_Rainfall_atOBS-%J.out
[ECMWF-INFO -sbatch] - ARG --job_name=Extract_Rainfall_atOBS
[ECMWF-INFO -sbatch] - ARG --mail_type=FAIL
[ECMWF-INFO -sbatch] - ARG --mail_user=fatima.pillosu@ecmwf.int
[ECMWF-INFO -sbatch] - ARG --output=LogATOS/Extract_Rainfall_atOBS-%J.out
[ECMWF-INFO -sbatch] - ARG --qos=nf
[ECMWF-INFO -sbatch] - ARG --mem=64G
[ECMWF-INFO -sbatch] - ------------------------------
[ECMWF-INFO -sbatch] - jobtag: mofp-Extract_Ra_fall_atOBS-1x2-/etc/ecmwf/vol/ecpoint_dev/mofp/Papers_2_Write/ecPoint_Climate/Scripts/Processed/LogATOS/Extract_Rainfall_atOBS-_.out
[ECMWF-INFO -sbatch] - ['/usr/bin/sbatch', '--cpus-per-task=1', '--error=LogATOS/Extract_Rainfall_atOBS-%J.out', '--job-name=Extract_Rainfall_atOBS', '--mail-type=FAIL', '--mail-user=fatima.pillosu@ecmwf.int', '--output=LogATOS/Extract_Rainfall_atOBS-%J.out', '--qos=nf', '--mem=64G', '--licenses=h2resw01', '--time=1-00:00:00', '/etc/ecmwf/vol/ecpoint_dev/mofp/Papers_2_Write/ecPoint_Climate/Scripts/Processed/10a_SubmitATOS_Extract_RainfallFC_atOBS.sh', '2017', 'ERA5_ShortRange,ERA5_EDA_ShortRange,ERA5_LongRange,ERA5_EDA_LongRange,ERA5_ecPoint/Grid_BC_VALS,ERA5_ecPoint/Pt_BC_PERC']
[ECMWF-INFO -sbatch] - sbatch executed on ac
[ECMWF-INFO -sbatch] - Job queued on ac using method local
[ECMWF-INFO -sbatch] - Submitted batch job 34048068
[ECMWF-INFO -ecprofile] /usr/bin/bash NON_INTERACTIVE on ac6-140 at 20230817_134646.948, PID: 1833098, JOBID: 34048068
[ECMWF-INFO -ecprofile] $SCRATCH=/ec/res4/scratch/mofp
[ECMWF-INFO -ecprofile] $PERM=/perm/mofp
[ECMWF-INFO -ecprofile] $HPCPERM=/ec/res4/hpcperm/mofp
[ECMWF-INFO -ecprofile] $TMPDIR=/etc/ecmwf/ssd/ssd1/tmpdirs/mofp.34048068
[ECMWF-INFO -ecprofile] $SCRATCHDIR=/ec/res4/scratchdir/mofp/4/34048068
