[ECMWF-INFO -sbatch] - -------------------------------------------------------------------------------------
[ECMWF-INFO -sbatch] -  This is the ECMWF jobfilter
[ECMWF-INFO -sbatch] -  +++ Please report issues using the Support portal +++
[ECMWF-INFO -sbatch] -  +++ https://support.ecmwf.int                     +++
[ECMWF-INFO -sbatch] -  /usr/local/bin/ecsbatch: size: 48802, mtime: Mon Jul  3 10:31:21 2023
[ECMWF-INFO -sbatch] - -------------------------------------------------------------------------------------
[ECMWF-INFO -sbatch] - Time at submit: Thu Aug 17 20:41:09 2023 (1692304869.0510015) on ac6-100.bullx:/etc/ecmwf/vol/ecpoint_dev/mofp/Papers_2_Write/ecPoint_Climate/Scripts/Processed
[ECMWF-INFO -sbatch] - --- SLURM VARIABLES ---
[ECMWF-INFO -sbatch] - EC_CLUSTER=ac
[ECMWF-INFO -sbatch] - SLURM_EXPORT_ENV=ALL
[ECMWF-INFO -sbatch] - SBATCH_EXPORT=NONE
[ECMWF-INFO -sbatch] - -----------------------
[ECMWF-INFO -sbatch] - jobscript: /etc/ecmwf/vol/ecpoint_dev/mofp/Papers_2_Write/ecPoint_Climate/Scripts/Processed/10a_SubmitATOS_Extract_RainfallFC_atOBS.sh
[ECMWF-INFO -sbatch] - --- SCRIPT OPTIONS ---
[ECMWF-INFO -sbatch] - #SBATCH --job-name=Extract_RainfallFC_atOBS
[ECMWF-INFO -sbatch] - #SBATCH --output=LogATOS/Extract_RainfallFC_atOBS-%J.out
[ECMWF-INFO -sbatch] - #SBATCH --error=LogATOS/Extract_RainfallFC_atOBS-%J.out
[ECMWF-INFO -sbatch] - #SBATCH --cpus-per-task=1
[ECMWF-INFO -sbatch] - #SBATCH --mem=64G
[ECMWF-INFO -sbatch] - #SBATCH --qos=nf
[ECMWF-INFO -sbatch] - #SBATCH --mail-type=FAIL
[ECMWF-INFO -sbatch] - #SBATCH --mail-user=fatima.pillosu@ecmwf.int
[ECMWF-INFO -sbatch] - -----------------------
[ECMWF-INFO -sbatch] - --- POST-PROCESSED OPTIONS ---
[ECMWF-INFO -sbatch] - ARG --positional=['10a_SubmitATOS_Extract_RainfallFC_atOBS.sh', '2013', 'ERA5_ShortRange,ERA5_EDA_ShortRange,ERA5_LongRange,ERA5_EDA_LongRange,ERA5_ecPoint/Grid_BC_VALS,ERA5_ecPoint/Pt_BC_PERC']
[ECMWF-INFO -sbatch] - ARG --cpus_per_task=1
[ECMWF-INFO -sbatch] - ARG --error=LogATOS/Extract_RainfallFC_atOBS-%J.out
[ECMWF-INFO -sbatch] - ARG --job_name=Extract_RainfallFC_atOBS
[ECMWF-INFO -sbatch] - ARG --mail_type=FAIL
[ECMWF-INFO -sbatch] - ARG --mail_user=fatima.pillosu@ecmwf.int
[ECMWF-INFO -sbatch] - ARG --output=LogATOS/Extract_RainfallFC_atOBS-%J.out
[ECMWF-INFO -sbatch] - ARG --qos=nf
[ECMWF-INFO -sbatch] - ARG --mem=64G
[ECMWF-INFO -sbatch] - ------------------------------
[ECMWF-INFO -sbatch] - jobtag: mofp-Extract_Ra_llFC_atOBS-1x2-/etc/ecmwf/vol/ecpoint_dev/mofp/Papers_2_Write/ecPoint_Climate/Scripts/Processed/LogATOS/Extract_RainfallFC_atOBS-_.out
[ECMWF-INFO -sbatch] - ['/usr/bin/sbatch', '--cpus-per-task=1', '--error=LogATOS/Extract_RainfallFC_atOBS-%J.out', '--job-name=Extract_RainfallFC_atOBS', '--mail-type=FAIL', '--mail-user=fatima.pillosu@ecmwf.int', '--output=LogATOS/Extract_RainfallFC_atOBS-%J.out', '--qos=nf', '--mem=64G', '--licenses=h2resw01', '--time=1-00:00:00', '/etc/ecmwf/vol/ecpoint_dev/mofp/Papers_2_Write/ecPoint_Climate/Scripts/Processed/10a_SubmitATOS_Extract_RainfallFC_atOBS.sh', '2013', 'ERA5_ShortRange,ERA5_EDA_ShortRange,ERA5_LongRange,ERA5_EDA_LongRange,ERA5_ecPoint/Grid_BC_VALS,ERA5_ecPoint/Pt_BC_PERC']
[ECMWF-INFO -sbatch] - sbatch executed on ac
[ECMWF-INFO -sbatch] - Job queued on ac using method local
[ECMWF-INFO -sbatch] - Submitted batch job 34131501
[ECMWF-INFO -ecprofile] /usr/bin/bash NON_INTERACTIVE on ac6-121 at 20230817_204150.070, PID: 3797670, JOBID: 34131501
[ECMWF-INFO -ecprofile] $SCRATCH=/ec/res4/scratch/mofp
[ECMWF-INFO -ecprofile] $PERM=/perm/mofp
[ECMWF-INFO -ecprofile] $HPCPERM=/ec/res4/hpcperm/mofp
[ECMWF-INFO -ecprofile] $TMPDIR=/etc/ecmwf/ssd/ssd1/tmpdirs/mofp.34131501
[ECMWF-INFO -ecprofile] $SCRATCHDIR=/ec/res4/scratchdir/mofp/5/34131501
/etc/ecmwf/vol/ecpoint_dev/mofp/Papers_2_Write/ecPoint_Climate/Scripts/Processed/10_Compute_Extract_RainfallFC_atOBS.py:437: RuntimeWarning: invalid value encountered in multiply
  tp_DJF = np.float16(np.empty([NumStations, NumRealizations_DJF]) * np.nan)
 
Computing modelled (ERA5_ShortRange) climatologies at stations for 08_AlignOBS_CleanSTVL (Coeff_Grid2Point=20) with a minimum of 75% of days over the considered period with valid observations
 - Computing the independent rainfall realizations for the year/seasonal climatologies. Processing 24-hourly accumulation period ending on:
      2013-01-02
      2013-01-03
      2013-01-04
      2013-01-05
      2013-01-06
      2013-01-07
      2013-01-08
      2013-01-09
      2013-01-10
      2013-01-11
      2013-01-12
      2013-01-13
      2013-01-14
      2013-01-15
      2013-01-16
      2013-01-17
      2013-01-18
      2013-01-19
      2013-01-20
      2013-01-21
      2013-01-22
      2013-01-23
      2013-01-24
      2013-01-25
      2013-01-26
      2013-01-27
      2013-01-28
      2013-01-29
      2013-01-30
      2013-01-31
      2013-02-01
      2013-02-02
      2013-02-03
      2013-02-04
      2013-02-05
      2013-02-06
      2013-02-07
      2013-02-08
      2013-02-09
      2013-02-10
      2013-02-11
      2013-02-12
      2013-02-13
      2013-02-14
      2013-02-15
      2013-02-16
      2013-02-17
      2013-02-18
      2013-02-19
      2013-02-20
      2013-02-21
      2013-02-22
      2013-02-23
      2013-02-24
      2013-02-25
      2013-02-26
      2013-02-27
      2013-02-28
      2013-03-01
      2013-03-02
      2013-03-03
      2013-03-04
      2013-03-05
      2013-03-06
      2013-03-07
      2013-03-08
      2013-03-09
      2013-03-10
      2013-03-11
      2013-03-12
      2013-03-13
      2013-03-14
      2013-03-15
      2013-03-16
      2013-03-17
      2013-03-18
      2013-03-19
      2013-03-20
      2013-03-21
      2013-03-22
      2013-03-23
      2013-03-24
      2013-03-25
      2013-03-26
      2013-03-27
      2013-03-28
      2013-03-29
      2013-03-30
      2013-03-31
      2013-04-01
      2013-04-02
      2013-04-03
      2013-04-04
      2013-04-05
      2013-04-06
      2013-04-07
      2013-04-08
      2013-04-09
      2013-04-10
      2013-04-11
      2013-04-12
      2013-04-13
      2013-04-14
      2013-04-15
      2013-04-16
      2013-04-17
      2013-04-18
      2013-04-19
      2013-04-20
      2013-04-21
      2013-04-22
      2013-04-23
      2013-04-24
      2013-04-25
      2013-04-26
      2013-04-27
      2013-04-28
      2013-04-29
      2013-04-30
      2013-05-01
      2013-05-02
      2013-05-03
      2013-05-04
      2013-05-05
      2013-05-06
      2013-05-07
      2013-05-08
      2013-05-09
      2013-05-10
      2013-05-11
      2013-05-12
      2013-05-13
      2013-05-14
      2013-05-15
      2013-05-16
      2013-05-17
      2013-05-18
      2013-05-19
      2013-05-20
      2013-05-21
      2013-05-22
      2013-05-23
      2013-05-24
      2013-05-25
      2013-05-26
      2013-05-27
      2013-05-28
      2013-05-29
      2013-05-30
      2013-05-31
      2013-06-01
      2013-06-02
      2013-06-03
      2013-06-04
      2013-06-05
      2013-06-06
      2013-06-07
      2013-06-08
      2013-06-09
      2013-06-10
      2013-06-11
      2013-06-12
      2013-06-13
      2013-06-14
      2013-06-15
      2013-06-16
      2013-06-17
      2013-06-18
      2013-06-19
      2013-06-20
      2013-06-21
      2013-06-22
      2013-06-23
      2013-06-24
      2013-06-25
      2013-06-26
      2013-06-27
      2013-06-28
      2013-06-29
      2013-06-30
      2013-07-01
      2013-07-02
      2013-07-03
      2013-07-04
      2013-07-05
      2013-07-06
      2013-07-07
      2013-07-08
      2013-07-09
      2013-07-10
      2013-07-11
      2013-07-12
      2013-07-13
      2013-07-14
      2013-07-15
      2013-07-16
      2013-07-17
      2013-07-18
      2013-07-19
      2013-07-20
      2013-07-21
      2013-07-22
      2013-07-23
      2013-07-24
      2013-07-25
      2013-07-26
      2013-07-27
      2013-07-28
      2013-07-29
      2013-07-30
      2013-07-31
      2013-08-01
      2013-08-02
      2013-08-03
      2013-08-04
      2013-08-05
      2013-08-06
      2013-08-07
      2013-08-08
      2013-08-09
      2013-08-10
      2013-08-11
      2013-08-12
      2013-08-13
      2013-08-14
      2013-08-15
      2013-08-16
      2013-08-17
      2013-08-18
      2013-08-19
      2013-08-20
      2013-08-21
      2013-08-22
      2013-08-23
      2013-08-24
      2013-08-25
      2013-08-26
      2013-08-27
      2013-08-28
      2013-08-29
      2013-08-30
      2013-08-31
      2013-09-01
      2013-09-02
      2013-09-03
      2013-09-04
      2013-09-05
      2013-09-06
      2013-09-07
      2013-09-08
      2013-09-09
      2013-09-10
      2013-09-11
      2013-09-12
      2013-09-13
      2013-09-14
      2013-09-15
      2013-09-16
      2013-09-17
      2013-09-18
      2013-09-19
      2013-09-20
      2013-09-21
      2013-09-22
      2013-09-23
      2013-09-24
      2013-09-25
      2013-09-26
      2013-09-27
      2013-09-28
      2013-09-29
      2013-09-30
      2013-10-01
      2013-10-02
      2013-10-03
      2013-10-04
      2013-10-05
      2013-10-06
      2013-10-07
      2013-10-08
      2013-10-09
      2013-10-10
      2013-10-11
      2013-10-12
      2013-10-13
      2013-10-14
      2013-10-15
      2013-10-16
      2013-10-17
      2013-10-18
      2013-10-19
      2013-10-20
      2013-10-21
      2013-10-22
      2013-10-23
      2013-10-24
      2013-10-25
      2013-10-26
      2013-10-27
      2013-10-28
      2013-10-29
      2013-10-30
      2013-10-31
      2013-11-01
      2013-11-02
      2013-11-03
      2013-11-04
      2013-11-05
      2013-11-06
      2013-11-07
      2013-11-08
      2013-11-09
      2013-11-10
      2013-11-11
      2013-11-12
      2013-11-13
      2013-11-14
      2013-11-15
      2013-11-16
      2013-11-17
      2013-11-18
      2013-11-19
      2013-11-20
      2013-11-21
      2013-11-22
      2013-11-23
      2013-11-24
      2013-11-25
      2013-11-26
      2013-11-27
      2013-11-28
      2013-11-29
      2013-11-30
      2013-12-01
      2013-12-02
      2013-12-03
      2013-12-04
      2013-12-05
      2013-12-06
      2013-12-07
      2013-12-08
      2013-12-09
      2013-12-10
      2013-12-11
      2013-12-12
      2013-12-13
      2013-12-14
      2013-12-15
      2013-12-16
      2013-12-17
      2013-12-18
      2013-12-19
      2013-12-20
      2013-12-21
      2013-12-22
      2013-12-23
      2013-12-24
      2013-12-25
      2013-12-26
      2013-12-27
      2013-12-28
      2013-12-29
      2013-12-30
      2013-12-31
 - Saving the year/seasonal rainfall realizations
 
Computing modelled (ERA5_EDA_ShortRange) climatologies at stations for 08_AlignOBS_CleanSTVL (Coeff_Grid2Point=20) with a minimum of 75% of days over the considered period with valid observations
 - Computing the independent rainfall realizations for the year/seasonal climatologies. Processing 24-hourly accumulation period ending on:
      2013-01-02
      2013-01-03
      2013-01-04
      2013-01-05
      2013-01-06
      2013-01-07
      2013-01-08
      2013-01-09
      2013-01-10
      2013-01-11
      2013-01-12
      2013-01-13
      2013-01-14
      2013-01-15
      2013-01-16
      2013-01-17
      2013-01-18
      2013-01-19
      2013-01-20
      2013-01-21
      2013-01-22
      2013-01-23
      2013-01-24
      2013-01-25
      2013-01-26
      2013-01-27
      2013-01-28
      2013-01-29
      2013-01-30
      2013-01-31
      2013-02-01
      2013-02-02
      2013-02-03
      2013-02-04
      2013-02-05
      2013-02-06
      2013-02-07
      2013-02-08
      2013-02-09
      2013-02-10
      2013-02-11
      2013-02-12
      2013-02-13
      2013-02-14
      2013-02-15
      2013-02-16
      2013-02-17
      2013-02-18
      2013-02-19
      2013-02-20
      2013-02-21
      2013-02-22
      2013-02-23
      2013-02-24
      2013-02-25
      2013-02-26
      2013-02-27
      2013-02-28
      2013-03-01
      2013-03-02
      2013-03-03
      2013-03-04
      2013-03-05
      2013-03-06
      2013-03-07
      2013-03-08
      2013-03-09
      2013-03-10
      2013-03-11
      2013-03-12
      2013-03-13
      2013-03-14
      2013-03-15
      2013-03-16
      2013-03-17
      2013-03-18
      2013-03-19
      2013-03-20
      2013-03-21
      2013-03-22
      2013-03-23
      2013-03-24
      2013-03-25
      2013-03-26
      2013-03-27
      2013-03-28
      2013-03-29
      2013-03-30
      2013-03-31
      2013-04-01
      2013-04-02
      2013-04-03
      2013-04-04
      2013-04-05
      2013-04-06
      2013-04-07
      2013-04-08
      2013-04-09
      2013-04-10
      2013-04-11
      2013-04-12
      2013-04-13
      2013-04-14
      2013-04-15
      2013-04-16
      2013-04-17
      2013-04-18
      2013-04-19
      2013-04-20
      2013-04-21
      2013-04-22
      2013-04-23
      2013-04-24
      2013-04-25
      2013-04-26
      2013-04-27
      2013-04-28
      2013-04-29
      2013-04-30
      2013-05-01
      2013-05-02
      2013-05-03
      2013-05-04
      2013-05-05
      2013-05-06
      2013-05-07
      2013-05-08
      2013-05-09
      2013-05-10
      2013-05-11
      2013-05-12
      2013-05-13
      2013-05-14
      2013-05-15
      2013-05-16
      2013-05-17
      2013-05-18
      2013-05-19
      2013-05-20
      2013-05-21
      2013-05-22
      2013-05-23
      2013-05-24
      2013-05-25
      2013-05-26
      2013-05-27
      2013-05-28
      2013-05-29
      2013-05-30
      2013-05-31
      2013-06-01
      2013-06-02
      2013-06-03
      2013-06-04
      2013-06-05
      2013-06-06
      2013-06-07
      2013-06-08
      2013-06-09
      2013-06-10
      2013-06-11
      2013-06-12
      2013-06-13
      2013-06-14
      2013-06-15
      2013-06-16
      2013-06-17
      2013-06-18
      2013-06-19
      2013-06-20
      2013-06-21
      2013-06-22
      2013-06-23
      2013-06-24
      2013-06-25
      2013-06-26
      2013-06-27
      2013-06-28
      2013-06-29
      2013-06-30
      2013-07-01
      2013-07-02
      2013-07-03
      2013-07-04
      2013-07-05
      2013-07-06
      2013-07-07
      2013-07-08
      2013-07-09
      2013-07-10
      2013-07-11
      2013-07-12
      2013-07-13
      2013-07-14
      2013-07-15
      2013-07-16
      2013-07-17
      2013-07-18
      2013-07-19
      2013-07-20
      2013-07-21
      2013-07-22
      2013-07-23
      2013-07-24
      2013-07-25
      2013-07-26
      2013-07-27
      2013-07-28
      2013-07-29
      2013-07-30
      2013-07-31
      2013-08-01
      2013-08-02
      2013-08-03
      2013-08-04
      2013-08-05
      2013-08-06
      2013-08-07
      2013-08-08
      2013-08-09
      2013-08-10
      2013-08-11
      2013-08-12
      2013-08-13
      2013-08-14
      2013-08-15
      2013-08-16
      2013-08-17
      2013-08-18
      2013-08-19
      2013-08-20
      2013-08-21
      2013-08-22
      2013-08-23
      2013-08-24
      2013-08-25
      2013-08-26
      2013-08-27
      2013-08-28
      2013-08-29
      2013-08-30
      2013-08-31
      2013-09-01
      2013-09-02
      2013-09-03
      2013-09-04
      2013-09-05
      2013-09-06
      2013-09-07
      2013-09-08
      2013-09-09
      2013-09-10
      2013-09-11
      2013-09-12
      2013-09-13
      2013-09-14
      2013-09-15
      2013-09-16
      2013-09-17
      2013-09-18
      2013-09-19
      2013-09-20
      2013-09-21
      2013-09-22
      2013-09-23
      2013-09-24
      2013-09-25
      2013-09-26
      2013-09-27
      2013-09-28
      2013-09-29
      2013-09-30
      2013-10-01
      2013-10-02
      2013-10-03
      2013-10-04
      2013-10-05
      2013-10-06
      2013-10-07
      2013-10-08
      2013-10-09
      2013-10-10
      2013-10-11
      2013-10-12
      2013-10-13
      2013-10-14
      2013-10-15
      2013-10-16
      2013-10-17
      2013-10-18
      2013-10-19
      2013-10-20
      2013-10-21
      2013-10-22
      2013-10-23
      2013-10-24
      2013-10-25
      2013-10-26
      2013-10-27
      2013-10-28
      2013-10-29
      2013-10-30
      2013-10-31
      2013-11-01
      2013-11-02
      2013-11-03
      2013-11-04
      2013-11-05
      2013-11-06
      2013-11-07
      2013-11-08
      2013-11-09
      2013-11-10
      2013-11-11
      2013-11-12
      2013-11-13
      2013-11-14
      2013-11-15
      2013-11-16
      2013-11-17
      2013-11-18
      2013-11-19
      2013-11-20
      2013-11-21
      2013-11-22
      2013-11-23
      2013-11-24
      2013-11-25
      2013-11-26
      2013-11-27
      2013-11-28
      2013-11-29
      2013-11-30
      2013-12-01
      2013-12-02
      2013-12-03
      2013-12-04
      2013-12-05
      2013-12-06
      2013-12-07
      2013-12-08
      2013-12-09
      2013-12-10
      2013-12-11
      2013-12-12
      2013-12-13
      2013-12-14
      2013-12-15
      2013-12-16
      2013-12-17
      2013-12-18
      2013-12-19
      2013-12-20
      2013-12-21
      2013-12-22
      2013-12-23
      2013-12-24
      2013-12-25
      2013-12-26
      2013-12-27
      2013-12-28
      2013-12-29
      2013-12-30
      2013-12-31
 - Saving the year/seasonal rainfall realizations
 
Computing modelled (ERA5_LongRange) climatologies at stations for 08_AlignOBS_CleanSTVL (Coeff_Grid2Point=20) with a minimum of 75% of days over the considered period with valid observations
 - Computing the independent rainfall realizations for the year/seasonal climatologies. Processing 24-hourly accumulation period ending on:
      2013-01-01
      2013-01-02
      2013-01-03
      2013-01-04
      2013-01-05
      2013-01-06
      2013-01-07
      2013-01-08
      2013-01-09
      2013-01-10
      2013-01-11
      2013-01-12
      2013-01-13
      2013-01-14
      2013-01-15
      2013-01-16
      2013-01-17
      2013-01-18
      2013-01-19
      2013-01-20
      2013-01-21
      2013-01-22
      2013-01-23
      2013-01-24
      2013-01-25
      2013-01-26
      2013-01-27
      2013-01-28
      2013-01-29
      2013-01-30
      2013-01-31
      2013-02-01
      2013-02-02
      2013-02-03
      2013-02-04
      2013-02-05
      2013-02-06
      2013-02-07
      2013-02-08
      2013-02-09
      2013-02-10
      2013-02-11
      2013-02-12
      2013-02-13
      2013-02-14
      2013-02-15
      2013-02-16
      2013-02-17
      2013-02-18
      2013-02-19
      2013-02-20
      2013-02-21
      2013-02-22
      2013-02-23
      2013-02-24
      2013-02-25
      2013-02-26
      2013-02-27
      2013-02-28
      2013-03-01
      2013-03-02
      2013-03-03
      2013-03-04
      2013-03-05
      2013-03-06
      2013-03-07
      2013-03-08
      2013-03-09
      2013-03-10
      2013-03-11
      2013-03-12
      2013-03-13
      2013-03-14
      2013-03-15
      2013-03-16
      2013-03-17
      2013-03-18
      2013-03-19
      2013-03-20
      2013-03-21
      2013-03-22
      2013-03-23
      2013-03-24
      2013-03-25
      2013-03-26
      2013-03-27
      2013-03-28
      2013-03-29
      2013-03-30
      2013-03-31
      2013-04-01
      2013-04-02
      2013-04-03
      2013-04-04
      2013-04-05
      2013-04-06
      2013-04-07
      2013-04-08
      2013-04-09
      2013-04-10
      2013-04-11
      2013-04-12
      2013-04-13
      2013-04-14
      2013-04-15
      2013-04-16
      2013-04-17
      2013-04-18
      2013-04-19
      2013-04-20
      2013-04-21
      2013-04-22
      2013-04-23
      2013-04-24
      2013-04-25
      2013-04-26
      2013-04-27
      2013-04-28
      2013-04-29
      2013-04-30
      2013-05-01
      2013-05-02
      2013-05-03
      2013-05-04
      2013-05-05
      2013-05-06
      2013-05-07
      2013-05-08
      2013-05-09
      2013-05-10
      2013-05-11
      2013-05-12
      2013-05-13
      2013-05-14
      2013-05-15
      2013-05-16
      2013-05-17
      2013-05-18
      2013-05-19
      2013-05-20
      2013-05-21
      2013-05-22
      2013-05-23
      2013-05-24
      2013-05-25
      2013-05-26
      2013-05-27
      2013-05-28
      2013-05-29
      2013-05-30
      2013-05-31
      2013-06-01
      2013-06-02
      2013-06-03
      2013-06-04
      2013-06-05
      2013-06-06
      2013-06-07
      2013-06-08
      2013-06-09
      2013-06-10
      2013-06-11
      2013-06-12
      2013-06-13
      2013-06-14
      2013-06-15
      2013-06-16
      2013-06-17
      2013-06-18
      2013-06-19
      2013-06-20
      2013-06-21
      2013-06-22
      2013-06-23
      2013-06-24
      2013-06-25
      2013-06-26
      2013-06-27
      2013-06-28
      2013-06-29
      2013-06-30
      2013-07-01
      2013-07-02
      2013-07-03
      2013-07-04
      2013-07-05
      2013-07-06
      2013-07-07
      2013-07-08
      2013-07-09
      2013-07-10
      2013-07-11
      2013-07-12
      2013-07-13
      2013-07-14
      2013-07-15
      2013-07-16
      2013-07-17
      2013-07-18
      2013-07-19
      2013-07-20
      2013-07-21
      2013-07-22
      2013-07-23
      2013-07-24
      2013-07-25
      2013-07-26
      2013-07-27
      2013-07-28
      2013-07-29
      2013-07-30
      2013-07-31
      2013-08-01
      2013-08-02
      2013-08-03
      2013-08-04
      2013-08-05
      2013-08-06
      2013-08-07
      2013-08-08
      2013-08-09
      2013-08-10
      2013-08-11
      2013-08-12
      2013-08-13
      2013-08-14
      2013-08-15
      2013-08-16
      2013-08-17
      2013-08-18
      2013-08-19
      2013-08-20
      2013-08-21
      2013-08-22
      2013-08-23
      2013-08-24
      2013-08-25
      2013-08-26
      2013-08-27
      2013-08-28
      2013-08-29
      2013-08-30
      2013-08-31
      2013-09-01
      2013-09-02
      2013-09-03
      2013-09-04
      2013-09-05
      2013-09-06
      2013-09-07
      2013-09-08
      2013-09-09
      2013-09-10
      2013-09-11
      2013-09-12
      2013-09-13
      2013-09-14
      2013-09-15
      2013-09-16
      2013-09-17
      2013-09-18
      2013-09-19
      2013-09-20
      2013-09-21
      2013-09-22
      2013-09-23
      2013-09-24
      2013-09-25
      2013-09-26
      2013-09-27
      2013-09-28
      2013-09-29
      2013-09-30
      2013-10-01
      2013-10-02
      2013-10-03
      2013-10-04
      2013-10-05
      2013-10-06
      2013-10-07
      2013-10-08
      2013-10-09
      2013-10-10
      2013-10-11
      2013-10-12
      2013-10-13
      2013-10-14
      2013-10-15
      2013-10-16
      2013-10-17
      2013-10-18
      2013-10-19
      2013-10-20
      2013-10-21
      2013-10-22
      2013-10-23
      2013-10-24
      2013-10-25
      2013-10-26
      2013-10-27
      2013-10-28
      2013-10-29
      2013-10-30
      2013-10-31
      2013-11-01
      2013-11-02
      2013-11-03
      2013-11-04
      2013-11-05
      2013-11-06
      2013-11-07
      2013-11-08
      2013-11-09
      2013-11-10
      2013-11-11
      2013-11-12
      2013-11-13
      2013-11-14
      2013-11-15
      2013-11-16
      2013-11-17
      2013-11-18
      2013-11-19
      2013-11-20
      2013-11-21
      2013-11-22
      2013-11-23
      2013-11-24
      2013-11-25
      2013-11-26
      2013-11-27
      2013-11-28
      2013-11-29
      2013-11-30
      2013-12-01
      2013-12-02
      2013-12-03
      2013-12-04
      2013-12-05
      2013-12-06
      2013-12-07
      2013-12-08
      2013-12-09
      2013-12-10
      2013-12-11
      2013-12-12
      2013-12-13
      2013-12-14
      2013-12-15
      2013-12-16
      2013-12-17
      2013-12-18
      2013-12-19
      2013-12-20
      2013-12-21
      2013-12-22
      2013-12-23
      2013-12-24
      2013-12-25
      2013-12-26
      2013-12-27
      2013-12-28
      2013-12-29
      2013-12-30
      2013-12-31
 - Saving the year/seasonal rainfall realizations
 
Computing modelled (ERA5_EDA_LongRange) climatologies at stations for 08_AlignOBS_CleanSTVL (Coeff_Grid2Point=20) with a minimum of 75% of days over the considered period with valid observations
 - Computing the independent rainfall realizations for the year/seasonal climatologies. Processing 24-hourly accumulation period ending on:
      2013-01-01
      2013-01-02
      2013-01-03
      2013-01-04
      2013-01-05
      2013-01-06
      2013-01-07
      2013-01-08
      2013-01-09
      2013-01-10
      2013-01-11
      2013-01-12
      2013-01-13
      2013-01-14
      2013-01-15
      2013-01-16
      2013-01-17
      2013-01-18
      2013-01-19
      2013-01-20
      2013-01-21
      2013-01-22
      2013-01-23
      2013-01-24
      2013-01-25
      2013-01-26
      2013-01-27
      2013-01-28
      2013-01-29
      2013-01-30
      2013-01-31
      2013-02-01
      2013-02-02
      2013-02-03
      2013-02-04
      2013-02-05
      2013-02-06
      2013-02-07
      2013-02-08
      2013-02-09
      2013-02-10
      2013-02-11
      2013-02-12
      2013-02-13
      2013-02-14
      2013-02-15
      2013-02-16
      2013-02-17
      2013-02-18
      2013-02-19
      2013-02-20
      2013-02-21
      2013-02-22
      2013-02-23
      2013-02-24
      2013-02-25
      2013-02-26
      2013-02-27
      2013-02-28
      2013-03-01
      2013-03-02
      2013-03-03
      2013-03-04
      2013-03-05
      2013-03-06
      2013-03-07
      2013-03-08
      2013-03-09
      2013-03-10
      2013-03-11
      2013-03-12
      2013-03-13
      2013-03-14
      2013-03-15
      2013-03-16
      2013-03-17
      2013-03-18
      2013-03-19
      2013-03-20
      2013-03-21
      2013-03-22
      2013-03-23
      2013-03-24
      2013-03-25
      2013-03-26
      2013-03-27
      2013-03-28
      2013-03-29
      2013-03-30
      2013-03-31
      2013-04-01
      2013-04-02
      2013-04-03
      2013-04-04
      2013-04-05
      2013-04-06
      2013-04-07
      2013-04-08
      2013-04-09
      2013-04-10
      2013-04-11
      2013-04-12
      2013-04-13
      2013-04-14
      2013-04-15
      2013-04-16
      2013-04-17
      2013-04-18
      2013-04-19
      2013-04-20
      2013-04-21
      2013-04-22
      2013-04-23
      2013-04-24
      2013-04-25
      2013-04-26
      2013-04-27
      2013-04-28
      2013-04-29
      2013-04-30
      2013-05-01
      2013-05-02
      2013-05-03
      2013-05-04
      2013-05-05
      2013-05-06
      2013-05-07
      2013-05-08
      2013-05-09
      2013-05-10
      2013-05-11
      2013-05-12
      2013-05-13
      2013-05-14
      2013-05-15
      2013-05-16
      2013-05-17
      2013-05-18
      2013-05-19
      2013-05-20
      2013-05-21
      2013-05-22
      2013-05-23
      2013-05-24
      2013-05-25
      2013-05-26
      2013-05-27
      2013-05-28
      2013-05-29
      2013-05-30
      2013-05-31
      2013-06-01
      2013-06-02
      2013-06-03
      2013-06-04
      2013-06-05
      2013-06-06
      2013-06-07
      2013-06-08
      2013-06-09
      2013-06-10
      2013-06-11
      2013-06-12
      2013-06-13
      2013-06-14
      2013-06-15
      2013-06-16
      2013-06-17
      2013-06-18
      2013-06-19
      2013-06-20
      2013-06-21
      2013-06-22
      2013-06-23
      2013-06-24
      2013-06-25
      2013-06-26
      2013-06-27
      2013-06-28
      2013-06-29
      2013-06-30
      2013-07-01
      2013-07-02
      2013-07-03
      2013-07-04
      2013-07-05
      2013-07-06
      2013-07-07
      2013-07-08
      2013-07-09
      2013-07-10
      2013-07-11
      2013-07-12
      2013-07-13
      2013-07-14
      2013-07-15
      2013-07-16
      2013-07-17
      2013-07-18
      2013-07-19
      2013-07-20
      2013-07-21
      2013-07-22
      2013-07-23
      2013-07-24
      2013-07-25
      2013-07-26
      2013-07-27
      2013-07-28
      2013-07-29
      2013-07-30
      2013-07-31
      2013-08-01
      2013-08-02
      2013-08-03
      2013-08-04
      2013-08-05
      2013-08-06
      2013-08-07
      2013-08-08
      2013-08-09
      2013-08-10
      2013-08-11
      2013-08-12
      2013-08-13
      2013-08-14
      2013-08-15
      2013-08-16
      2013-08-17
      2013-08-18
      2013-08-19
      2013-08-20
      2013-08-21
      2013-08-22
      2013-08-23
      2013-08-24
      2013-08-25
      2013-08-26
      2013-08-27
      2013-08-28
      2013-08-29
      2013-08-30
      2013-08-31
      2013-09-01
      2013-09-02
      2013-09-03
      2013-09-04
      2013-09-05
      2013-09-06
      2013-09-07
      2013-09-08
      2013-09-09
      2013-09-10
      2013-09-11
      2013-09-12
      2013-09-13
      2013-09-14
      2013-09-15
      2013-09-16
      2013-09-17
      2013-09-18
      2013-09-19
      2013-09-20
      2013-09-21
      2013-09-22
      2013-09-23
      2013-09-24
      2013-09-25
      2013-09-26
      2013-09-27
      2013-09-28
      2013-09-29
      2013-09-30
      2013-10-01
      2013-10-02
      2013-10-03
      2013-10-04
      2013-10-05
      2013-10-06
      2013-10-07
      2013-10-08
      2013-10-09
      2013-10-10
      2013-10-11
      2013-10-12
      2013-10-13
      2013-10-14
      2013-10-15
      2013-10-16
      2013-10-17
      2013-10-18
      2013-10-19
      2013-10-20
      2013-10-21
      2013-10-22
      2013-10-23
      2013-10-24
      2013-10-25
      2013-10-26
      2013-10-27
      2013-10-28
      2013-10-29
      2013-10-30
      2013-10-31
      2013-11-01
      2013-11-02
      2013-11-03
      2013-11-04
      2013-11-05
      2013-11-06
      2013-11-07
      2013-11-08
      2013-11-09
      2013-11-10
      2013-11-11
      2013-11-12
      2013-11-13
      2013-11-14
      2013-11-15
      2013-11-16
      2013-11-17
      2013-11-18
      2013-11-19
      2013-11-20
      2013-11-21
      2013-11-22
      2013-11-23
      2013-11-24
      2013-11-25
      2013-11-26
      2013-11-27
      2013-11-28
      2013-11-29
      2013-11-30
      2013-12-01
      2013-12-02
      2013-12-03
      2013-12-04
      2013-12-05
      2013-12-06
      2013-12-07
      2013-12-08
      2013-12-09
      2013-12-10
      2013-12-11
      2013-12-12
      2013-12-13
      2013-12-14
      2013-12-15
      2013-12-16
      2013-12-17
      2013-12-18
      2013-12-19
      2013-12-20
      2013-12-21
      2013-12-22
      2013-12-23
      2013-12-24
      2013-12-25
      2013-12-26
      2013-12-27
      2013-12-28
      2013-12-29
      2013-12-30
      2013-12-31
 - Saving the year/seasonal rainfall realizations
 
Computing modelled (ERA5_ecPoint/Grid_BC_VALS) climatologies at stations for 08_AlignOBS_CleanSTVL (Coeff_Grid2Point=20) with a minimum of 75% of days over the considered period with valid observations
 - Computing the independent rainfall realizations for the year/seasonal climatologies. Processing 24-hourly accumulation period ending on:
      2013-01-01
      2013-01-02
      2013-01-03
      2013-01-04
      2013-01-05
      2013-01-06
      2013-01-07
      2013-01-08
      2013-01-09
      2013-01-10
      2013-01-11
      2013-01-12
      2013-01-13
      2013-01-14
      2013-01-15
      2013-01-16
      2013-01-17
      2013-01-18
      2013-01-19
      2013-01-20
      2013-01-21
      2013-01-22
      2013-01-23
      2013-01-24
      2013-01-25
      2013-01-26
      2013-01-27
      2013-01-28
      2013-01-29
      2013-01-30
      2013-01-31
      2013-02-01
      2013-02-02
      2013-02-03
      2013-02-04
      2013-02-05
      2013-02-06
      2013-02-07
      2013-02-08
      2013-02-09
      2013-02-10
      2013-02-11
      2013-02-12
      2013-02-13
      2013-02-14
      2013-02-15
      2013-02-16
      2013-02-17
      2013-02-18
      2013-02-19
      2013-02-20
      2013-02-21
      2013-02-22
      2013-02-23
      2013-02-24
      2013-02-25
      2013-02-26
      2013-02-27
      2013-02-28
      2013-03-01
      2013-03-02
      2013-03-03
      2013-03-04
      2013-03-05
      2013-03-06
      2013-03-07
      2013-03-08
      2013-03-09
      2013-03-10
      2013-03-11
      2013-03-12
      2013-03-13
      2013-03-14
      2013-03-15
      2013-03-16
      2013-03-17
      2013-03-18
      2013-03-19
      2013-03-20
      2013-03-21
      2013-03-22
      2013-03-23
      2013-03-24
      2013-03-25
      2013-03-26
      2013-03-27
      2013-03-28
      2013-03-29
      2013-03-30
      2013-03-31
      2013-04-01
      2013-04-02
      2013-04-03
      2013-04-04
      2013-04-05
      2013-04-06
      2013-04-07
      2013-04-08
      2013-04-09
      2013-04-10
      2013-04-11
      2013-04-12
      2013-04-13
      2013-04-14
      2013-04-15
      2013-04-16
      2013-04-17
      2013-04-18
      2013-04-19
      2013-04-20
      2013-04-21
      2013-04-22
      2013-04-23
      2013-04-24
      2013-04-25
      2013-04-26
      2013-04-27
      2013-04-28
      2013-04-29
      2013-04-30
      2013-05-01
      2013-05-02
      2013-05-03
      2013-05-04
      2013-05-05
      2013-05-06
      2013-05-07
      2013-05-08
      2013-05-09
      2013-05-10
      2013-05-11
      2013-05-12
      2013-05-13
      2013-05-14
      2013-05-15
      2013-05-16
      2013-05-17
      2013-05-18
      2013-05-19
      2013-05-20
      2013-05-21
      2013-05-22
      2013-05-23
      2013-05-24
      2013-05-25
      2013-05-26
      2013-05-27
      2013-05-28
      2013-05-29
      2013-05-30
      2013-05-31
      2013-06-01
      2013-06-02
      2013-06-03
      2013-06-04
      2013-06-05
      2013-06-06
      2013-06-07
      2013-06-08
      2013-06-09
      2013-06-10
      2013-06-11
      2013-06-12
      2013-06-13
      2013-06-14
      2013-06-15
      2013-06-16
      2013-06-17
      2013-06-18
      2013-06-19
      2013-06-20
      2013-06-21
      2013-06-22
      2013-06-23
      2013-06-24
      2013-06-25
      2013-06-26
      2013-06-27
      2013-06-28
      2013-06-29
      2013-06-30
      2013-07-01
      2013-07-02
      2013-07-03
      2013-07-04
      2013-07-05
      2013-07-06
      2013-07-07
      2013-07-08
      2013-07-09
      2013-07-10
      2013-07-11
      2013-07-12
      2013-07-13
      2013-07-14
      2013-07-15
      2013-07-16
      2013-07-17
      2013-07-18
      2013-07-19
      2013-07-20
      2013-07-21
      2013-07-22
      2013-07-23
      2013-07-24
      2013-07-25
      2013-07-26
      2013-07-27
      2013-07-28
      2013-07-29
      2013-07-30
      2013-07-31
      2013-08-01
      2013-08-02
      2013-08-03
      2013-08-04
      2013-08-05
      2013-08-06
      2013-08-07
      2013-08-08
      2013-08-09
      2013-08-10
      2013-08-11
      2013-08-12
      2013-08-13
      2013-08-14
      2013-08-15
      2013-08-16
      2013-08-17
      2013-08-18
      2013-08-19
      2013-08-20
      2013-08-21
      2013-08-22
      2013-08-23
      2013-08-24
      2013-08-25
      2013-08-26
      2013-08-27
      2013-08-28
      2013-08-29
      2013-08-30
      2013-08-31
      2013-09-01
      2013-09-02
      2013-09-03
      2013-09-04
      2013-09-05
      2013-09-06
      2013-09-07
      2013-09-08
      2013-09-09
      2013-09-10
      2013-09-11
      2013-09-12
      2013-09-13
      2013-09-14
      2013-09-15
      2013-09-16
      2013-09-17
      2013-09-18
      2013-09-19
      2013-09-20
      2013-09-21
      2013-09-22
      2013-09-23
      2013-09-24
      2013-09-25
      2013-09-26
      2013-09-27
      2013-09-28
      2013-09-29
      2013-09-30
      2013-10-01
      2013-10-02
      2013-10-03
      2013-10-04
      2013-10-05
      2013-10-06
      2013-10-07
      2013-10-08
      2013-10-09
      2013-10-10
      2013-10-11
      2013-10-12
      2013-10-13
      2013-10-14
      2013-10-15
      2013-10-16
      2013-10-17
      2013-10-18
      2013-10-19
      2013-10-20
      2013-10-21
      2013-10-22
      2013-10-23
      2013-10-24
      2013-10-25
      2013-10-26
      2013-10-27
      2013-10-28
      2013-10-29
      2013-10-30
      2013-10-31
      2013-11-01
      2013-11-02
      2013-11-03
      2013-11-04
      2013-11-05
      2013-11-06
      2013-11-07
      2013-11-08
      2013-11-09
      2013-11-10
      2013-11-11
      2013-11-12
      2013-11-13
      2013-11-14
      2013-11-15
      2013-11-16
      2013-11-17
      2013-11-18
      2013-11-19
      2013-11-20
      2013-11-21
      2013-11-22
      2013-11-23
      2013-11-24
      2013-11-25
      2013-11-26
      2013-11-27
      2013-11-28
      2013-11-29
      2013-11-30
      2013-12-01
      2013-12-02
      2013-12-03
      2013-12-04
      2013-12-05
      2013-12-06
      2013-12-07
      2013-12-08
      2013-12-09
      2013-12-10
      2013-12-11
      2013-12-12
      2013-12-13
      2013-12-14
      2013-12-15
      2013-12-16
      2013-12-17
      2013-12-18
      2013-12-19
      2013-12-20
      2013-12-21
      2013-12-22
      2013-12-23
      2013-12-24
      2013-12-25
      2013-12-26
      2013-12-27
      2013-12-28
      2013-12-29
      2013-12-30
      2013-12-31
 - Saving the year/seasonal rainfall realizations
 
Computing modelled (ERA5_ecPoint/Pt_BC_PERC) climatologies at stations for 08_AlignOBS_CleanSTVL (Coeff_Grid2Point=20) with a minimum of 75% of days over the considered period with valid observations
 - Computing the independent rainfall realizations for the year/seasonal climatologies. Processing 24-hourly accumulation period ending on:
      2013-01-01
      2013-01-02
      2013-01-03
      2013-01-04
      2013-01-05
      2013-01-06
      2013-01-07
      2013-01-08
      2013-01-09
      2013-01-10
      2013-01-11
      2013-01-12
      2013-01-13
      2013-01-14
      2013-01-15
      2013-01-16
      2013-01-17
      2013-01-18
      2013-01-19
      2013-01-20
      2013-01-21
      2013-01-22
      2013-01-23
      2013-01-24
      2013-01-25
      2013-01-26
      2013-01-27
      2013-01-28
      2013-01-29
      2013-01-30
      2013-01-31
      2013-02-01
      2013-02-02
      2013-02-03
      2013-02-04
      2013-02-05
      2013-02-06
      2013-02-07
      2013-02-08
      2013-02-09
      2013-02-10
      2013-02-11
      2013-02-12
      2013-02-13
      2013-02-14
      2013-02-15
      2013-02-16
      2013-02-17
      2013-02-18
      2013-02-19
      2013-02-20
      2013-02-21
      2013-02-22
      2013-02-23
      2013-02-24
      2013-02-25
      2013-02-26
      2013-02-27
      2013-02-28
      2013-03-01
      2013-03-02
      2013-03-03
      2013-03-04
      2013-03-05
      2013-03-06
      2013-03-07
      2013-03-08
      2013-03-09
      2013-03-10
      2013-03-11
      2013-03-12
      2013-03-13
      2013-03-14
      2013-03-15
      2013-03-16
      2013-03-17
      2013-03-18
      2013-03-19
      2013-03-20
      2013-03-21
      2013-03-22
      2013-03-23
      2013-03-24
      2013-03-25
      2013-03-26
      2013-03-27
      2013-03-28
      2013-03-29
      2013-03-30
      2013-03-31
      2013-04-01
      2013-04-02
      2013-04-03
      2013-04-04
      2013-04-05
      2013-04-06
      2013-04-07
      2013-04-08
      2013-04-09
      2013-04-10
      2013-04-11
      2013-04-12
      2013-04-13
      2013-04-14
      2013-04-15
      2013-04-16
      2013-04-17
      2013-04-18
      2013-04-19
      2013-04-20
      2013-04-21
      2013-04-22
      2013-04-23
      2013-04-24
      2013-04-25
      2013-04-26
      2013-04-27
      2013-04-28
      2013-04-29
      2013-04-30
      2013-05-01
      2013-05-02
      2013-05-03
      2013-05-04
      2013-05-05
      2013-05-06
      2013-05-07
      2013-05-08
      2013-05-09
      2013-05-10
      2013-05-11
      2013-05-12
      2013-05-13
      2013-05-14
      2013-05-15
      2013-05-16
      2013-05-17
      2013-05-18
      2013-05-19
      2013-05-20
      2013-05-21
      2013-05-22
      2013-05-23
      2013-05-24
      2013-05-25
      2013-05-26
      2013-05-27
      2013-05-28
      2013-05-29
      2013-05-30
      2013-05-31
      2013-06-01
      2013-06-02
      2013-06-03
      2013-06-04
      2013-06-05
      2013-06-06
      2013-06-07
      2013-06-08
      2013-06-09
      2013-06-10
      2013-06-11
      2013-06-12
      2013-06-13
      2013-06-14
      2013-06-15
      2013-06-16
      2013-06-17
      2013-06-18
      2013-06-19
      2013-06-20
      2013-06-21
      2013-06-22
      2013-06-23
      2013-06-24
      2013-06-25
      2013-06-26
      2013-06-27
      2013-06-28
      2013-06-29
      2013-06-30
      2013-07-01
      2013-07-02
      2013-07-03
      2013-07-04
      2013-07-05
      2013-07-06
      2013-07-07
      2013-07-08
      2013-07-09
      2013-07-10
      2013-07-11
      2013-07-12
      2013-07-13
      2013-07-14
      2013-07-15
      2013-07-16
      2013-07-17
      2013-07-18
      2013-07-19
      2013-07-20
      2013-07-21
      2013-07-22
      2013-07-23
      2013-07-24
      2013-07-25
      2013-07-26
      2013-07-27
      2013-07-28
      2013-07-29
      2013-07-30
      2013-07-31
      2013-08-01
      2013-08-02
      2013-08-03
      2013-08-04
      2013-08-05
      2013-08-06
      2013-08-07
      2013-08-08
      2013-08-09
      2013-08-10
      2013-08-11
      2013-08-12
      2013-08-13
      2013-08-14
      2013-08-15
      2013-08-16
      2013-08-17
      2013-08-18
      2013-08-19
      2013-08-20
      2013-08-21
      2013-08-22
      2013-08-23
      2013-08-24
      2013-08-25
      2013-08-26
      2013-08-27
      2013-08-28
      2013-08-29
      2013-08-30
      2013-08-31
      2013-09-01
      2013-09-02
      2013-09-03
      2013-09-04
      2013-09-05
      2013-09-06
      2013-09-07
      2013-09-08
      2013-09-09
      2013-09-10
      2013-09-11
      2013-09-12
      2013-09-13
      2013-09-14
      2013-09-15
      2013-09-16
      2013-09-17
      2013-09-18
      2013-09-19
      2013-09-20
      2013-09-21
      2013-09-22
      2013-09-23
      2013-09-24
      2013-09-25
      2013-09-26
      2013-09-27
      2013-09-28
      2013-09-29
      2013-09-30
      2013-10-01
      2013-10-02
      2013-10-03
      2013-10-04
      2013-10-05
      2013-10-06
      2013-10-07
      2013-10-08
      2013-10-09
      2013-10-10
      2013-10-11
      2013-10-12
      2013-10-13
      2013-10-14
      2013-10-15
      2013-10-16
      2013-10-17
      2013-10-18
      2013-10-19
      2013-10-20
      2013-10-21
      2013-10-22
      2013-10-23
      2013-10-24
      2013-10-25
      2013-10-26
      2013-10-27
      2013-10-28
      2013-10-29
      2013-10-30
      2013-10-31
      2013-11-01
      2013-11-02
      2013-11-03
      2013-11-04
      2013-11-05
      2013-11-06
      2013-11-07
      2013-11-08
      2013-11-09
      2013-11-10
      2013-11-11
      2013-11-12
      2013-11-13
      2013-11-14
      2013-11-15
      2013-11-16
      2013-11-17
      2013-11-18
      2013-11-19
      2013-11-20
      2013-11-21
      2013-11-22
      2013-11-23
      2013-11-24
      2013-11-25
      2013-11-26
      2013-11-27
      2013-11-28
      2013-11-29
      2013-11-30
      2013-12-01
      2013-12-02
      2013-12-03
      2013-12-04
      2013-12-05
      2013-12-06
      2013-12-07
      2013-12-08
      2013-12-09
      2013-12-10
      2013-12-11
      2013-12-12
      2013-12-13
      2013-12-14
      2013-12-15
      2013-12-16
      2013-12-17
      2013-12-18
      2013-12-19
      2013-12-20
      2013-12-21
      2013-12-22
      2013-12-23
      2013-12-24
      2013-12-25
      2013-12-26
      2013-12-27
      2013-12-28
      2013-12-29
      2013-12-30
      2013-12-31
 - Saving the year/seasonal rainfall realizations
[ECMWF-INFO -ecepilog] ----------------------------------------------------------------------------------------------------
[ECMWF-INFO -ecepilog] This is the ECMWF job Epilogue
[ECMWF-INFO -ecepilog] +++ Please report issues using the Support portal +++
[ECMWF-INFO -ecepilog] +++ https://support.ecmwf.int                     +++
[ECMWF-INFO -ecepilog] ----------------------------------------------------------------------------------------------------
[ECMWF-INFO -ecepilog] Run at 2023-08-17T21:47:50 on ac
[ECMWF-INFO -ecepilog] JobName                   : Extract_RainfallFC_atOBS
[ECMWF-INFO -ecepilog] JobID                     : 34131501
[ECMWF-INFO -ecepilog] Submit                    : 2023-08-17T20:41:09
[ECMWF-INFO -ecepilog] Start                     : 2023-08-17T20:41:45
[ECMWF-INFO -ecepilog] End                       : 2023-08-17T21:47:50
[ECMWF-INFO -ecepilog] QueuedTime                : 36.0
[ECMWF-INFO -ecepilog] ElapsedRaw                : 3965
[ECMWF-INFO -ecepilog] ExitCode                  : 0:0
[ECMWF-INFO -ecepilog] DerivedExitCode           : 0:0
[ECMWF-INFO -ecepilog] State                     : COMPLETED
[ECMWF-INFO -ecepilog] Account                   : ecodmdmo
[ECMWF-INFO -ecepilog] QOS                       : nf
[ECMWF-INFO -ecepilog] User                      : mofp
[ECMWF-INFO -ecepilog] StdOut                    : /etc/ecmwf/vol/ecpoint_dev/mofp/Papers_2_Write/ecPoint_Climate/Scripts/Processed/LogATOS/Extract_RainfallFC_atOBS-34131501.out
[ECMWF-INFO -ecepilog] StdErr                    : /etc/ecmwf/vol/ecpoint_dev/mofp/Papers_2_Write/ecPoint_Climate/Scripts/Processed/LogATOS/Extract_RainfallFC_atOBS-34131501.out
[ECMWF-INFO -ecepilog] NNodes                    : 1
[ECMWF-INFO -ecepilog] NCPUS                     : 2
[ECMWF-INFO -ecepilog] SBU                       : 20.827
[ECMWF-INFO -ecepilog] ----------------------------------------------------------------------------------------------------

