[ECMWF-INFO -sbatch] - -------------------------------------------------------------------------------------
[ECMWF-INFO -sbatch] -  This is the ECMWF jobfilter
[ECMWF-INFO -sbatch] -  +++ Please report issues using the Support portal +++
[ECMWF-INFO -sbatch] -  +++ https://support.ecmwf.int                     +++
[ECMWF-INFO -sbatch] -  /usr/local/bin/ecsbatch: size: 48802, mtime: Mon Jul  3 10:31:21 2023
[ECMWF-INFO -sbatch] - -------------------------------------------------------------------------------------
[ECMWF-INFO -sbatch] - Time at submit: Thu Aug 17 20:41:07 2023 (1692304867.612379) on ac6-100.bullx:/etc/ecmwf/vol/ecpoint_dev/mofp/Papers_2_Write/ecPoint_Climate/Scripts/Processed
[ECMWF-INFO -sbatch] - --- SLURM VARIABLES ---
[ECMWF-INFO -sbatch] - EC_CLUSTER=ac
[ECMWF-INFO -sbatch] - SLURM_EXPORT_ENV=ALL
[ECMWF-INFO -sbatch] - SBATCH_EXPORT=NONE
[ECMWF-INFO -sbatch] - -----------------------
[ECMWF-INFO -sbatch] - jobscript: /etc/ecmwf/vol/ecpoint_dev/mofp/Papers_2_Write/ecPoint_Climate/Scripts/Processed/10a_SubmitATOS_Extract_RainfallFC_atOBS.sh
[ECMWF-INFO -sbatch] - --- SCRIPT OPTIONS ---
[ECMWF-INFO -sbatch] - #SBATCH --job-name=Extract_RainfallFC_atOBS
[ECMWF-INFO -sbatch] - #SBATCH --output=LogATOS/Extract_RainfallFC_atOBS-%J.out
[ECMWF-INFO -sbatch] - #SBATCH --error=LogATOS/Extract_RainfallFC_atOBS-%J.out
[ECMWF-INFO -sbatch] - #SBATCH --cpus-per-task=1
[ECMWF-INFO -sbatch] - #SBATCH --mem=64G
[ECMWF-INFO -sbatch] - #SBATCH --qos=nf
[ECMWF-INFO -sbatch] - #SBATCH --mail-type=FAIL
[ECMWF-INFO -sbatch] - #SBATCH --mail-user=fatima.pillosu@ecmwf.int
[ECMWF-INFO -sbatch] - -----------------------
[ECMWF-INFO -sbatch] - --- POST-PROCESSED OPTIONS ---
[ECMWF-INFO -sbatch] - ARG --positional=['10a_SubmitATOS_Extract_RainfallFC_atOBS.sh', '2002', 'ERA5_ShortRange,ERA5_EDA_ShortRange,ERA5_LongRange,ERA5_EDA_LongRange,ERA5_ecPoint/Grid_BC_VALS,ERA5_ecPoint/Pt_BC_PERC']
[ECMWF-INFO -sbatch] - ARG --cpus_per_task=1
[ECMWF-INFO -sbatch] - ARG --error=LogATOS/Extract_RainfallFC_atOBS-%J.out
[ECMWF-INFO -sbatch] - ARG --job_name=Extract_RainfallFC_atOBS
[ECMWF-INFO -sbatch] - ARG --mail_type=FAIL
[ECMWF-INFO -sbatch] - ARG --mail_user=fatima.pillosu@ecmwf.int
[ECMWF-INFO -sbatch] - ARG --output=LogATOS/Extract_RainfallFC_atOBS-%J.out
[ECMWF-INFO -sbatch] - ARG --qos=nf
[ECMWF-INFO -sbatch] - ARG --mem=64G
[ECMWF-INFO -sbatch] - ------------------------------
[ECMWF-INFO -sbatch] - jobtag: mofp-Extract_Ra_llFC_atOBS-1x2-/etc/ecmwf/vol/ecpoint_dev/mofp/Papers_2_Write/ecPoint_Climate/Scripts/Processed/LogATOS/Extract_RainfallFC_atOBS-_.out
[ECMWF-INFO -sbatch] - ['/usr/bin/sbatch', '--cpus-per-task=1', '--error=LogATOS/Extract_RainfallFC_atOBS-%J.out', '--job-name=Extract_RainfallFC_atOBS', '--mail-type=FAIL', '--mail-user=fatima.pillosu@ecmwf.int', '--output=LogATOS/Extract_RainfallFC_atOBS-%J.out', '--qos=nf', '--mem=64G', '--licenses=h2resw01', '--time=1-00:00:00', '/etc/ecmwf/vol/ecpoint_dev/mofp/Papers_2_Write/ecPoint_Climate/Scripts/Processed/10a_SubmitATOS_Extract_RainfallFC_atOBS.sh', '2002', 'ERA5_ShortRange,ERA5_EDA_ShortRange,ERA5_LongRange,ERA5_EDA_LongRange,ERA5_ecPoint/Grid_BC_VALS,ERA5_ecPoint/Pt_BC_PERC']
[ECMWF-INFO -sbatch] - sbatch executed on ac
[ECMWF-INFO -sbatch] - Job queued on ac using method local
[ECMWF-INFO -sbatch] - Submitted batch job 34131489
[ECMWF-INFO -ecprofile] /usr/bin/bash NON_INTERACTIVE on ac6-130 at 20230817_204148.898, PID: 1297222, JOBID: 34131489
[ECMWF-INFO -ecprofile] $SCRATCH=/ec/res4/scratch/mofp
[ECMWF-INFO -ecprofile] $PERM=/perm/mofp
[ECMWF-INFO -ecprofile] $HPCPERM=/ec/res4/hpcperm/mofp
[ECMWF-INFO -ecprofile] $TMPDIR=/etc/ecmwf/ssd/ssd1/tmpdirs/mofp.34131489
[ECMWF-INFO -ecprofile] $SCRATCHDIR=/ec/res4/scratchdir/mofp/1/34131489
/etc/ecmwf/vol/ecpoint_dev/mofp/Papers_2_Write/ecPoint_Climate/Scripts/Processed/10_Compute_Extract_RainfallFC_atOBS.py:437: RuntimeWarning: invalid value encountered in multiply
  tp_DJF = np.float16(np.empty([NumStations, NumRealizations_DJF]) * np.nan)
 
Computing modelled (ERA5_ShortRange) climatologies at stations for 08_AlignOBS_CleanSTVL (Coeff_Grid2Point=20) with a minimum of 75% of days over the considered period with valid observations
 - Computing the independent rainfall realizations for the year/seasonal climatologies. Processing 24-hourly accumulation period ending on:
      2002-01-02
      2002-01-03
      2002-01-04
      2002-01-05
      2002-01-06
      2002-01-07
      2002-01-08
      2002-01-09
      2002-01-10
      2002-01-11
      2002-01-12
      2002-01-13
      2002-01-14
      2002-01-15
      2002-01-16
      2002-01-17
      2002-01-18
      2002-01-19
      2002-01-20
      2002-01-21
      2002-01-22
      2002-01-23
      2002-01-24
      2002-01-25
      2002-01-26
      2002-01-27
      2002-01-28
      2002-01-29
      2002-01-30
      2002-01-31
      2002-02-01
      2002-02-02
      2002-02-03
      2002-02-04
      2002-02-05
      2002-02-06
      2002-02-07
      2002-02-08
      2002-02-09
      2002-02-10
      2002-02-11
      2002-02-12
      2002-02-13
      2002-02-14
      2002-02-15
      2002-02-16
      2002-02-17
      2002-02-18
      2002-02-19
      2002-02-20
      2002-02-21
      2002-02-22
      2002-02-23
      2002-02-24
      2002-02-25
      2002-02-26
      2002-02-27
      2002-02-28
      2002-03-01
      2002-03-02
      2002-03-03
      2002-03-04
      2002-03-05
      2002-03-06
      2002-03-07
      2002-03-08
      2002-03-09
      2002-03-10
      2002-03-11
      2002-03-12
      2002-03-13
      2002-03-14
      2002-03-15
      2002-03-16
      2002-03-17
      2002-03-18
      2002-03-19
      2002-03-20
      2002-03-21
      2002-03-22
      2002-03-23
      2002-03-24
      2002-03-25
      2002-03-26
      2002-03-27
      2002-03-28
      2002-03-29
      2002-03-30
      2002-03-31
      2002-04-01
      2002-04-02
      2002-04-03
      2002-04-04
      2002-04-05
      2002-04-06
      2002-04-07
      2002-04-08
      2002-04-09
      2002-04-10
      2002-04-11
      2002-04-12
      2002-04-13
      2002-04-14
      2002-04-15
      2002-04-16
      2002-04-17
      2002-04-18
      2002-04-19
      2002-04-20
      2002-04-21
      2002-04-22
      2002-04-23
      2002-04-24
      2002-04-25
      2002-04-26
      2002-04-27
      2002-04-28
      2002-04-29
      2002-04-30
      2002-05-01
      2002-05-02
      2002-05-03
      2002-05-04
      2002-05-05
      2002-05-06
      2002-05-07
      2002-05-08
      2002-05-09
      2002-05-10
      2002-05-11
      2002-05-12
      2002-05-13
      2002-05-14
      2002-05-15
      2002-05-16
      2002-05-17
      2002-05-18
      2002-05-19
      2002-05-20
      2002-05-21
      2002-05-22
      2002-05-23
      2002-05-24
      2002-05-25
      2002-05-26
      2002-05-27
      2002-05-28
      2002-05-29
      2002-05-30
      2002-05-31
      2002-06-01
      2002-06-02
      2002-06-03
      2002-06-04
      2002-06-05
      2002-06-06
      2002-06-07
      2002-06-08
      2002-06-09
      2002-06-10
      2002-06-11
      2002-06-12
      2002-06-13
      2002-06-14
      2002-06-15
      2002-06-16
      2002-06-17
      2002-06-18
      2002-06-19
      2002-06-20
      2002-06-21
      2002-06-22
      2002-06-23
      2002-06-24
      2002-06-25
      2002-06-26
      2002-06-27
      2002-06-28
      2002-06-29
      2002-06-30
      2002-07-01
      2002-07-02
      2002-07-03
      2002-07-04
      2002-07-05
      2002-07-06
      2002-07-07
      2002-07-08
      2002-07-09
      2002-07-10
      2002-07-11
      2002-07-12
      2002-07-13
      2002-07-14
      2002-07-15
      2002-07-16
      2002-07-17
      2002-07-18
      2002-07-19
      2002-07-20
      2002-07-21
      2002-07-22
      2002-07-23
      2002-07-24
      2002-07-25
      2002-07-26
      2002-07-27
      2002-07-28
      2002-07-29
      2002-07-30
      2002-07-31
      2002-08-01
      2002-08-02
      2002-08-03
      2002-08-04
      2002-08-05
      2002-08-06
      2002-08-07
      2002-08-08
      2002-08-09
      2002-08-10
      2002-08-11
      2002-08-12
      2002-08-13
      2002-08-14
      2002-08-15
      2002-08-16
      2002-08-17
      2002-08-18
      2002-08-19
      2002-08-20
      2002-08-21
      2002-08-22
      2002-08-23
      2002-08-24
      2002-08-25
      2002-08-26
      2002-08-27
      2002-08-28
      2002-08-29
      2002-08-30
      2002-08-31
      2002-09-01
      2002-09-02
      2002-09-03
      2002-09-04
      2002-09-05
      2002-09-06
      2002-09-07
      2002-09-08
      2002-09-09
      2002-09-10
      2002-09-11
      2002-09-12
      2002-09-13
      2002-09-14
      2002-09-15
      2002-09-16
      2002-09-17
      2002-09-18
      2002-09-19
      2002-09-20
      2002-09-21
      2002-09-22
      2002-09-23
      2002-09-24
      2002-09-25
      2002-09-26
      2002-09-27
      2002-09-28
      2002-09-29
      2002-09-30
      2002-10-01
      2002-10-02
      2002-10-03
      2002-10-04
      2002-10-05
      2002-10-06
      2002-10-07
      2002-10-08
      2002-10-09
      2002-10-10
      2002-10-11
      2002-10-12
      2002-10-13
      2002-10-14
      2002-10-15
      2002-10-16
      2002-10-17
      2002-10-18
      2002-10-19
      2002-10-20
      2002-10-21
      2002-10-22
      2002-10-23
      2002-10-24
      2002-10-25
      2002-10-26
      2002-10-27
      2002-10-28
      2002-10-29
      2002-10-30
      2002-10-31
      2002-11-01
      2002-11-02
      2002-11-03
      2002-11-04
      2002-11-05
      2002-11-06
      2002-11-07
      2002-11-08
      2002-11-09
      2002-11-10
      2002-11-11
      2002-11-12
      2002-11-13
      2002-11-14
      2002-11-15
      2002-11-16
      2002-11-17
      2002-11-18
      2002-11-19
      2002-11-20
      2002-11-21
      2002-11-22
      2002-11-23
      2002-11-24
      2002-11-25
      2002-11-26
      2002-11-27
      2002-11-28
      2002-11-29
      2002-11-30
      2002-12-01
      2002-12-02
      2002-12-03
      2002-12-04
      2002-12-05
      2002-12-06
      2002-12-07
      2002-12-08
      2002-12-09
      2002-12-10
      2002-12-11
      2002-12-12
      2002-12-13
      2002-12-14
      2002-12-15
      2002-12-16
      2002-12-17
      2002-12-18
      2002-12-19
      2002-12-20
      2002-12-21
      2002-12-22
      2002-12-23
      2002-12-24
      2002-12-25
      2002-12-26
      2002-12-27
      2002-12-28
      2002-12-29
      2002-12-30
      2002-12-31
 - Saving the year/seasonal rainfall realizations
 
Computing modelled (ERA5_EDA_ShortRange) climatologies at stations for 08_AlignOBS_CleanSTVL (Coeff_Grid2Point=20) with a minimum of 75% of days over the considered period with valid observations
 - Computing the independent rainfall realizations for the year/seasonal climatologies. Processing 24-hourly accumulation period ending on:
      2002-01-02
      2002-01-03
      2002-01-04
      2002-01-05
      2002-01-06
      2002-01-07
      2002-01-08
      2002-01-09
      2002-01-10
      2002-01-11
      2002-01-12
      2002-01-13
      2002-01-14
      2002-01-15
      2002-01-16
      2002-01-17
      2002-01-18
      2002-01-19
      2002-01-20
      2002-01-21
      2002-01-22
      2002-01-23
      2002-01-24
      2002-01-25
      2002-01-26
      2002-01-27
      2002-01-28
      2002-01-29
      2002-01-30
      2002-01-31
      2002-02-01
      2002-02-02
      2002-02-03
      2002-02-04
      2002-02-05
      2002-02-06
      2002-02-07
      2002-02-08
      2002-02-09
      2002-02-10
      2002-02-11
      2002-02-12
      2002-02-13
      2002-02-14
      2002-02-15
      2002-02-16
      2002-02-17
      2002-02-18
      2002-02-19
      2002-02-20
      2002-02-21
      2002-02-22
      2002-02-23
      2002-02-24
      2002-02-25
      2002-02-26
      2002-02-27
      2002-02-28
      2002-03-01
      2002-03-02
      2002-03-03
      2002-03-04
      2002-03-05
      2002-03-06
      2002-03-07
      2002-03-08
      2002-03-09
      2002-03-10
      2002-03-11
      2002-03-12
      2002-03-13
      2002-03-14
      2002-03-15
      2002-03-16
      2002-03-17
      2002-03-18
      2002-03-19
      2002-03-20
      2002-03-21
      2002-03-22
      2002-03-23
      2002-03-24
      2002-03-25
      2002-03-26
      2002-03-27
      2002-03-28
      2002-03-29
      2002-03-30
      2002-03-31
      2002-04-01
      2002-04-02
      2002-04-03
      2002-04-04
      2002-04-05
      2002-04-06
      2002-04-07
      2002-04-08
      2002-04-09
      2002-04-10
      2002-04-11
      2002-04-12
      2002-04-13
      2002-04-14
      2002-04-15
      2002-04-16
      2002-04-17
      2002-04-18
      2002-04-19
      2002-04-20
      2002-04-21
      2002-04-22
      2002-04-23
      2002-04-24
      2002-04-25
      2002-04-26
      2002-04-27
      2002-04-28
      2002-04-29
      2002-04-30
      2002-05-01
      2002-05-02
      2002-05-03
      2002-05-04
      2002-05-05
      2002-05-06
      2002-05-07
      2002-05-08
      2002-05-09
      2002-05-10
      2002-05-11
      2002-05-12
      2002-05-13
      2002-05-14
      2002-05-15
      2002-05-16
      2002-05-17
      2002-05-18
      2002-05-19
      2002-05-20
      2002-05-21
      2002-05-22
      2002-05-23
      2002-05-24
      2002-05-25
      2002-05-26
      2002-05-27
      2002-05-28
      2002-05-29
      2002-05-30
      2002-05-31
      2002-06-01
      2002-06-02
      2002-06-03
      2002-06-04
      2002-06-05
      2002-06-06
      2002-06-07
      2002-06-08
      2002-06-09
      2002-06-10
      2002-06-11
      2002-06-12
      2002-06-13
      2002-06-14
      2002-06-15
      2002-06-16
      2002-06-17
      2002-06-18
      2002-06-19
      2002-06-20
      2002-06-21
      2002-06-22
      2002-06-23
      2002-06-24
      2002-06-25
      2002-06-26
      2002-06-27
      2002-06-28
      2002-06-29
      2002-06-30
      2002-07-01
      2002-07-02
      2002-07-03
      2002-07-04
      2002-07-05
      2002-07-06
      2002-07-07
      2002-07-08
      2002-07-09
      2002-07-10
      2002-07-11
      2002-07-12
      2002-07-13
      2002-07-14
      2002-07-15
      2002-07-16
      2002-07-17
      2002-07-18
      2002-07-19
      2002-07-20
      2002-07-21
      2002-07-22
      2002-07-23
      2002-07-24
      2002-07-25
      2002-07-26
      2002-07-27
      2002-07-28
      2002-07-29
      2002-07-30
      2002-07-31
      2002-08-01
      2002-08-02
      2002-08-03
      2002-08-04
      2002-08-05
      2002-08-06
      2002-08-07
      2002-08-08
      2002-08-09
      2002-08-10
      2002-08-11
      2002-08-12
      2002-08-13
      2002-08-14
      2002-08-15
      2002-08-16
      2002-08-17
      2002-08-18
      2002-08-19
      2002-08-20
      2002-08-21
      2002-08-22
      2002-08-23
      2002-08-24
      2002-08-25
      2002-08-26
      2002-08-27
      2002-08-28
      2002-08-29
      2002-08-30
      2002-08-31
      2002-09-01
      2002-09-02
      2002-09-03
      2002-09-04
      2002-09-05
      2002-09-06
      2002-09-07
      2002-09-08
      2002-09-09
      2002-09-10
      2002-09-11
      2002-09-12
      2002-09-13
      2002-09-14
      2002-09-15
      2002-09-16
      2002-09-17
      2002-09-18
      2002-09-19
      2002-09-20
      2002-09-21
      2002-09-22
      2002-09-23
      2002-09-24
      2002-09-25
      2002-09-26
      2002-09-27
      2002-09-28
      2002-09-29
      2002-09-30
      2002-10-01
      2002-10-02
      2002-10-03
      2002-10-04
      2002-10-05
      2002-10-06
      2002-10-07
      2002-10-08
      2002-10-09
      2002-10-10
      2002-10-11
      2002-10-12
      2002-10-13
      2002-10-14
      2002-10-15
      2002-10-16
      2002-10-17
      2002-10-18
      2002-10-19
      2002-10-20
      2002-10-21
      2002-10-22
      2002-10-23
      2002-10-24
      2002-10-25
      2002-10-26
      2002-10-27
      2002-10-28
      2002-10-29
      2002-10-30
      2002-10-31
      2002-11-01
      2002-11-02
      2002-11-03
      2002-11-04
      2002-11-05
      2002-11-06
      2002-11-07
      2002-11-08
      2002-11-09
      2002-11-10
      2002-11-11
      2002-11-12
      2002-11-13
      2002-11-14
      2002-11-15
      2002-11-16
      2002-11-17
      2002-11-18
      2002-11-19
      2002-11-20
      2002-11-21
      2002-11-22
      2002-11-23
      2002-11-24
      2002-11-25
      2002-11-26
      2002-11-27
      2002-11-28
      2002-11-29
      2002-11-30
      2002-12-01
      2002-12-02
      2002-12-03
      2002-12-04
      2002-12-05
      2002-12-06
      2002-12-07
      2002-12-08
      2002-12-09
      2002-12-10
      2002-12-11
      2002-12-12
      2002-12-13
      2002-12-14
      2002-12-15
      2002-12-16
      2002-12-17
      2002-12-18
      2002-12-19
      2002-12-20
      2002-12-21
      2002-12-22
      2002-12-23
      2002-12-24
      2002-12-25
      2002-12-26
      2002-12-27
      2002-12-28
      2002-12-29
      2002-12-30
      2002-12-31
 - Saving the year/seasonal rainfall realizations
 
Computing modelled (ERA5_LongRange) climatologies at stations for 08_AlignOBS_CleanSTVL (Coeff_Grid2Point=20) with a minimum of 75% of days over the considered period with valid observations
 - Computing the independent rainfall realizations for the year/seasonal climatologies. Processing 24-hourly accumulation period ending on:
      2002-01-01
      2002-01-02
      2002-01-03
      2002-01-04
      2002-01-05
      2002-01-06
      2002-01-07
      2002-01-08
      2002-01-09
      2002-01-10
      2002-01-11
      2002-01-12
      2002-01-13
      2002-01-14
      2002-01-15
      2002-01-16
      2002-01-17
      2002-01-18
      2002-01-19
      2002-01-20
      2002-01-21
      2002-01-22
      2002-01-23
      2002-01-24
      2002-01-25
      2002-01-26
      2002-01-27
      2002-01-28
      2002-01-29
      2002-01-30
      2002-01-31
      2002-02-01
      2002-02-02
      2002-02-03
      2002-02-04
      2002-02-05
      2002-02-06
      2002-02-07
      2002-02-08
      2002-02-09
      2002-02-10
      2002-02-11
      2002-02-12
      2002-02-13
      2002-02-14
      2002-02-15
      2002-02-16
      2002-02-17
      2002-02-18
      2002-02-19
      2002-02-20
      2002-02-21
      2002-02-22
      2002-02-23
      2002-02-24
      2002-02-25
      2002-02-26
      2002-02-27
      2002-02-28
      2002-03-01
      2002-03-02
      2002-03-03
      2002-03-04
      2002-03-05
      2002-03-06
      2002-03-07
      2002-03-08
      2002-03-09
      2002-03-10
      2002-03-11
      2002-03-12
      2002-03-13
      2002-03-14
      2002-03-15
      2002-03-16
      2002-03-17
      2002-03-18
      2002-03-19
      2002-03-20
      2002-03-21
      2002-03-22
      2002-03-23
      2002-03-24
      2002-03-25
      2002-03-26
      2002-03-27
      2002-03-28
      2002-03-29
      2002-03-30
      2002-03-31
      2002-04-01
      2002-04-02
      2002-04-03
      2002-04-04
      2002-04-05
      2002-04-06
      2002-04-07
      2002-04-08
      2002-04-09
      2002-04-10
      2002-04-11
      2002-04-12
      2002-04-13
      2002-04-14
      2002-04-15
      2002-04-16
      2002-04-17
      2002-04-18
      2002-04-19
      2002-04-20
      2002-04-21
      2002-04-22
      2002-04-23
      2002-04-24
      2002-04-25
      2002-04-26
      2002-04-27
      2002-04-28
      2002-04-29
      2002-04-30
      2002-05-01
      2002-05-02
      2002-05-03
      2002-05-04
      2002-05-05
      2002-05-06
      2002-05-07
      2002-05-08
      2002-05-09
      2002-05-10
      2002-05-11
      2002-05-12
      2002-05-13
      2002-05-14
      2002-05-15
      2002-05-16
      2002-05-17
      2002-05-18
      2002-05-19
      2002-05-20
      2002-05-21
      2002-05-22
      2002-05-23
      2002-05-24
      2002-05-25
      2002-05-26
      2002-05-27
      2002-05-28
      2002-05-29
      2002-05-30
      2002-05-31
      2002-06-01
      2002-06-02
      2002-06-03
      2002-06-04
      2002-06-05
      2002-06-06
      2002-06-07
      2002-06-08
      2002-06-09
      2002-06-10
      2002-06-11
      2002-06-12
      2002-06-13
      2002-06-14
      2002-06-15
      2002-06-16
      2002-06-17
      2002-06-18
      2002-06-19
      2002-06-20
      2002-06-21
      2002-06-22
      2002-06-23
      2002-06-24
      2002-06-25
      2002-06-26
      2002-06-27
      2002-06-28
      2002-06-29
      2002-06-30
      2002-07-01
      2002-07-02
      2002-07-03
      2002-07-04
      2002-07-05
      2002-07-06
      2002-07-07
      2002-07-08
      2002-07-09
      2002-07-10
      2002-07-11
      2002-07-12
      2002-07-13
      2002-07-14
      2002-07-15
      2002-07-16
      2002-07-17
      2002-07-18
      2002-07-19
      2002-07-20
      2002-07-21
      2002-07-22
      2002-07-23
      2002-07-24
      2002-07-25
      2002-07-26
      2002-07-27
      2002-07-28
      2002-07-29
      2002-07-30
      2002-07-31
      2002-08-01
      2002-08-02
      2002-08-03
      2002-08-04
      2002-08-05
      2002-08-06
      2002-08-07
      2002-08-08
      2002-08-09
      2002-08-10
      2002-08-11
      2002-08-12
      2002-08-13
      2002-08-14
      2002-08-15
      2002-08-16
      2002-08-17
      2002-08-18
      2002-08-19
      2002-08-20
      2002-08-21
      2002-08-22
      2002-08-23
      2002-08-24
      2002-08-25
      2002-08-26
      2002-08-27
      2002-08-28
      2002-08-29
      2002-08-30
      2002-08-31
      2002-09-01
      2002-09-02
      2002-09-03
      2002-09-04
      2002-09-05
      2002-09-06
      2002-09-07
      2002-09-08
      2002-09-09
      2002-09-10
      2002-09-11
      2002-09-12
      2002-09-13
      2002-09-14
      2002-09-15
      2002-09-16
      2002-09-17
      2002-09-18
      2002-09-19
      2002-09-20
      2002-09-21
      2002-09-22
      2002-09-23
      2002-09-24
      2002-09-25
      2002-09-26
      2002-09-27
      2002-09-28
      2002-09-29
      2002-09-30
      2002-10-01
      2002-10-02
      2002-10-03
      2002-10-04
      2002-10-05
      2002-10-06
      2002-10-07
      2002-10-08
      2002-10-09
      2002-10-10
      2002-10-11
      2002-10-12
      2002-10-13
      2002-10-14
      2002-10-15
      2002-10-16
      2002-10-17
      2002-10-18
      2002-10-19
      2002-10-20
      2002-10-21
      2002-10-22
      2002-10-23
      2002-10-24
      2002-10-25
      2002-10-26
      2002-10-27
      2002-10-28
      2002-10-29
      2002-10-30
      2002-10-31
      2002-11-01
      2002-11-02
      2002-11-03
      2002-11-04
      2002-11-05
      2002-11-06
      2002-11-07
      2002-11-08
      2002-11-09
      2002-11-10
      2002-11-11
      2002-11-12
      2002-11-13
      2002-11-14
      2002-11-15
      2002-11-16
      2002-11-17
      2002-11-18
      2002-11-19
      2002-11-20
      2002-11-21
      2002-11-22
      2002-11-23
      2002-11-24
      2002-11-25
      2002-11-26
      2002-11-27
      2002-11-28
      2002-11-29
      2002-11-30
      2002-12-01
      2002-12-02
      2002-12-03
      2002-12-04
      2002-12-05
      2002-12-06
      2002-12-07
      2002-12-08
      2002-12-09
      2002-12-10
      2002-12-11
      2002-12-12
      2002-12-13
      2002-12-14
      2002-12-15
      2002-12-16
      2002-12-17
      2002-12-18
      2002-12-19
      2002-12-20
      2002-12-21
      2002-12-22
      2002-12-23
      2002-12-24
      2002-12-25
      2002-12-26
      2002-12-27
      2002-12-28
      2002-12-29
      2002-12-30
      2002-12-31
 - Saving the year/seasonal rainfall realizations
 
Computing modelled (ERA5_EDA_LongRange) climatologies at stations for 08_AlignOBS_CleanSTVL (Coeff_Grid2Point=20) with a minimum of 75% of days over the considered period with valid observations
 - Computing the independent rainfall realizations for the year/seasonal climatologies. Processing 24-hourly accumulation period ending on:
      2002-01-01
      2002-01-02
      2002-01-03
      2002-01-04
      2002-01-05
      2002-01-06
      2002-01-07
      2002-01-08
      2002-01-09
      2002-01-10
      2002-01-11
      2002-01-12
      2002-01-13
      2002-01-14
      2002-01-15
      2002-01-16
      2002-01-17
      2002-01-18
      2002-01-19
      2002-01-20
      2002-01-21
      2002-01-22
      2002-01-23
      2002-01-24
      2002-01-25
      2002-01-26
      2002-01-27
      2002-01-28
      2002-01-29
      2002-01-30
      2002-01-31
      2002-02-01
      2002-02-02
      2002-02-03
      2002-02-04
      2002-02-05
      2002-02-06
      2002-02-07
      2002-02-08
      2002-02-09
      2002-02-10
      2002-02-11
      2002-02-12
      2002-02-13
      2002-02-14
      2002-02-15
      2002-02-16
      2002-02-17
      2002-02-18
      2002-02-19
      2002-02-20
      2002-02-21
      2002-02-22
      2002-02-23
      2002-02-24
      2002-02-25
      2002-02-26
      2002-02-27
      2002-02-28
      2002-03-01
      2002-03-02
      2002-03-03
      2002-03-04
      2002-03-05
      2002-03-06
      2002-03-07
      2002-03-08
      2002-03-09
      2002-03-10
      2002-03-11
      2002-03-12
      2002-03-13
      2002-03-14
      2002-03-15
      2002-03-16
      2002-03-17
      2002-03-18
      2002-03-19
      2002-03-20
      2002-03-21
      2002-03-22
      2002-03-23
      2002-03-24
      2002-03-25
      2002-03-26
      2002-03-27
      2002-03-28
      2002-03-29
      2002-03-30
      2002-03-31
      2002-04-01
      2002-04-02
      2002-04-03
      2002-04-04
      2002-04-05
      2002-04-06
      2002-04-07
      2002-04-08
      2002-04-09
      2002-04-10
      2002-04-11
      2002-04-12
      2002-04-13
      2002-04-14
      2002-04-15
      2002-04-16
      2002-04-17
      2002-04-18
      2002-04-19
      2002-04-20
      2002-04-21
      2002-04-22
      2002-04-23
      2002-04-24
      2002-04-25
      2002-04-26
      2002-04-27
      2002-04-28
      2002-04-29
      2002-04-30
      2002-05-01
      2002-05-02
      2002-05-03
      2002-05-04
      2002-05-05
      2002-05-06
      2002-05-07
      2002-05-08
      2002-05-09
      2002-05-10
      2002-05-11
      2002-05-12
      2002-05-13
      2002-05-14
      2002-05-15
      2002-05-16
      2002-05-17
      2002-05-18
      2002-05-19
      2002-05-20
      2002-05-21
      2002-05-22
      2002-05-23
      2002-05-24
      2002-05-25
      2002-05-26
      2002-05-27
      2002-05-28
      2002-05-29
      2002-05-30
      2002-05-31
      2002-06-01
      2002-06-02
      2002-06-03
      2002-06-04
      2002-06-05
      2002-06-06
      2002-06-07
      2002-06-08
      2002-06-09
      2002-06-10
      2002-06-11
      2002-06-12
      2002-06-13
      2002-06-14
      2002-06-15
      2002-06-16
      2002-06-17
      2002-06-18
      2002-06-19
      2002-06-20
      2002-06-21
      2002-06-22
      2002-06-23
      2002-06-24
      2002-06-25
      2002-06-26
      2002-06-27
      2002-06-28
      2002-06-29
      2002-06-30
      2002-07-01
      2002-07-02
      2002-07-03
      2002-07-04
      2002-07-05
      2002-07-06
      2002-07-07
      2002-07-08
      2002-07-09
      2002-07-10
      2002-07-11
      2002-07-12
      2002-07-13
      2002-07-14
      2002-07-15
      2002-07-16
      2002-07-17
      2002-07-18
      2002-07-19
      2002-07-20
      2002-07-21
      2002-07-22
      2002-07-23
      2002-07-24
      2002-07-25
      2002-07-26
      2002-07-27
      2002-07-28
      2002-07-29
      2002-07-30
      2002-07-31
      2002-08-01
      2002-08-02
      2002-08-03
      2002-08-04
      2002-08-05
      2002-08-06
      2002-08-07
      2002-08-08
      2002-08-09
      2002-08-10
      2002-08-11
      2002-08-12
      2002-08-13
      2002-08-14
      2002-08-15
      2002-08-16
      2002-08-17
      2002-08-18
      2002-08-19
      2002-08-20
      2002-08-21
      2002-08-22
      2002-08-23
      2002-08-24
      2002-08-25
      2002-08-26
      2002-08-27
      2002-08-28
      2002-08-29
      2002-08-30
      2002-08-31
      2002-09-01
      2002-09-02
      2002-09-03
      2002-09-04
      2002-09-05
      2002-09-06
      2002-09-07
      2002-09-08
      2002-09-09
      2002-09-10
      2002-09-11
      2002-09-12
      2002-09-13
      2002-09-14
      2002-09-15
      2002-09-16
      2002-09-17
      2002-09-18
      2002-09-19
      2002-09-20
      2002-09-21
      2002-09-22
      2002-09-23
      2002-09-24
      2002-09-25
      2002-09-26
      2002-09-27
      2002-09-28
      2002-09-29
      2002-09-30
      2002-10-01
      2002-10-02
      2002-10-03
      2002-10-04
      2002-10-05
      2002-10-06
      2002-10-07
      2002-10-08
      2002-10-09
      2002-10-10
      2002-10-11
      2002-10-12
      2002-10-13
      2002-10-14
      2002-10-15
      2002-10-16
      2002-10-17
      2002-10-18
      2002-10-19
      2002-10-20
      2002-10-21
      2002-10-22
      2002-10-23
      2002-10-24
      2002-10-25
      2002-10-26
      2002-10-27
      2002-10-28
      2002-10-29
      2002-10-30
      2002-10-31
      2002-11-01
      2002-11-02
      2002-11-03
      2002-11-04
      2002-11-05
      2002-11-06
      2002-11-07
      2002-11-08
      2002-11-09
      2002-11-10
      2002-11-11
      2002-11-12
      2002-11-13
      2002-11-14
      2002-11-15
      2002-11-16
      2002-11-17
      2002-11-18
      2002-11-19
      2002-11-20
      2002-11-21
      2002-11-22
      2002-11-23
      2002-11-24
      2002-11-25
      2002-11-26
      2002-11-27
      2002-11-28
      2002-11-29
      2002-11-30
      2002-12-01
      2002-12-02
      2002-12-03
      2002-12-04
      2002-12-05
      2002-12-06
      2002-12-07
      2002-12-08
      2002-12-09
      2002-12-10
      2002-12-11
      2002-12-12
      2002-12-13
      2002-12-14
      2002-12-15
      2002-12-16
      2002-12-17
      2002-12-18
      2002-12-19
      2002-12-20
      2002-12-21
      2002-12-22
      2002-12-23
      2002-12-24
      2002-12-25
      2002-12-26
      2002-12-27
      2002-12-28
      2002-12-29
      2002-12-30
      2002-12-31
 - Saving the year/seasonal rainfall realizations
 
Computing modelled (ERA5_ecPoint/Grid_BC_VALS) climatologies at stations for 08_AlignOBS_CleanSTVL (Coeff_Grid2Point=20) with a minimum of 75% of days over the considered period with valid observations
 - Computing the independent rainfall realizations for the year/seasonal climatologies. Processing 24-hourly accumulation period ending on:
      2002-01-01
      2002-01-02
      2002-01-03
      2002-01-04
      2002-01-05
      2002-01-06
      2002-01-07
      2002-01-08
      2002-01-09
      2002-01-10
      2002-01-11
      2002-01-12
      2002-01-13
      2002-01-14
      2002-01-15
      2002-01-16
      2002-01-17
      2002-01-18
      2002-01-19
      2002-01-20
      2002-01-21
      2002-01-22
      2002-01-23
      2002-01-24
      2002-01-25
      2002-01-26
      2002-01-27
      2002-01-28
      2002-01-29
      2002-01-30
      2002-01-31
      2002-02-01
      2002-02-02
      2002-02-03
      2002-02-04
      2002-02-05
      2002-02-06
      2002-02-07
      2002-02-08
      2002-02-09
      2002-02-10
      2002-02-11
      2002-02-12
      2002-02-13
      2002-02-14
      2002-02-15
      2002-02-16
      2002-02-17
      2002-02-18
      2002-02-19
      2002-02-20
      2002-02-21
      2002-02-22
      2002-02-23
      2002-02-24
      2002-02-25
      2002-02-26
      2002-02-27
      2002-02-28
      2002-03-01
      2002-03-02
      2002-03-03
      2002-03-04
      2002-03-05
      2002-03-06
      2002-03-07
      2002-03-08
      2002-03-09
      2002-03-10
      2002-03-11
      2002-03-12
      2002-03-13
      2002-03-14
      2002-03-15
      2002-03-16
      2002-03-17
      2002-03-18
      2002-03-19
      2002-03-20
      2002-03-21
      2002-03-22
      2002-03-23
      2002-03-24
      2002-03-25
      2002-03-26
      2002-03-27
      2002-03-28
      2002-03-29
      2002-03-30
      2002-03-31
      2002-04-01
      2002-04-02
      2002-04-03
      2002-04-04
      2002-04-05
      2002-04-06
      2002-04-07
      2002-04-08
      2002-04-09
      2002-04-10
      2002-04-11
      2002-04-12
      2002-04-13
      2002-04-14
      2002-04-15
      2002-04-16
      2002-04-17
      2002-04-18
      2002-04-19
      2002-04-20
      2002-04-21
      2002-04-22
      2002-04-23
      2002-04-24
      2002-04-25
      2002-04-26
      2002-04-27
      2002-04-28
      2002-04-29
      2002-04-30
      2002-05-01
      2002-05-02
      2002-05-03
      2002-05-04
      2002-05-05
      2002-05-06
      2002-05-07
      2002-05-08
      2002-05-09
      2002-05-10
      2002-05-11
      2002-05-12
      2002-05-13
      2002-05-14
      2002-05-15
      2002-05-16
      2002-05-17
      2002-05-18
      2002-05-19
      2002-05-20
      2002-05-21
      2002-05-22
      2002-05-23
      2002-05-24
      2002-05-25
      2002-05-26
      2002-05-27
      2002-05-28
      2002-05-29
      2002-05-30
      2002-05-31
      2002-06-01
      2002-06-02
      2002-06-03
      2002-06-04
      2002-06-05
      2002-06-06
      2002-06-07
      2002-06-08
      2002-06-09
      2002-06-10
      2002-06-11
      2002-06-12
      2002-06-13
      2002-06-14
      2002-06-15
      2002-06-16
      2002-06-17
      2002-06-18
      2002-06-19
      2002-06-20
      2002-06-21
      2002-06-22
      2002-06-23
      2002-06-24
      2002-06-25
      2002-06-26
      2002-06-27
      2002-06-28
      2002-06-29
      2002-06-30
      2002-07-01
      2002-07-02
      2002-07-03
      2002-07-04
      2002-07-05
      2002-07-06
      2002-07-07
      2002-07-08
      2002-07-09
      2002-07-10
      2002-07-11
      2002-07-12
      2002-07-13
      2002-07-14
      2002-07-15
      2002-07-16
      2002-07-17
      2002-07-18
      2002-07-19
      2002-07-20
      2002-07-21
      2002-07-22
      2002-07-23
      2002-07-24
      2002-07-25
      2002-07-26
      2002-07-27
      2002-07-28
      2002-07-29
      2002-07-30
      2002-07-31
      2002-08-01
      2002-08-02
      2002-08-03
      2002-08-04
      2002-08-05
      2002-08-06
      2002-08-07
      2002-08-08
      2002-08-09
      2002-08-10
      2002-08-11
      2002-08-12
      2002-08-13
      2002-08-14
      2002-08-15
      2002-08-16
      2002-08-17
      2002-08-18
      2002-08-19
      2002-08-20
      2002-08-21
      2002-08-22
      2002-08-23
      2002-08-24
      2002-08-25
      2002-08-26
      2002-08-27
      2002-08-28
      2002-08-29
      2002-08-30
      2002-08-31
      2002-09-01
      2002-09-02
      2002-09-03
      2002-09-04
      2002-09-05
      2002-09-06
      2002-09-07
      2002-09-08
      2002-09-09
      2002-09-10
      2002-09-11
      2002-09-12
      2002-09-13
      2002-09-14
      2002-09-15
      2002-09-16
      2002-09-17
      2002-09-18
      2002-09-19
      2002-09-20
      2002-09-21
      2002-09-22
      2002-09-23
      2002-09-24
      2002-09-25
      2002-09-26
      2002-09-27
      2002-09-28
      2002-09-29
      2002-09-30
      2002-10-01
      2002-10-02
      2002-10-03
      2002-10-04
      2002-10-05
      2002-10-06
      2002-10-07
      2002-10-08
      2002-10-09
      2002-10-10
      2002-10-11
      2002-10-12
      2002-10-13
      2002-10-14
      2002-10-15
      2002-10-16
      2002-10-17
      2002-10-18
      2002-10-19
      2002-10-20
      2002-10-21
      2002-10-22
      2002-10-23
      2002-10-24
      2002-10-25
      2002-10-26
      2002-10-27
      2002-10-28
      2002-10-29
      2002-10-30
      2002-10-31
      2002-11-01
      2002-11-02
      2002-11-03
      2002-11-04
      2002-11-05
      2002-11-06
      2002-11-07
      2002-11-08
      2002-11-09
      2002-11-10
      2002-11-11
      2002-11-12
      2002-11-13
      2002-11-14
      2002-11-15
      2002-11-16
      2002-11-17
      2002-11-18
      2002-11-19
      2002-11-20
      2002-11-21
      2002-11-22
      2002-11-23
      2002-11-24
      2002-11-25
      2002-11-26
      2002-11-27
      2002-11-28
      2002-11-29
      2002-11-30
      2002-12-01
      2002-12-02
      2002-12-03
      2002-12-04
      2002-12-05
      2002-12-06
      2002-12-07
      2002-12-08
      2002-12-09
      2002-12-10
      2002-12-11
      2002-12-12
      2002-12-13
      2002-12-14
      2002-12-15
      2002-12-16
      2002-12-17
      2002-12-18
      2002-12-19
      2002-12-20
      2002-12-21
      2002-12-22
      2002-12-23
      2002-12-24
      2002-12-25
      2002-12-26
      2002-12-27
      2002-12-28
      2002-12-29
      2002-12-30
      2002-12-31
 - Saving the year/seasonal rainfall realizations
 
Computing modelled (ERA5_ecPoint/Pt_BC_PERC) climatologies at stations for 08_AlignOBS_CleanSTVL (Coeff_Grid2Point=20) with a minimum of 75% of days over the considered period with valid observations
 - Computing the independent rainfall realizations for the year/seasonal climatologies. Processing 24-hourly accumulation period ending on:
      2002-01-01
      2002-01-02
      2002-01-03
      2002-01-04
      2002-01-05
      2002-01-06
      2002-01-07
      2002-01-08
      2002-01-09
      2002-01-10
      2002-01-11
      2002-01-12
      2002-01-13
      2002-01-14
      2002-01-15
      2002-01-16
      2002-01-17
      2002-01-18
      2002-01-19
      2002-01-20
      2002-01-21
      2002-01-22
      2002-01-23
      2002-01-24
      2002-01-25
      2002-01-26
      2002-01-27
      2002-01-28
      2002-01-29
      2002-01-30
      2002-01-31
      2002-02-01
      2002-02-02
      2002-02-03
      2002-02-04
      2002-02-05
      2002-02-06
      2002-02-07
      2002-02-08
      2002-02-09
      2002-02-10
      2002-02-11
      2002-02-12
      2002-02-13
      2002-02-14
      2002-02-15
      2002-02-16
      2002-02-17
      2002-02-18
      2002-02-19
      2002-02-20
      2002-02-21
      2002-02-22
      2002-02-23
      2002-02-24
      2002-02-25
      2002-02-26
      2002-02-27
      2002-02-28
      2002-03-01
      2002-03-02
      2002-03-03
      2002-03-04
      2002-03-05
      2002-03-06
      2002-03-07
      2002-03-08
      2002-03-09
      2002-03-10
      2002-03-11
      2002-03-12
      2002-03-13
      2002-03-14
      2002-03-15
      2002-03-16
      2002-03-17
      2002-03-18
      2002-03-19
      2002-03-20
      2002-03-21
      2002-03-22
      2002-03-23
      2002-03-24
      2002-03-25
      2002-03-26
      2002-03-27
      2002-03-28
      2002-03-29
      2002-03-30
      2002-03-31
      2002-04-01
      2002-04-02
      2002-04-03
      2002-04-04
      2002-04-05
      2002-04-06
      2002-04-07
      2002-04-08
      2002-04-09
      2002-04-10
      2002-04-11
      2002-04-12
      2002-04-13
      2002-04-14
      2002-04-15
      2002-04-16
      2002-04-17
      2002-04-18
      2002-04-19
      2002-04-20
      2002-04-21
      2002-04-22
      2002-04-23
      2002-04-24
      2002-04-25
      2002-04-26
      2002-04-27
      2002-04-28
      2002-04-29
      2002-04-30
      2002-05-01
      2002-05-02
      2002-05-03
      2002-05-04
      2002-05-05
      2002-05-06
      2002-05-07
      2002-05-08
      2002-05-09
      2002-05-10
      2002-05-11
      2002-05-12
      2002-05-13
      2002-05-14
      2002-05-15
      2002-05-16
      2002-05-17
      2002-05-18
      2002-05-19
      2002-05-20
      2002-05-21
      2002-05-22
      2002-05-23
      2002-05-24
      2002-05-25
      2002-05-26
      2002-05-27
      2002-05-28
      2002-05-29
      2002-05-30
      2002-05-31
      2002-06-01
      2002-06-02
      2002-06-03
      2002-06-04
      2002-06-05
      2002-06-06
      2002-06-07
      2002-06-08
      2002-06-09
      2002-06-10
      2002-06-11
      2002-06-12
      2002-06-13
      2002-06-14
      2002-06-15
      2002-06-16
      2002-06-17
      2002-06-18
      2002-06-19
      2002-06-20
      2002-06-21
      2002-06-22
      2002-06-23
      2002-06-24
      2002-06-25
      2002-06-26
      2002-06-27
      2002-06-28
      2002-06-29
      2002-06-30
      2002-07-01
      2002-07-02
      2002-07-03
      2002-07-04
      2002-07-05
      2002-07-06
      2002-07-07
      2002-07-08
      2002-07-09
      2002-07-10
      2002-07-11
      2002-07-12
      2002-07-13
      2002-07-14
      2002-07-15
      2002-07-16
      2002-07-17
      2002-07-18
      2002-07-19
      2002-07-20
      2002-07-21
      2002-07-22
      2002-07-23
      2002-07-24
      2002-07-25
      2002-07-26
      2002-07-27
      2002-07-28
      2002-07-29
      2002-07-30
      2002-07-31
      2002-08-01
      2002-08-02
      2002-08-03
      2002-08-04
      2002-08-05
      2002-08-06
      2002-08-07
      2002-08-08
      2002-08-09
      2002-08-10
      2002-08-11
      2002-08-12
      2002-08-13
      2002-08-14
      2002-08-15
      2002-08-16
      2002-08-17
      2002-08-18
      2002-08-19
      2002-08-20
      2002-08-21
      2002-08-22
      2002-08-23
      2002-08-24
      2002-08-25
      2002-08-26
      2002-08-27
      2002-08-28
      2002-08-29
      2002-08-30
      2002-08-31
      2002-09-01
      2002-09-02
      2002-09-03
      2002-09-04
      2002-09-05
      2002-09-06
      2002-09-07
      2002-09-08
      2002-09-09
      2002-09-10
      2002-09-11
      2002-09-12
      2002-09-13
      2002-09-14
      2002-09-15
      2002-09-16
      2002-09-17
      2002-09-18
      2002-09-19
      2002-09-20
      2002-09-21
      2002-09-22
      2002-09-23
      2002-09-24
      2002-09-25
      2002-09-26
      2002-09-27
      2002-09-28
      2002-09-29
      2002-09-30
      2002-10-01
      2002-10-02
      2002-10-03
      2002-10-04
      2002-10-05
      2002-10-06
      2002-10-07
      2002-10-08
      2002-10-09
      2002-10-10
      2002-10-11
      2002-10-12
      2002-10-13
      2002-10-14
      2002-10-15
      2002-10-16
      2002-10-17
      2002-10-18
      2002-10-19
      2002-10-20
      2002-10-21
      2002-10-22
      2002-10-23
      2002-10-24
      2002-10-25
      2002-10-26
      2002-10-27
      2002-10-28
      2002-10-29
      2002-10-30
      2002-10-31
      2002-11-01
      2002-11-02
      2002-11-03
      2002-11-04
      2002-11-05
      2002-11-06
      2002-11-07
      2002-11-08
      2002-11-09
      2002-11-10
      2002-11-11
      2002-11-12
      2002-11-13
      2002-11-14
      2002-11-15
      2002-11-16
      2002-11-17
      2002-11-18
      2002-11-19
      2002-11-20
      2002-11-21
      2002-11-22
      2002-11-23
      2002-11-24
      2002-11-25
      2002-11-26
      2002-11-27
      2002-11-28
      2002-11-29
      2002-11-30
      2002-12-01
      2002-12-02
      2002-12-03
      2002-12-04
      2002-12-05
      2002-12-06
      2002-12-07
      2002-12-08
      2002-12-09
      2002-12-10
      2002-12-11
      2002-12-12
      2002-12-13
      2002-12-14
      2002-12-15
      2002-12-16
      2002-12-17
      2002-12-18
      2002-12-19
      2002-12-20
      2002-12-21
      2002-12-22
      2002-12-23
      2002-12-24
      2002-12-25
      2002-12-26
      2002-12-27
      2002-12-28
      2002-12-29
      2002-12-30
      2002-12-31
 - Saving the year/seasonal rainfall realizations
[ECMWF-INFO -ecepilog] ----------------------------------------------------------------------------------------------------
[ECMWF-INFO -ecepilog] This is the ECMWF job Epilogue
[ECMWF-INFO -ecepilog] +++ Please report issues using the Support portal +++
[ECMWF-INFO -ecepilog] +++ https://support.ecmwf.int                     +++
[ECMWF-INFO -ecepilog] ----------------------------------------------------------------------------------------------------
[ECMWF-INFO -ecepilog] Run at 2023-08-17T21:52:17 on ac
[ECMWF-INFO -ecepilog] JobName                   : Extract_RainfallFC_atOBS
[ECMWF-INFO -ecepilog] JobID                     : 34131489
[ECMWF-INFO -ecepilog] Submit                    : 2023-08-17T20:41:07
[ECMWF-INFO -ecepilog] Start                     : 2023-08-17T20:41:45
[ECMWF-INFO -ecepilog] End                       : 2023-08-17T21:52:17
[ECMWF-INFO -ecepilog] QueuedTime                : 38.0
[ECMWF-INFO -ecepilog] ElapsedRaw                : 4232
[ECMWF-INFO -ecepilog] ExitCode                  : 0:0
[ECMWF-INFO -ecepilog] DerivedExitCode           : 0:0
[ECMWF-INFO -ecepilog] State                     : COMPLETED
[ECMWF-INFO -ecepilog] Account                   : ecodmdmo
[ECMWF-INFO -ecepilog] QOS                       : nf
[ECMWF-INFO -ecepilog] User                      : mofp
[ECMWF-INFO -ecepilog] StdOut                    : /etc/ecmwf/vol/ecpoint_dev/mofp/Papers_2_Write/ecPoint_Climate/Scripts/Processed/LogATOS/Extract_RainfallFC_atOBS-34131489.out
[ECMWF-INFO -ecepilog] StdErr                    : /etc/ecmwf/vol/ecpoint_dev/mofp/Papers_2_Write/ecPoint_Climate/Scripts/Processed/LogATOS/Extract_RainfallFC_atOBS-34131489.out
[ECMWF-INFO -ecepilog] NNodes                    : 1
[ECMWF-INFO -ecepilog] NCPUS                     : 2
[ECMWF-INFO -ecepilog] SBU                       : 22.229
[ECMWF-INFO -ecepilog] ----------------------------------------------------------------------------------------------------

