[ECMWF-INFO -sbatch] - -------------------------------------------------------------------------------------
[ECMWF-INFO -sbatch] -  This is the ECMWF jobfilter
[ECMWF-INFO -sbatch] -  +++ Please report issues using the Support portal +++
[ECMWF-INFO -sbatch] -  +++ https://support.ecmwf.int                     +++
[ECMWF-INFO -sbatch] -  /usr/local/bin/ecsbatch: size: 48802, mtime: Mon Jul  3 10:31:21 2023
[ECMWF-INFO -sbatch] - -------------------------------------------------------------------------------------
[ECMWF-INFO -sbatch] - Time at submit: Fri Aug 18 09:00:26 2023 (1692349226.814654) on ac6-100.bullx:/etc/ecmwf/vol/ecpoint_dev/mofp/Papers_2_Write/ecPoint_Climate/Scripts/Processed
[ECMWF-INFO -sbatch] - --- SLURM VARIABLES ---
[ECMWF-INFO -sbatch] - EC_CLUSTER=ac
[ECMWF-INFO -sbatch] - SLURM_EXPORT_ENV=ALL
[ECMWF-INFO -sbatch] - SBATCH_EXPORT=NONE
[ECMWF-INFO -sbatch] - -----------------------
[ECMWF-INFO -sbatch] - jobscript: /etc/ecmwf/vol/ecpoint_dev/mofp/Papers_2_Write/ecPoint_Climate/Scripts/Processed/10a_SubmitATOS_Extract_RainfallFC_atOBS.sh
[ECMWF-INFO -sbatch] - --- SCRIPT OPTIONS ---
[ECMWF-INFO -sbatch] - #SBATCH --job-name=Extract_RainfallFC_atOBS
[ECMWF-INFO -sbatch] - #SBATCH --output=LogATOS/Extract_RainfallFC_atOBS-%J.out
[ECMWF-INFO -sbatch] - #SBATCH --error=LogATOS/Extract_RainfallFC_atOBS-%J.out
[ECMWF-INFO -sbatch] - #SBATCH --cpus-per-task=1
[ECMWF-INFO -sbatch] - #SBATCH --mem=64G
[ECMWF-INFO -sbatch] - #SBATCH --qos=nf
[ECMWF-INFO -sbatch] - #SBATCH --mail-type=FAIL
[ECMWF-INFO -sbatch] - #SBATCH --mail-user=fatima.pillosu@ecmwf.int
[ECMWF-INFO -sbatch] - -----------------------
[ECMWF-INFO -sbatch] - --- POST-PROCESSED OPTIONS ---
[ECMWF-INFO -sbatch] - ARG --positional=['10a_SubmitATOS_Extract_RainfallFC_atOBS.sh', '2005', 'Reforecasts_46r1']
[ECMWF-INFO -sbatch] - ARG --cpus_per_task=1
[ECMWF-INFO -sbatch] - ARG --error=LogATOS/Extract_RainfallFC_atOBS-%J.out
[ECMWF-INFO -sbatch] - ARG --job_name=Extract_RainfallFC_atOBS
[ECMWF-INFO -sbatch] - ARG --mail_type=FAIL
[ECMWF-INFO -sbatch] - ARG --mail_user=fatima.pillosu@ecmwf.int
[ECMWF-INFO -sbatch] - ARG --output=LogATOS/Extract_RainfallFC_atOBS-%J.out
[ECMWF-INFO -sbatch] - ARG --qos=nf
[ECMWF-INFO -sbatch] - ARG --mem=64G
[ECMWF-INFO -sbatch] - ------------------------------
[ECMWF-INFO -sbatch] - jobtag: mofp-Extract_Ra_llFC_atOBS-1x2-/etc/ecmwf/vol/ecpoint_dev/mofp/Papers_2_Write/ecPoint_Climate/Scripts/Processed/LogATOS/Extract_RainfallFC_atOBS-_.out
[ECMWF-INFO -sbatch] - ['/usr/bin/sbatch', '--cpus-per-task=1', '--error=LogATOS/Extract_RainfallFC_atOBS-%J.out', '--job-name=Extract_RainfallFC_atOBS', '--mail-type=FAIL', '--mail-user=fatima.pillosu@ecmwf.int', '--output=LogATOS/Extract_RainfallFC_atOBS-%J.out', '--qos=nf', '--mem=64G', '--licenses=h2resw01', '--time=1-00:00:00', '/etc/ecmwf/vol/ecpoint_dev/mofp/Papers_2_Write/ecPoint_Climate/Scripts/Processed/10a_SubmitATOS_Extract_RainfallFC_atOBS.sh', '2005', 'Reforecasts_46r1']
[ECMWF-INFO -sbatch] - sbatch executed on ac
[ECMWF-INFO -sbatch] - Job queued on ac using method local
[ECMWF-INFO -sbatch] - Submitted batch job 34299661
[ECMWF-INFO -ecprofile] /usr/bin/bash NON_INTERACTIVE on ac6-133 at 20230818_090106.098, PID: 1787608, JOBID: 34299661
[ECMWF-INFO -ecprofile] $SCRATCH=/ec/res4/scratch/mofp
[ECMWF-INFO -ecprofile] $PERM=/perm/mofp
[ECMWF-INFO -ecprofile] $HPCPERM=/ec/res4/hpcperm/mofp
[ECMWF-INFO -ecprofile] $TMPDIR=/etc/ecmwf/ssd/ssd1/tmpdirs/mofp.34299661
[ECMWF-INFO -ecprofile] $SCRATCHDIR=/ec/res4/scratchdir/mofp/5/34299661
 
Computing modelled (Reforecasts_46r1) climatologies at stations for 08_AlignOBS_CleanSTVL (Coeff_Grid2Point=20) with a minimum of 75% of days over the considered period with valid observations
 - Computing the independent rainfall realizations for the year/seasonal climatologies. Processing 24-hourly accumulation period ending on:
      2005-01-01
      2005-01-02
      2005-01-03
      2005-01-04
      2005-01-05
      2005-01-06
      2005-01-07
      2005-01-08
      2005-01-09
      2005-01-10
      2005-01-11
      2005-01-12
      2005-01-13
      2005-01-14
      2005-01-15
      2005-01-16
      2005-01-17
      2005-01-18
      2005-01-19
      2005-01-20
      2005-01-21
      2005-01-22
      2005-01-23
      2005-01-24
      2005-01-25
      2005-01-26
      2005-01-27
      2005-01-28
      2005-01-29
      2005-01-30
      2005-01-31
      2005-02-01
      2005-02-02
      2005-02-03
      2005-02-04
      2005-02-05
      2005-02-06
      2005-02-07
      2005-02-08
      2005-02-09
      2005-02-10
      2005-02-11
      2005-02-12
      2005-02-13
      2005-02-14
      2005-02-15
      2005-02-16
      2005-02-17
      2005-02-18
      2005-02-19
      2005-02-20
      2005-02-21
      2005-02-22
      2005-02-23
      2005-02-24
      2005-02-25
      2005-02-26
      2005-02-27
      2005-02-28
      2005-03-01
      2005-03-02
      2005-03-03
      2005-03-04
      2005-03-05
      2005-03-06
      2005-03-07
      2005-03-08
      2005-03-09
      2005-03-10
      2005-03-11
      2005-03-12
      2005-03-13
      2005-03-14
      2005-03-15
      2005-03-16
      2005-03-17
      2005-03-18
      2005-03-19
      2005-03-20
      2005-03-21
      2005-03-22
      2005-03-23
      2005-03-24
      2005-03-25
      2005-03-26
      2005-03-27
      2005-03-28
      2005-03-29
      2005-03-30
      2005-03-31
      2005-04-01
      2005-04-02
      2005-04-03
      2005-04-04
      2005-04-05
      2005-04-06
      2005-04-07
      2005-04-08
      2005-04-09
      2005-04-10
      2005-04-11
      2005-04-12
      2005-04-13
      2005-04-14
      2005-04-15
      2005-04-16
      2005-04-17
      2005-04-18
      2005-04-19
      2005-04-20
      2005-04-21
      2005-04-22
      2005-04-23
      2005-04-24
      2005-04-25
      2005-04-26
      2005-04-27
      2005-04-28
      2005-04-29
      2005-04-30
      2005-05-01
      2005-05-02
      2005-05-03
      2005-05-04
      2005-05-05
      2005-05-06
      2005-05-07
      2005-05-08
      2005-05-09
      2005-05-10
      2005-05-11
      2005-05-12
      2005-05-13
      2005-05-14
      2005-05-15
      2005-05-16
      2005-05-17
      2005-05-18
      2005-05-19
      2005-05-20
      2005-05-21
      2005-05-22
      2005-05-23
      2005-05-24
      2005-05-25
      2005-05-26
      2005-05-27
      2005-05-28
      2005-05-29
      2005-05-30
      2005-05-31
      2005-06-01
      2005-06-02
      2005-06-03
      2005-06-04
      2005-06-05
      2005-06-06
      2005-06-07
      2005-06-08
      2005-06-09
      2005-06-10
      2005-06-11
      2005-06-12
      2005-06-13
      2005-06-14
      2005-06-15
      2005-06-16
      2005-06-17
      2005-06-18
      2005-06-19
      2005-06-20
      2005-06-21
      2005-06-22
      2005-06-23
      2005-06-24
      2005-06-25
      2005-06-26
      2005-06-27
      2005-06-28
      2005-06-29
      2005-06-30
      2005-07-01
      2005-07-02
      2005-07-03
      2005-07-04
      2005-07-05
      2005-07-06
      2005-07-07
      2005-07-08
      2005-07-09
      2005-07-10
      2005-07-11
      2005-07-12
      2005-07-13
      2005-07-14
      2005-07-15
      2005-07-16
      2005-07-17
      2005-07-18
      2005-07-19
      2005-07-20
      2005-07-21
      2005-07-22
      2005-07-23
      2005-07-24
      2005-07-25
      2005-07-26
      2005-07-27
      2005-07-28
      2005-07-29
      2005-07-30
      2005-07-31
      2005-08-01
      2005-08-02
      2005-08-03
      2005-08-04
      2005-08-05
      2005-08-06
      2005-08-07
      2005-08-08
      2005-08-09
      2005-08-10
      2005-08-11
      2005-08-12
      2005-08-13
      2005-08-14
      2005-08-15
      2005-08-16
      2005-08-17
      2005-08-18
      2005-08-19
      2005-08-20
      2005-08-21
      2005-08-22
      2005-08-23
      2005-08-24
      2005-08-25
      2005-08-26
      2005-08-27
      2005-08-28
      2005-08-29
      2005-08-30
      2005-08-31
      2005-09-01
      2005-09-02
      2005-09-03
      2005-09-04
      2005-09-05
      2005-09-06
      2005-09-07
      2005-09-08
      2005-09-09
      2005-09-10
      2005-09-11
      2005-09-12
      2005-09-13
      2005-09-14
      2005-09-15
      2005-09-16
      2005-09-17
      2005-09-18
      2005-09-19
      2005-09-20
      2005-09-21
      2005-09-22
      2005-09-23
      2005-09-24
      2005-09-25
      2005-09-26
      2005-09-27
      2005-09-28
      2005-09-29
      2005-09-30
      2005-10-01
      2005-10-02
      2005-10-03
      2005-10-04
      2005-10-05
      2005-10-06
      2005-10-07
      2005-10-08
      2005-10-09
      2005-10-10
      2005-10-11
      2005-10-12
      2005-10-13
      2005-10-14
      2005-10-15
      2005-10-16
      2005-10-17
      2005-10-18
      2005-10-19
      2005-10-20
      2005-10-21
      2005-10-22
      2005-10-23
      2005-10-24
      2005-10-25
      2005-10-26
      2005-10-27
      2005-10-28
      2005-10-29
      2005-10-30
      2005-10-31
      2005-11-01
      2005-11-02
      2005-11-03
      2005-11-04
      2005-11-05
      2005-11-06
      2005-11-07
      2005-11-08
      2005-11-09
      2005-11-10
      2005-11-11
      2005-11-12
      2005-11-13
      2005-11-14
      2005-11-15
      2005-11-16
      2005-11-17
      2005-11-18
      2005-11-19
      2005-11-20
      2005-11-21
      2005-11-22
      2005-11-23
      2005-11-24
      2005-11-25
      2005-11-26
      2005-11-27
      2005-11-28
      2005-11-29
      2005-11-30
      2005-12-01
      2005-12-02
      2005-12-03
      2005-12-04
      2005-12-05
      2005-12-06
      2005-12-07
      2005-12-08
      2005-12-09
      2005-12-10
      2005-12-11
      2005-12-12
      2005-12-13
      2005-12-14
      2005-12-15
      2005-12-16
      2005-12-17
      2005-12-18
      2005-12-19
      2005-12-20
      2005-12-21
      2005-12-22
      2005-12-23
      2005-12-24
      2005-12-25
      2005-12-26
      2005-12-27
      2005-12-28
      2005-12-29
      2005-12-30
      2005-12-31
 - Saving the year/seasonal rainfall realizations
[ECMWF-INFO -ecepilog] ----------------------------------------------------------------------------------------------------
[ECMWF-INFO -ecepilog] This is the ECMWF job Epilogue
[ECMWF-INFO -ecepilog] +++ Please report issues using the Support portal +++
[ECMWF-INFO -ecepilog] +++ https://support.ecmwf.int                     +++
[ECMWF-INFO -ecepilog] ----------------------------------------------------------------------------------------------------
[ECMWF-INFO -ecepilog] Run at 2023-08-18T09:05:23 on ac
[ECMWF-INFO -ecepilog] JobName                   : Extract_RainfallFC_atOBS
[ECMWF-INFO -ecepilog] JobID                     : 34299661
[ECMWF-INFO -ecepilog] Submit                    : 2023-08-18T09:00:26
[ECMWF-INFO -ecepilog] Start                     : 2023-08-18T09:01:00
[ECMWF-INFO -ecepilog] End                       : 2023-08-18T09:05:23
[ECMWF-INFO -ecepilog] QueuedTime                : 34.0
[ECMWF-INFO -ecepilog] ElapsedRaw                : 263
[ECMWF-INFO -ecepilog] ExitCode                  : 0:0
[ECMWF-INFO -ecepilog] DerivedExitCode           : 0:0
[ECMWF-INFO -ecepilog] State                     : COMPLETED
[ECMWF-INFO -ecepilog] Account                   : ecodmdmo
[ECMWF-INFO -ecepilog] QOS                       : nf
[ECMWF-INFO -ecepilog] User                      : mofp
[ECMWF-INFO -ecepilog] StdOut                    : /etc/ecmwf/vol/ecpoint_dev/mofp/Papers_2_Write/ecPoint_Climate/Scripts/Processed/LogATOS/Extract_RainfallFC_atOBS-34299661.out
[ECMWF-INFO -ecepilog] StdErr                    : /etc/ecmwf/vol/ecpoint_dev/mofp/Papers_2_Write/ecPoint_Climate/Scripts/Processed/LogATOS/Extract_RainfallFC_atOBS-34299661.out
[ECMWF-INFO -ecepilog] NNodes                    : 1
[ECMWF-INFO -ecepilog] NCPUS                     : 2
[ECMWF-INFO -ecepilog] SBU                       : 1.381
[ECMWF-INFO -ecepilog] ----------------------------------------------------------------------------------------------------

