[ECMWF-INFO -sbatch] - -------------------------------------------------------------------------------------
[ECMWF-INFO -sbatch] -  This is the ECMWF jobfilter
[ECMWF-INFO -sbatch] -  +++ Please report issues using the Support portal +++
[ECMWF-INFO -sbatch] -  +++ https://support.ecmwf.int                     +++
[ECMWF-INFO -sbatch] -  /usr/local/bin/ecsbatch: size: 48802, mtime: Mon Jul  3 10:31:21 2023
[ECMWF-INFO -sbatch] - -------------------------------------------------------------------------------------
[ECMWF-INFO -sbatch] - Time at submit: Thu Aug 17 20:41:08 2023 (1692304868.899681) on ac6-100.bullx:/etc/ecmwf/vol/ecpoint_dev/mofp/Papers_2_Write/ecPoint_Climate/Scripts/Processed
[ECMWF-INFO -sbatch] - --- SLURM VARIABLES ---
[ECMWF-INFO -sbatch] - EC_CLUSTER=ac
[ECMWF-INFO -sbatch] - SLURM_EXPORT_ENV=ALL
[ECMWF-INFO -sbatch] - SBATCH_EXPORT=NONE
[ECMWF-INFO -sbatch] - -----------------------
[ECMWF-INFO -sbatch] - jobscript: /etc/ecmwf/vol/ecpoint_dev/mofp/Papers_2_Write/ecPoint_Climate/Scripts/Processed/10a_SubmitATOS_Extract_RainfallFC_atOBS.sh
[ECMWF-INFO -sbatch] - --- SCRIPT OPTIONS ---
[ECMWF-INFO -sbatch] - #SBATCH --job-name=Extract_RainfallFC_atOBS
[ECMWF-INFO -sbatch] - #SBATCH --output=LogATOS/Extract_RainfallFC_atOBS-%J.out
[ECMWF-INFO -sbatch] - #SBATCH --error=LogATOS/Extract_RainfallFC_atOBS-%J.out
[ECMWF-INFO -sbatch] - #SBATCH --cpus-per-task=1
[ECMWF-INFO -sbatch] - #SBATCH --mem=64G
[ECMWF-INFO -sbatch] - #SBATCH --qos=nf
[ECMWF-INFO -sbatch] - #SBATCH --mail-type=FAIL
[ECMWF-INFO -sbatch] - #SBATCH --mail-user=fatima.pillosu@ecmwf.int
[ECMWF-INFO -sbatch] - -----------------------
[ECMWF-INFO -sbatch] - --- POST-PROCESSED OPTIONS ---
[ECMWF-INFO -sbatch] - ARG --positional=['10a_SubmitATOS_Extract_RainfallFC_atOBS.sh', '2012', 'ERA5_ShortRange,ERA5_EDA_ShortRange,ERA5_LongRange,ERA5_EDA_LongRange,ERA5_ecPoint/Grid_BC_VALS,ERA5_ecPoint/Pt_BC_PERC']
[ECMWF-INFO -sbatch] - ARG --cpus_per_task=1
[ECMWF-INFO -sbatch] - ARG --error=LogATOS/Extract_RainfallFC_atOBS-%J.out
[ECMWF-INFO -sbatch] - ARG --job_name=Extract_RainfallFC_atOBS
[ECMWF-INFO -sbatch] - ARG --mail_type=FAIL
[ECMWF-INFO -sbatch] - ARG --mail_user=fatima.pillosu@ecmwf.int
[ECMWF-INFO -sbatch] - ARG --output=LogATOS/Extract_RainfallFC_atOBS-%J.out
[ECMWF-INFO -sbatch] - ARG --qos=nf
[ECMWF-INFO -sbatch] - ARG --mem=64G
[ECMWF-INFO -sbatch] - ------------------------------
[ECMWF-INFO -sbatch] - jobtag: mofp-Extract_Ra_llFC_atOBS-1x2-/etc/ecmwf/vol/ecpoint_dev/mofp/Papers_2_Write/ecPoint_Climate/Scripts/Processed/LogATOS/Extract_RainfallFC_atOBS-_.out
[ECMWF-INFO -sbatch] - ['/usr/bin/sbatch', '--cpus-per-task=1', '--error=LogATOS/Extract_RainfallFC_atOBS-%J.out', '--job-name=Extract_RainfallFC_atOBS', '--mail-type=FAIL', '--mail-user=fatima.pillosu@ecmwf.int', '--output=LogATOS/Extract_RainfallFC_atOBS-%J.out', '--qos=nf', '--mem=64G', '--licenses=h2resw01', '--time=1-00:00:00', '/etc/ecmwf/vol/ecpoint_dev/mofp/Papers_2_Write/ecPoint_Climate/Scripts/Processed/10a_SubmitATOS_Extract_RainfallFC_atOBS.sh', '2012', 'ERA5_ShortRange,ERA5_EDA_ShortRange,ERA5_LongRange,ERA5_EDA_LongRange,ERA5_ecPoint/Grid_BC_VALS,ERA5_ecPoint/Pt_BC_PERC']
[ECMWF-INFO -sbatch] - sbatch executed on ac
[ECMWF-INFO -sbatch] - Job queued on ac using method local
[ECMWF-INFO -sbatch] - Submitted batch job 34131500
[ECMWF-INFO -ecprofile] /usr/bin/bash NON_INTERACTIVE on ac6-117 at 20230817_204149.232, PID: 1546234, JOBID: 34131500
[ECMWF-INFO -ecprofile] $SCRATCH=/ec/res4/scratch/mofp
[ECMWF-INFO -ecprofile] $PERM=/perm/mofp
[ECMWF-INFO -ecprofile] $HPCPERM=/ec/res4/hpcperm/mofp
[ECMWF-INFO -ecprofile] $TMPDIR=/etc/ecmwf/ssd/ssd1/tmpdirs/mofp.34131500
[ECMWF-INFO -ecprofile] $SCRATCHDIR=/ec/res4/scratchdir/mofp/4/34131500
 
Computing modelled (ERA5_ShortRange) climatologies at stations for 08_AlignOBS_CleanSTVL (Coeff_Grid2Point=20) with a minimum of 75% of days over the considered period with valid observations
 - Computing the independent rainfall realizations for the year/seasonal climatologies. Processing 24-hourly accumulation period ending on:
      2012-01-02
      2012-01-03
      2012-01-04
      2012-01-05
      2012-01-06
      2012-01-07
      2012-01-08
      2012-01-09
      2012-01-10
      2012-01-11
      2012-01-12
      2012-01-13
      2012-01-14
      2012-01-15
      2012-01-16
      2012-01-17
      2012-01-18
      2012-01-19
      2012-01-20
      2012-01-21
      2012-01-22
      2012-01-23
      2012-01-24
      2012-01-25
      2012-01-26
      2012-01-27
      2012-01-28
      2012-01-29
      2012-01-30
      2012-01-31
      2012-02-01
      2012-02-02
      2012-02-03
      2012-02-04
      2012-02-05
      2012-02-06
      2012-02-07
      2012-02-08
      2012-02-09
      2012-02-10
      2012-02-11
      2012-02-12
      2012-02-13
      2012-02-14
      2012-02-15
      2012-02-16
      2012-02-17
      2012-02-18
      2012-02-19
      2012-02-20
      2012-02-21
      2012-02-22
      2012-02-23
      2012-02-24
      2012-02-25
      2012-02-26
      2012-02-27
      2012-02-28
      2012-02-29
      2012-03-01
      2012-03-02
      2012-03-03
      2012-03-04
      2012-03-05
      2012-03-06
      2012-03-07
      2012-03-08
      2012-03-09
      2012-03-10
      2012-03-11
      2012-03-12
      2012-03-13
      2012-03-14
      2012-03-15
      2012-03-16
      2012-03-17
      2012-03-18
      2012-03-19
      2012-03-20
      2012-03-21
      2012-03-22
      2012-03-23
      2012-03-24
      2012-03-25
      2012-03-26
      2012-03-27
      2012-03-28
      2012-03-29
      2012-03-30
      2012-03-31
      2012-04-01
      2012-04-02
      2012-04-03
      2012-04-04
      2012-04-05
      2012-04-06
      2012-04-07
      2012-04-08
      2012-04-09
      2012-04-10
      2012-04-11
      2012-04-12
      2012-04-13
      2012-04-14
      2012-04-15
      2012-04-16
      2012-04-17
      2012-04-18
      2012-04-19
      2012-04-20
      2012-04-21
      2012-04-22
      2012-04-23
      2012-04-24
      2012-04-25
      2012-04-26
      2012-04-27
      2012-04-28
      2012-04-29
      2012-04-30
      2012-05-01
      2012-05-02
      2012-05-03
      2012-05-04
      2012-05-05
      2012-05-06
      2012-05-07
      2012-05-08
      2012-05-09
      2012-05-10
      2012-05-11
      2012-05-12
      2012-05-13
      2012-05-14
      2012-05-15
      2012-05-16
      2012-05-17
      2012-05-18
      2012-05-19
      2012-05-20
      2012-05-21
      2012-05-22
      2012-05-23
      2012-05-24
      2012-05-25
      2012-05-26
      2012-05-27
      2012-05-28
      2012-05-29
      2012-05-30
      2012-05-31
      2012-06-01
      2012-06-02
      2012-06-03
      2012-06-04
      2012-06-05
      2012-06-06
      2012-06-07
      2012-06-08
      2012-06-09
      2012-06-10
      2012-06-11
      2012-06-12
      2012-06-13
      2012-06-14
      2012-06-15
      2012-06-16
      2012-06-17
      2012-06-18
      2012-06-19
      2012-06-20
      2012-06-21
      2012-06-22
      2012-06-23
      2012-06-24
      2012-06-25
      2012-06-26
      2012-06-27
      2012-06-28
      2012-06-29
      2012-06-30
      2012-07-01
      2012-07-02
      2012-07-03
      2012-07-04
      2012-07-05
      2012-07-06
      2012-07-07
      2012-07-08
      2012-07-09
      2012-07-10
      2012-07-11
      2012-07-12
      2012-07-13
      2012-07-14
      2012-07-15
      2012-07-16
      2012-07-17
      2012-07-18
      2012-07-19
      2012-07-20
      2012-07-21
      2012-07-22
      2012-07-23
      2012-07-24
      2012-07-25
      2012-07-26
      2012-07-27
      2012-07-28
      2012-07-29
      2012-07-30
      2012-07-31
      2012-08-01
      2012-08-02
      2012-08-03
      2012-08-04
      2012-08-05
      2012-08-06
      2012-08-07
      2012-08-08
      2012-08-09
      2012-08-10
      2012-08-11
      2012-08-12
      2012-08-13
      2012-08-14
      2012-08-15
      2012-08-16
      2012-08-17
      2012-08-18
      2012-08-19
      2012-08-20
      2012-08-21
      2012-08-22
      2012-08-23
      2012-08-24
      2012-08-25
      2012-08-26
      2012-08-27
      2012-08-28
      2012-08-29
      2012-08-30
      2012-08-31
      2012-09-01
      2012-09-02
      2012-09-03
      2012-09-04
      2012-09-05
      2012-09-06
      2012-09-07
      2012-09-08
      2012-09-09
      2012-09-10
      2012-09-11
      2012-09-12
      2012-09-13
      2012-09-14
      2012-09-15
      2012-09-16
      2012-09-17
      2012-09-18
      2012-09-19
      2012-09-20
      2012-09-21
      2012-09-22
      2012-09-23
      2012-09-24
      2012-09-25
      2012-09-26
      2012-09-27
      2012-09-28
      2012-09-29
      2012-09-30
      2012-10-01
      2012-10-02
      2012-10-03
      2012-10-04
      2012-10-05
      2012-10-06
      2012-10-07
      2012-10-08
      2012-10-09
      2012-10-10
      2012-10-11
      2012-10-12
      2012-10-13
      2012-10-14
      2012-10-15
      2012-10-16
      2012-10-17
      2012-10-18
      2012-10-19
      2012-10-20
      2012-10-21
      2012-10-22
      2012-10-23
      2012-10-24
      2012-10-25
      2012-10-26
      2012-10-27
      2012-10-28
      2012-10-29
      2012-10-30
      2012-10-31
      2012-11-01
      2012-11-02
      2012-11-03
      2012-11-04
      2012-11-05
      2012-11-06
      2012-11-07
      2012-11-08
      2012-11-09
      2012-11-10
      2012-11-11
      2012-11-12
      2012-11-13
      2012-11-14
      2012-11-15
      2012-11-16
      2012-11-17
      2012-11-18
      2012-11-19
      2012-11-20
      2012-11-21
      2012-11-22
      2012-11-23
      2012-11-24
      2012-11-25
      2012-11-26
      2012-11-27
      2012-11-28
      2012-11-29
      2012-11-30
      2012-12-01
      2012-12-02
      2012-12-03
      2012-12-04
      2012-12-05
      2012-12-06
      2012-12-07
      2012-12-08
      2012-12-09
      2012-12-10
      2012-12-11
      2012-12-12
      2012-12-13
      2012-12-14
      2012-12-15
      2012-12-16
      2012-12-17
      2012-12-18
      2012-12-19
      2012-12-20
      2012-12-21
      2012-12-22
      2012-12-23
      2012-12-24
      2012-12-25
      2012-12-26
      2012-12-27
      2012-12-28
      2012-12-29
      2012-12-30
      2012-12-31
 - Saving the year/seasonal rainfall realizations
 
Computing modelled (ERA5_EDA_ShortRange) climatologies at stations for 08_AlignOBS_CleanSTVL (Coeff_Grid2Point=20) with a minimum of 75% of days over the considered period with valid observations
 - Computing the independent rainfall realizations for the year/seasonal climatologies. Processing 24-hourly accumulation period ending on:
      2012-01-02
      2012-01-03
      2012-01-04
      2012-01-05
      2012-01-06
      2012-01-07
      2012-01-08
      2012-01-09
      2012-01-10
      2012-01-11
      2012-01-12
      2012-01-13
      2012-01-14
      2012-01-15
      2012-01-16
      2012-01-17
      2012-01-18
      2012-01-19
      2012-01-20
      2012-01-21
      2012-01-22
      2012-01-23
      2012-01-24
      2012-01-25
      2012-01-26
      2012-01-27
      2012-01-28
      2012-01-29
      2012-01-30
      2012-01-31
      2012-02-01
      2012-02-02
      2012-02-03
      2012-02-04
      2012-02-05
      2012-02-06
      2012-02-07
      2012-02-08
      2012-02-09
      2012-02-10
      2012-02-11
      2012-02-12
      2012-02-13
      2012-02-14
      2012-02-15
      2012-02-16
      2012-02-17
      2012-02-18
      2012-02-19
      2012-02-20
      2012-02-21
      2012-02-22
      2012-02-23
      2012-02-24
      2012-02-25
      2012-02-26
      2012-02-27
      2012-02-28
      2012-02-29
      2012-03-01
      2012-03-02
      2012-03-03
      2012-03-04
      2012-03-05
      2012-03-06
      2012-03-07
      2012-03-08
      2012-03-09
      2012-03-10
      2012-03-11
      2012-03-12
      2012-03-13
      2012-03-14
      2012-03-15
      2012-03-16
      2012-03-17
      2012-03-18
      2012-03-19
      2012-03-20
      2012-03-21
      2012-03-22
      2012-03-23
      2012-03-24
      2012-03-25
      2012-03-26
      2012-03-27
      2012-03-28
      2012-03-29
      2012-03-30
      2012-03-31
      2012-04-01
      2012-04-02
      2012-04-03
      2012-04-04
      2012-04-05
      2012-04-06
      2012-04-07
      2012-04-08
      2012-04-09
      2012-04-10
      2012-04-11
      2012-04-12
      2012-04-13
      2012-04-14
      2012-04-15
      2012-04-16
      2012-04-17
      2012-04-18
      2012-04-19
      2012-04-20
      2012-04-21
      2012-04-22
      2012-04-23
      2012-04-24
      2012-04-25
      2012-04-26
      2012-04-27
      2012-04-28
      2012-04-29
      2012-04-30
      2012-05-01
      2012-05-02
      2012-05-03
      2012-05-04
      2012-05-05
      2012-05-06
      2012-05-07
      2012-05-08
      2012-05-09
      2012-05-10
      2012-05-11
      2012-05-12
      2012-05-13
      2012-05-14
      2012-05-15
      2012-05-16
      2012-05-17
      2012-05-18
      2012-05-19
      2012-05-20
      2012-05-21
      2012-05-22
      2012-05-23
      2012-05-24
      2012-05-25
      2012-05-26
      2012-05-27
      2012-05-28
      2012-05-29
      2012-05-30
      2012-05-31
      2012-06-01
      2012-06-02
      2012-06-03
      2012-06-04
      2012-06-05
      2012-06-06
      2012-06-07
      2012-06-08
      2012-06-09
      2012-06-10
      2012-06-11
      2012-06-12
      2012-06-13
      2012-06-14
      2012-06-15
      2012-06-16
      2012-06-17
      2012-06-18
      2012-06-19
      2012-06-20
      2012-06-21
      2012-06-22
      2012-06-23
      2012-06-24
      2012-06-25
      2012-06-26
      2012-06-27
      2012-06-28
      2012-06-29
      2012-06-30
      2012-07-01
      2012-07-02
      2012-07-03
      2012-07-04
      2012-07-05
      2012-07-06
      2012-07-07
      2012-07-08
      2012-07-09
      2012-07-10
      2012-07-11
      2012-07-12
      2012-07-13
      2012-07-14
      2012-07-15
      2012-07-16
      2012-07-17
      2012-07-18
      2012-07-19
      2012-07-20
      2012-07-21
      2012-07-22
      2012-07-23
      2012-07-24
      2012-07-25
      2012-07-26
      2012-07-27
      2012-07-28
      2012-07-29
      2012-07-30
      2012-07-31
      2012-08-01
      2012-08-02
      2012-08-03
      2012-08-04
      2012-08-05
      2012-08-06
      2012-08-07
      2012-08-08
      2012-08-09
      2012-08-10
      2012-08-11
      2012-08-12
      2012-08-13
      2012-08-14
      2012-08-15
      2012-08-16
      2012-08-17
      2012-08-18
      2012-08-19
      2012-08-20
      2012-08-21
      2012-08-22
      2012-08-23
      2012-08-24
      2012-08-25
      2012-08-26
      2012-08-27
      2012-08-28
      2012-08-29
      2012-08-30
      2012-08-31
      2012-09-01
      2012-09-02
      2012-09-03
      2012-09-04
      2012-09-05
      2012-09-06
      2012-09-07
      2012-09-08
      2012-09-09
      2012-09-10
      2012-09-11
      2012-09-12
      2012-09-13
      2012-09-14
      2012-09-15
      2012-09-16
      2012-09-17
      2012-09-18
      2012-09-19
      2012-09-20
      2012-09-21
      2012-09-22
      2012-09-23
      2012-09-24
      2012-09-25
      2012-09-26
      2012-09-27
      2012-09-28
      2012-09-29
      2012-09-30
      2012-10-01
      2012-10-02
      2012-10-03
      2012-10-04
      2012-10-05
      2012-10-06
      2012-10-07
      2012-10-08
      2012-10-09
      2012-10-10
      2012-10-11
      2012-10-12
      2012-10-13
      2012-10-14
      2012-10-15
      2012-10-16
      2012-10-17
      2012-10-18
      2012-10-19
      2012-10-20
      2012-10-21
      2012-10-22
      2012-10-23
      2012-10-24
      2012-10-25
      2012-10-26
      2012-10-27
      2012-10-28
      2012-10-29
      2012-10-30
      2012-10-31
      2012-11-01
      2012-11-02
      2012-11-03
      2012-11-04
      2012-11-05
      2012-11-06
      2012-11-07
      2012-11-08
      2012-11-09
      2012-11-10
      2012-11-11
      2012-11-12
      2012-11-13
      2012-11-14
      2012-11-15
      2012-11-16
      2012-11-17
      2012-11-18
      2012-11-19
      2012-11-20
      2012-11-21
      2012-11-22
      2012-11-23
      2012-11-24
      2012-11-25
      2012-11-26
      2012-11-27
      2012-11-28
      2012-11-29
      2012-11-30
      2012-12-01
      2012-12-02
      2012-12-03
      2012-12-04
      2012-12-05
      2012-12-06
      2012-12-07
      2012-12-08
      2012-12-09
      2012-12-10
      2012-12-11
      2012-12-12
      2012-12-13
      2012-12-14
      2012-12-15
      2012-12-16
      2012-12-17
      2012-12-18
      2012-12-19
      2012-12-20
      2012-12-21
      2012-12-22
      2012-12-23
      2012-12-24
      2012-12-25
      2012-12-26
      2012-12-27
      2012-12-28
      2012-12-29
      2012-12-30
      2012-12-31
 - Saving the year/seasonal rainfall realizations
 
Computing modelled (ERA5_LongRange) climatologies at stations for 08_AlignOBS_CleanSTVL (Coeff_Grid2Point=20) with a minimum of 75% of days over the considered period with valid observations
 - Computing the independent rainfall realizations for the year/seasonal climatologies. Processing 24-hourly accumulation period ending on:
      2012-01-01
      2012-01-02
      2012-01-03
      2012-01-04
      2012-01-05
      2012-01-06
      2012-01-07
      2012-01-08
      2012-01-09
      2012-01-10
      2012-01-11
      2012-01-12
      2012-01-13
      2012-01-14
      2012-01-15
      2012-01-16
      2012-01-17
      2012-01-18
      2012-01-19
      2012-01-20
      2012-01-21
      2012-01-22
      2012-01-23
      2012-01-24
      2012-01-25
      2012-01-26
      2012-01-27
      2012-01-28
      2012-01-29
      2012-01-30
      2012-01-31
      2012-02-01
      2012-02-02
      2012-02-03
      2012-02-04
      2012-02-05
      2012-02-06
      2012-02-07
      2012-02-08
      2012-02-09
      2012-02-10
      2012-02-11
      2012-02-12
      2012-02-13
      2012-02-14
      2012-02-15
      2012-02-16
      2012-02-17
      2012-02-18
      2012-02-19
      2012-02-20
      2012-02-21
      2012-02-22
      2012-02-23
      2012-02-24
      2012-02-25
      2012-02-26
      2012-02-27
      2012-02-28
      2012-02-29
      2012-03-01
      2012-03-02
      2012-03-03
      2012-03-04
      2012-03-05
      2012-03-06
      2012-03-07
      2012-03-08
      2012-03-09
      2012-03-10
      2012-03-11
      2012-03-12
      2012-03-13
      2012-03-14
      2012-03-15
      2012-03-16
      2012-03-17
      2012-03-18
      2012-03-19
      2012-03-20
      2012-03-21
      2012-03-22
      2012-03-23
      2012-03-24
      2012-03-25
      2012-03-26
      2012-03-27
      2012-03-28
      2012-03-29
      2012-03-30
      2012-03-31
      2012-04-01
      2012-04-02
      2012-04-03
      2012-04-04
      2012-04-05
      2012-04-06
      2012-04-07
      2012-04-08
      2012-04-09
      2012-04-10
      2012-04-11
      2012-04-12
      2012-04-13
      2012-04-14
      2012-04-15
      2012-04-16
      2012-04-17
      2012-04-18
      2012-04-19
      2012-04-20
      2012-04-21
      2012-04-22
      2012-04-23
      2012-04-24
      2012-04-25
      2012-04-26
      2012-04-27
      2012-04-28
      2012-04-29
      2012-04-30
      2012-05-01
      2012-05-02
      2012-05-03
      2012-05-04
      2012-05-05
      2012-05-06
      2012-05-07
      2012-05-08
      2012-05-09
      2012-05-10
      2012-05-11
      2012-05-12
      2012-05-13
      2012-05-14
      2012-05-15
      2012-05-16
      2012-05-17
      2012-05-18
      2012-05-19
      2012-05-20
      2012-05-21
      2012-05-22
      2012-05-23
      2012-05-24
      2012-05-25
      2012-05-26
      2012-05-27
      2012-05-28
      2012-05-29
      2012-05-30
      2012-05-31
      2012-06-01
      2012-06-02
      2012-06-03
      2012-06-04
      2012-06-05
      2012-06-06
      2012-06-07
      2012-06-08
      2012-06-09
      2012-06-10
      2012-06-11
      2012-06-12
      2012-06-13
      2012-06-14
      2012-06-15
      2012-06-16
      2012-06-17
      2012-06-18
      2012-06-19
      2012-06-20
      2012-06-21
      2012-06-22
      2012-06-23
      2012-06-24
      2012-06-25
      2012-06-26
      2012-06-27
      2012-06-28
      2012-06-29
      2012-06-30
      2012-07-01
      2012-07-02
      2012-07-03
      2012-07-04
      2012-07-05
      2012-07-06
      2012-07-07
      2012-07-08
      2012-07-09
      2012-07-10
      2012-07-11
      2012-07-12
      2012-07-13
      2012-07-14
      2012-07-15
      2012-07-16
      2012-07-17
      2012-07-18
      2012-07-19
      2012-07-20
      2012-07-21
      2012-07-22
      2012-07-23
      2012-07-24
      2012-07-25
      2012-07-26
      2012-07-27
      2012-07-28
      2012-07-29
      2012-07-30
      2012-07-31
      2012-08-01
      2012-08-02
      2012-08-03
      2012-08-04
      2012-08-05
      2012-08-06
      2012-08-07
      2012-08-08
      2012-08-09
      2012-08-10
      2012-08-11
      2012-08-12
      2012-08-13
      2012-08-14
      2012-08-15
      2012-08-16
      2012-08-17
      2012-08-18
      2012-08-19
      2012-08-20
      2012-08-21
      2012-08-22
      2012-08-23
      2012-08-24
      2012-08-25
      2012-08-26
      2012-08-27
      2012-08-28
      2012-08-29
      2012-08-30
      2012-08-31
      2012-09-01
      2012-09-02
      2012-09-03
      2012-09-04
      2012-09-05
      2012-09-06
      2012-09-07
      2012-09-08
      2012-09-09
      2012-09-10
      2012-09-11
      2012-09-12
      2012-09-13
      2012-09-14
      2012-09-15
      2012-09-16
      2012-09-17
      2012-09-18
      2012-09-19
      2012-09-20
      2012-09-21
      2012-09-22
      2012-09-23
      2012-09-24
      2012-09-25
      2012-09-26
      2012-09-27
      2012-09-28
      2012-09-29
      2012-09-30
      2012-10-01
      2012-10-02
      2012-10-03
      2012-10-04
      2012-10-05
      2012-10-06
      2012-10-07
      2012-10-08
      2012-10-09
      2012-10-10
      2012-10-11
      2012-10-12
      2012-10-13
      2012-10-14
      2012-10-15
      2012-10-16
      2012-10-17
      2012-10-18
      2012-10-19
      2012-10-20
      2012-10-21
      2012-10-22
      2012-10-23
      2012-10-24
      2012-10-25
      2012-10-26
      2012-10-27
      2012-10-28
      2012-10-29
      2012-10-30
      2012-10-31
      2012-11-01
      2012-11-02
      2012-11-03
      2012-11-04
      2012-11-05
      2012-11-06
      2012-11-07
      2012-11-08
      2012-11-09
      2012-11-10
      2012-11-11
      2012-11-12
      2012-11-13
      2012-11-14
      2012-11-15
      2012-11-16
      2012-11-17
      2012-11-18
      2012-11-19
      2012-11-20
      2012-11-21
      2012-11-22
      2012-11-23
      2012-11-24
      2012-11-25
      2012-11-26
      2012-11-27
      2012-11-28
      2012-11-29
      2012-11-30
      2012-12-01
      2012-12-02
      2012-12-03
      2012-12-04
      2012-12-05
      2012-12-06
      2012-12-07
      2012-12-08
      2012-12-09
      2012-12-10
      2012-12-11
      2012-12-12
      2012-12-13
      2012-12-14
      2012-12-15
      2012-12-16
      2012-12-17
      2012-12-18
      2012-12-19
      2012-12-20
      2012-12-21
      2012-12-22
      2012-12-23
      2012-12-24
      2012-12-25
      2012-12-26
      2012-12-27
      2012-12-28
      2012-12-29
      2012-12-30
      2012-12-31
 - Saving the year/seasonal rainfall realizations
 
Computing modelled (ERA5_EDA_LongRange) climatologies at stations for 08_AlignOBS_CleanSTVL (Coeff_Grid2Point=20) with a minimum of 75% of days over the considered period with valid observations
 - Computing the independent rainfall realizations for the year/seasonal climatologies. Processing 24-hourly accumulation period ending on:
      2012-01-01
      2012-01-02
      2012-01-03
      2012-01-04
      2012-01-05
      2012-01-06
      2012-01-07
      2012-01-08
      2012-01-09
      2012-01-10
      2012-01-11
      2012-01-12
      2012-01-13
      2012-01-14
      2012-01-15
      2012-01-16
      2012-01-17
      2012-01-18
      2012-01-19
      2012-01-20
      2012-01-21
      2012-01-22
      2012-01-23
      2012-01-24
      2012-01-25
      2012-01-26
      2012-01-27
      2012-01-28
      2012-01-29
      2012-01-30
      2012-01-31
      2012-02-01
      2012-02-02
      2012-02-03
      2012-02-04
      2012-02-05
      2012-02-06
      2012-02-07
      2012-02-08
      2012-02-09
      2012-02-10
      2012-02-11
      2012-02-12
      2012-02-13
      2012-02-14
      2012-02-15
      2012-02-16
      2012-02-17
      2012-02-18
      2012-02-19
      2012-02-20
      2012-02-21
      2012-02-22
      2012-02-23
      2012-02-24
      2012-02-25
      2012-02-26
      2012-02-27
      2012-02-28
      2012-02-29
      2012-03-01
      2012-03-02
      2012-03-03
      2012-03-04
      2012-03-05
      2012-03-06
      2012-03-07
      2012-03-08
      2012-03-09
      2012-03-10
      2012-03-11
      2012-03-12
      2012-03-13
      2012-03-14
      2012-03-15
      2012-03-16
      2012-03-17
      2012-03-18
      2012-03-19
      2012-03-20
      2012-03-21
      2012-03-22
      2012-03-23
      2012-03-24
      2012-03-25
      2012-03-26
      2012-03-27
      2012-03-28
      2012-03-29
      2012-03-30
      2012-03-31
      2012-04-01
      2012-04-02
      2012-04-03
      2012-04-04
      2012-04-05
      2012-04-06
      2012-04-07
      2012-04-08
      2012-04-09
      2012-04-10
      2012-04-11
      2012-04-12
      2012-04-13
      2012-04-14
      2012-04-15
      2012-04-16
      2012-04-17
      2012-04-18
      2012-04-19
      2012-04-20
      2012-04-21
      2012-04-22
      2012-04-23
      2012-04-24
      2012-04-25
      2012-04-26
      2012-04-27
      2012-04-28
      2012-04-29
      2012-04-30
      2012-05-01
      2012-05-02
      2012-05-03
      2012-05-04
      2012-05-05
      2012-05-06
      2012-05-07
      2012-05-08
      2012-05-09
      2012-05-10
      2012-05-11
      2012-05-12
      2012-05-13
      2012-05-14
      2012-05-15
      2012-05-16
      2012-05-17
      2012-05-18
      2012-05-19
      2012-05-20
      2012-05-21
      2012-05-22
      2012-05-23
      2012-05-24
      2012-05-25
      2012-05-26
      2012-05-27
      2012-05-28
      2012-05-29
      2012-05-30
      2012-05-31
      2012-06-01
      2012-06-02
      2012-06-03
      2012-06-04
      2012-06-05
      2012-06-06
      2012-06-07
      2012-06-08
      2012-06-09
      2012-06-10
      2012-06-11
      2012-06-12
      2012-06-13
      2012-06-14
      2012-06-15
      2012-06-16
      2012-06-17
      2012-06-18
      2012-06-19
      2012-06-20
      2012-06-21
      2012-06-22
      2012-06-23
      2012-06-24
      2012-06-25
      2012-06-26
      2012-06-27
      2012-06-28
      2012-06-29
      2012-06-30
      2012-07-01
      2012-07-02
      2012-07-03
      2012-07-04
      2012-07-05
      2012-07-06
      2012-07-07
      2012-07-08
      2012-07-09
      2012-07-10
      2012-07-11
      2012-07-12
      2012-07-13
      2012-07-14
      2012-07-15
      2012-07-16
      2012-07-17
      2012-07-18
      2012-07-19
      2012-07-20
      2012-07-21
      2012-07-22
      2012-07-23
      2012-07-24
      2012-07-25
      2012-07-26
      2012-07-27
      2012-07-28
      2012-07-29
      2012-07-30
      2012-07-31
      2012-08-01
      2012-08-02
      2012-08-03
      2012-08-04
      2012-08-05
      2012-08-06
      2012-08-07
      2012-08-08
      2012-08-09
      2012-08-10
      2012-08-11
      2012-08-12
      2012-08-13
      2012-08-14
      2012-08-15
      2012-08-16
      2012-08-17
      2012-08-18
      2012-08-19
      2012-08-20
      2012-08-21
      2012-08-22
      2012-08-23
      2012-08-24
      2012-08-25
      2012-08-26
      2012-08-27
      2012-08-28
      2012-08-29
      2012-08-30
      2012-08-31
      2012-09-01
      2012-09-02
      2012-09-03
      2012-09-04
      2012-09-05
      2012-09-06
      2012-09-07
      2012-09-08
      2012-09-09
      2012-09-10
      2012-09-11
      2012-09-12
      2012-09-13
      2012-09-14
      2012-09-15
      2012-09-16
      2012-09-17
      2012-09-18
      2012-09-19
      2012-09-20
      2012-09-21
      2012-09-22
      2012-09-23
      2012-09-24
      2012-09-25
      2012-09-26
      2012-09-27
      2012-09-28
      2012-09-29
      2012-09-30
      2012-10-01
      2012-10-02
      2012-10-03
      2012-10-04
      2012-10-05
      2012-10-06
      2012-10-07
      2012-10-08
      2012-10-09
      2012-10-10
      2012-10-11
      2012-10-12
      2012-10-13
      2012-10-14
      2012-10-15
      2012-10-16
      2012-10-17
      2012-10-18
      2012-10-19
      2012-10-20
      2012-10-21
      2012-10-22
      2012-10-23
      2012-10-24
      2012-10-25
      2012-10-26
      2012-10-27
      2012-10-28
      2012-10-29
      2012-10-30
      2012-10-31
      2012-11-01
      2012-11-02
      2012-11-03
      2012-11-04
      2012-11-05
      2012-11-06
      2012-11-07
      2012-11-08
      2012-11-09
      2012-11-10
      2012-11-11
      2012-11-12
      2012-11-13
      2012-11-14
      2012-11-15
      2012-11-16
      2012-11-17
      2012-11-18
      2012-11-19
      2012-11-20
      2012-11-21
      2012-11-22
      2012-11-23
      2012-11-24
      2012-11-25
      2012-11-26
      2012-11-27
      2012-11-28
      2012-11-29
      2012-11-30
      2012-12-01
      2012-12-02
      2012-12-03
      2012-12-04
      2012-12-05
      2012-12-06
      2012-12-07
      2012-12-08
      2012-12-09
      2012-12-10
      2012-12-11
      2012-12-12
      2012-12-13
      2012-12-14
      2012-12-15
      2012-12-16
      2012-12-17
      2012-12-18
      2012-12-19
      2012-12-20
      2012-12-21
      2012-12-22
      2012-12-23
      2012-12-24
      2012-12-25
      2012-12-26
      2012-12-27
      2012-12-28
      2012-12-29
      2012-12-30
      2012-12-31
 - Saving the year/seasonal rainfall realizations
 
Computing modelled (ERA5_ecPoint/Grid_BC_VALS) climatologies at stations for 08_AlignOBS_CleanSTVL (Coeff_Grid2Point=20) with a minimum of 75% of days over the considered period with valid observations
 - Computing the independent rainfall realizations for the year/seasonal climatologies. Processing 24-hourly accumulation period ending on:
      2012-01-01
      2012-01-02
      2012-01-03
      2012-01-04
      2012-01-05
      2012-01-06
      2012-01-07
      2012-01-08
      2012-01-09
      2012-01-10
      2012-01-11
      2012-01-12
      2012-01-13
      2012-01-14
      2012-01-15
      2012-01-16
      2012-01-17
      2012-01-18
      2012-01-19
      2012-01-20
      2012-01-21
      2012-01-22
      2012-01-23
      2012-01-24
      2012-01-25
      2012-01-26
      2012-01-27
      2012-01-28
      2012-01-29
      2012-01-30
      2012-01-31
      2012-02-01
      2012-02-02
      2012-02-03
      2012-02-04
      2012-02-05
      2012-02-06
      2012-02-07
      2012-02-08
      2012-02-09
      2012-02-10
      2012-02-11
      2012-02-12
      2012-02-13
      2012-02-14
      2012-02-15
      2012-02-16
      2012-02-17
      2012-02-18
      2012-02-19
      2012-02-20
      2012-02-21
      2012-02-22
      2012-02-23
      2012-02-24
      2012-02-25
      2012-02-26
      2012-02-27
      2012-02-28
      2012-02-29
      2012-03-01
      2012-03-02
      2012-03-03
      2012-03-04
      2012-03-05
      2012-03-06
      2012-03-07
      2012-03-08
      2012-03-09
      2012-03-10
      2012-03-11
      2012-03-12
      2012-03-13
      2012-03-14
      2012-03-15
      2012-03-16
      2012-03-17
      2012-03-18
      2012-03-19
      2012-03-20
      2012-03-21
      2012-03-22
      2012-03-23
      2012-03-24
      2012-03-25
      2012-03-26
      2012-03-27
      2012-03-28
      2012-03-29
      2012-03-30
      2012-03-31
      2012-04-01
      2012-04-02
      2012-04-03
      2012-04-04
      2012-04-05
      2012-04-06
      2012-04-07
      2012-04-08
      2012-04-09
      2012-04-10
      2012-04-11
      2012-04-12
      2012-04-13
      2012-04-14
      2012-04-15
      2012-04-16
      2012-04-17
      2012-04-18
      2012-04-19
      2012-04-20
      2012-04-21
      2012-04-22
      2012-04-23
      2012-04-24
      2012-04-25
      2012-04-26
      2012-04-27
      2012-04-28
      2012-04-29
      2012-04-30
      2012-05-01
      2012-05-02
      2012-05-03
      2012-05-04
      2012-05-05
      2012-05-06
      2012-05-07
      2012-05-08
      2012-05-09
      2012-05-10
      2012-05-11
      2012-05-12
      2012-05-13
      2012-05-14
      2012-05-15
      2012-05-16
      2012-05-17
      2012-05-18
      2012-05-19
      2012-05-20
      2012-05-21
      2012-05-22
      2012-05-23
      2012-05-24
      2012-05-25
      2012-05-26
      2012-05-27
      2012-05-28
      2012-05-29
      2012-05-30
      2012-05-31
      2012-06-01
      2012-06-02
      2012-06-03
      2012-06-04
      2012-06-05
      2012-06-06
      2012-06-07
      2012-06-08
      2012-06-09
      2012-06-10
      2012-06-11
      2012-06-12
      2012-06-13
      2012-06-14
      2012-06-15
      2012-06-16
      2012-06-17
      2012-06-18
      2012-06-19
      2012-06-20
      2012-06-21
      2012-06-22
      2012-06-23
      2012-06-24
      2012-06-25
      2012-06-26
      2012-06-27
      2012-06-28
      2012-06-29
      2012-06-30
      2012-07-01
      2012-07-02
      2012-07-03
      2012-07-04
      2012-07-05
      2012-07-06
      2012-07-07
      2012-07-08
      2012-07-09
      2012-07-10
      2012-07-11
      2012-07-12
      2012-07-13
      2012-07-14
      2012-07-15
      2012-07-16
      2012-07-17
      2012-07-18
      2012-07-19
      2012-07-20
      2012-07-21
      2012-07-22
      2012-07-23
      2012-07-24
      2012-07-25
      2012-07-26
      2012-07-27
      2012-07-28
      2012-07-29
      2012-07-30
      2012-07-31
      2012-08-01
      2012-08-02
      2012-08-03
      2012-08-04
      2012-08-05
      2012-08-06
      2012-08-07
      2012-08-08
      2012-08-09
      2012-08-10
      2012-08-11
      2012-08-12
      2012-08-13
      2012-08-14
      2012-08-15
      2012-08-16
      2012-08-17
      2012-08-18
      2012-08-19
      2012-08-20
      2012-08-21
      2012-08-22
      2012-08-23
      2012-08-24
      2012-08-25
      2012-08-26
      2012-08-27
      2012-08-28
      2012-08-29
      2012-08-30
      2012-08-31
      2012-09-01
      2012-09-02
      2012-09-03
      2012-09-04
      2012-09-05
      2012-09-06
      2012-09-07
      2012-09-08
      2012-09-09
      2012-09-10
      2012-09-11
      2012-09-12
      2012-09-13
      2012-09-14
      2012-09-15
      2012-09-16
      2012-09-17
      2012-09-18
      2012-09-19
      2012-09-20
      2012-09-21
      2012-09-22
      2012-09-23
      2012-09-24
      2012-09-25
      2012-09-26
      2012-09-27
      2012-09-28
      2012-09-29
      2012-09-30
      2012-10-01
      2012-10-02
      2012-10-03
      2012-10-04
      2012-10-05
      2012-10-06
      2012-10-07
      2012-10-08
      2012-10-09
      2012-10-10
      2012-10-11
      2012-10-12
      2012-10-13
      2012-10-14
      2012-10-15
      2012-10-16
      2012-10-17
      2012-10-18
      2012-10-19
      2012-10-20
      2012-10-21
      2012-10-22
      2012-10-23
      2012-10-24
      2012-10-25
      2012-10-26
      2012-10-27
      2012-10-28
      2012-10-29
      2012-10-30
      2012-10-31
      2012-11-01
      2012-11-02
      2012-11-03
      2012-11-04
      2012-11-05
      2012-11-06
      2012-11-07
      2012-11-08
      2012-11-09
      2012-11-10
      2012-11-11
      2012-11-12
      2012-11-13
      2012-11-14
      2012-11-15
      2012-11-16
      2012-11-17
      2012-11-18
      2012-11-19
      2012-11-20
      2012-11-21
      2012-11-22
      2012-11-23
      2012-11-24
      2012-11-25
      2012-11-26
      2012-11-27
      2012-11-28
      2012-11-29
      2012-11-30
      2012-12-01
      2012-12-02
      2012-12-03
      2012-12-04
      2012-12-05
      2012-12-06
      2012-12-07
      2012-12-08
      2012-12-09
      2012-12-10
      2012-12-11
      2012-12-12
      2012-12-13
      2012-12-14
      2012-12-15
      2012-12-16
      2012-12-17
      2012-12-18
      2012-12-19
      2012-12-20
      2012-12-21
      2012-12-22
      2012-12-23
      2012-12-24
      2012-12-25
      2012-12-26
      2012-12-27
      2012-12-28
      2012-12-29
      2012-12-30
      2012-12-31
 - Saving the year/seasonal rainfall realizations
 
Computing modelled (ERA5_ecPoint/Pt_BC_PERC) climatologies at stations for 08_AlignOBS_CleanSTVL (Coeff_Grid2Point=20) with a minimum of 75% of days over the considered period with valid observations
 - Computing the independent rainfall realizations for the year/seasonal climatologies. Processing 24-hourly accumulation period ending on:
      2012-01-01
      2012-01-02
      2012-01-03
      2012-01-04
      2012-01-05
      2012-01-06
      2012-01-07
      2012-01-08
      2012-01-09
      2012-01-10
      2012-01-11
      2012-01-12
      2012-01-13
      2012-01-14
      2012-01-15
      2012-01-16
      2012-01-17
      2012-01-18
      2012-01-19
      2012-01-20
      2012-01-21
      2012-01-22
      2012-01-23
      2012-01-24
      2012-01-25
      2012-01-26
      2012-01-27
      2012-01-28
      2012-01-29
      2012-01-30
      2012-01-31
      2012-02-01
      2012-02-02
      2012-02-03
      2012-02-04
      2012-02-05
      2012-02-06
      2012-02-07
      2012-02-08
      2012-02-09
      2012-02-10
      2012-02-11
      2012-02-12
      2012-02-13
      2012-02-14
      2012-02-15
      2012-02-16
      2012-02-17
      2012-02-18
      2012-02-19
      2012-02-20
      2012-02-21
      2012-02-22
      2012-02-23
      2012-02-24
      2012-02-25
      2012-02-26
      2012-02-27
      2012-02-28
      2012-02-29
      2012-03-01
      2012-03-02
      2012-03-03
      2012-03-04
      2012-03-05
      2012-03-06
      2012-03-07
      2012-03-08
      2012-03-09
      2012-03-10
      2012-03-11
      2012-03-12
      2012-03-13
      2012-03-14
      2012-03-15
      2012-03-16
      2012-03-17
      2012-03-18
      2012-03-19
      2012-03-20
      2012-03-21
      2012-03-22
      2012-03-23
      2012-03-24
      2012-03-25
      2012-03-26
      2012-03-27
      2012-03-28
      2012-03-29
      2012-03-30
      2012-03-31
      2012-04-01
      2012-04-02
      2012-04-03
      2012-04-04
      2012-04-05
      2012-04-06
      2012-04-07
      2012-04-08
      2012-04-09
      2012-04-10
      2012-04-11
      2012-04-12
      2012-04-13
      2012-04-14
      2012-04-15
      2012-04-16
      2012-04-17
      2012-04-18
      2012-04-19
      2012-04-20
      2012-04-21
      2012-04-22
      2012-04-23
      2012-04-24
      2012-04-25
      2012-04-26
      2012-04-27
      2012-04-28
      2012-04-29
      2012-04-30
      2012-05-01
      2012-05-02
      2012-05-03
      2012-05-04
      2012-05-05
      2012-05-06
      2012-05-07
      2012-05-08
      2012-05-09
      2012-05-10
      2012-05-11
      2012-05-12
      2012-05-13
      2012-05-14
      2012-05-15
      2012-05-16
      2012-05-17
      2012-05-18
      2012-05-19
      2012-05-20
      2012-05-21
      2012-05-22
      2012-05-23
      2012-05-24
      2012-05-25
      2012-05-26
      2012-05-27
      2012-05-28
      2012-05-29
      2012-05-30
      2012-05-31
      2012-06-01
      2012-06-02
      2012-06-03
      2012-06-04
      2012-06-05
      2012-06-06
      2012-06-07
      2012-06-08
      2012-06-09
      2012-06-10
      2012-06-11
      2012-06-12
      2012-06-13
      2012-06-14
      2012-06-15
      2012-06-16
      2012-06-17
      2012-06-18
      2012-06-19
      2012-06-20
      2012-06-21
      2012-06-22
      2012-06-23
      2012-06-24
      2012-06-25
      2012-06-26
      2012-06-27
      2012-06-28
      2012-06-29
      2012-06-30
      2012-07-01
      2012-07-02
      2012-07-03
      2012-07-04
      2012-07-05
      2012-07-06
      2012-07-07
      2012-07-08
      2012-07-09
      2012-07-10
      2012-07-11
      2012-07-12
      2012-07-13
      2012-07-14
      2012-07-15
      2012-07-16
      2012-07-17
      2012-07-18
      2012-07-19
      2012-07-20
      2012-07-21
      2012-07-22
      2012-07-23
      2012-07-24
      2012-07-25
      2012-07-26
      2012-07-27
      2012-07-28
      2012-07-29
      2012-07-30
      2012-07-31
      2012-08-01
      2012-08-02
      2012-08-03
      2012-08-04
      2012-08-05
      2012-08-06
      2012-08-07
      2012-08-08
      2012-08-09
      2012-08-10
      2012-08-11
      2012-08-12
      2012-08-13
      2012-08-14
      2012-08-15
      2012-08-16
      2012-08-17
      2012-08-18
      2012-08-19
      2012-08-20
      2012-08-21
      2012-08-22
      2012-08-23
      2012-08-24
      2012-08-25
      2012-08-26
      2012-08-27
      2012-08-28
      2012-08-29
      2012-08-30
      2012-08-31
      2012-09-01
      2012-09-02
      2012-09-03
      2012-09-04
      2012-09-05
      2012-09-06
      2012-09-07
      2012-09-08
      2012-09-09
      2012-09-10
      2012-09-11
      2012-09-12
      2012-09-13
      2012-09-14
      2012-09-15
      2012-09-16
      2012-09-17
      2012-09-18
      2012-09-19
      2012-09-20
      2012-09-21
      2012-09-22
      2012-09-23
      2012-09-24
      2012-09-25
      2012-09-26
      2012-09-27
      2012-09-28
      2012-09-29
      2012-09-30
      2012-10-01
      2012-10-02
      2012-10-03
      2012-10-04
      2012-10-05
      2012-10-06
      2012-10-07
      2012-10-08
      2012-10-09
      2012-10-10
      2012-10-11
      2012-10-12
      2012-10-13
      2012-10-14
      2012-10-15
      2012-10-16
      2012-10-17
      2012-10-18
      2012-10-19
      2012-10-20
      2012-10-21
      2012-10-22
      2012-10-23
      2012-10-24
      2012-10-25
      2012-10-26
      2012-10-27
      2012-10-28
      2012-10-29
      2012-10-30
      2012-10-31
      2012-11-01
      2012-11-02
      2012-11-03
      2012-11-04
      2012-11-05
      2012-11-06
      2012-11-07
      2012-11-08
      2012-11-09
      2012-11-10
      2012-11-11
      2012-11-12
      2012-11-13
      2012-11-14
      2012-11-15
      2012-11-16
      2012-11-17
      2012-11-18
      2012-11-19
      2012-11-20
      2012-11-21
      2012-11-22
      2012-11-23
      2012-11-24
      2012-11-25
      2012-11-26
      2012-11-27
      2012-11-28
      2012-11-29
      2012-11-30
      2012-12-01
      2012-12-02
      2012-12-03
      2012-12-04
      2012-12-05
      2012-12-06
      2012-12-07
      2012-12-08
      2012-12-09
      2012-12-10
      2012-12-11
      2012-12-12
      2012-12-13
      2012-12-14
      2012-12-15
      2012-12-16
      2012-12-17
      2012-12-18
      2012-12-19
      2012-12-20
      2012-12-21
      2012-12-22
      2012-12-23
      2012-12-24
      2012-12-25
      2012-12-26
      2012-12-27
      2012-12-28
      2012-12-29
      2012-12-30
      2012-12-31
 - Saving the year/seasonal rainfall realizations
[ECMWF-INFO -ecepilog] ----------------------------------------------------------------------------------------------------
[ECMWF-INFO -ecepilog] This is the ECMWF job Epilogue
[ECMWF-INFO -ecepilog] +++ Please report issues using the Support portal +++
[ECMWF-INFO -ecepilog] +++ https://support.ecmwf.int                     +++
[ECMWF-INFO -ecepilog] ----------------------------------------------------------------------------------------------------
[ECMWF-INFO -ecepilog] Run at 2023-08-17T21:49:38 on ac
[ECMWF-INFO -ecepilog] JobName                   : Extract_RainfallFC_atOBS
[ECMWF-INFO -ecepilog] JobID                     : 34131500
[ECMWF-INFO -ecepilog] Submit                    : 2023-08-17T20:41:08
[ECMWF-INFO -ecepilog] Start                     : 2023-08-17T20:41:45
[ECMWF-INFO -ecepilog] End                       : 2023-08-17T21:49:38
[ECMWF-INFO -ecepilog] QueuedTime                : 37.0
[ECMWF-INFO -ecepilog] ElapsedRaw                : 4073
[ECMWF-INFO -ecepilog] ExitCode                  : 0:0
[ECMWF-INFO -ecepilog] DerivedExitCode           : 0:0
[ECMWF-INFO -ecepilog] State                     : COMPLETED
[ECMWF-INFO -ecepilog] Account                   : ecodmdmo
[ECMWF-INFO -ecepilog] QOS                       : nf
[ECMWF-INFO -ecepilog] User                      : mofp
[ECMWF-INFO -ecepilog] StdOut                    : /etc/ecmwf/vol/ecpoint_dev/mofp/Papers_2_Write/ecPoint_Climate/Scripts/Processed/LogATOS/Extract_RainfallFC_atOBS-34131500.out
[ECMWF-INFO -ecepilog] StdErr                    : /etc/ecmwf/vol/ecpoint_dev/mofp/Papers_2_Write/ecPoint_Climate/Scripts/Processed/LogATOS/Extract_RainfallFC_atOBS-34131500.out
[ECMWF-INFO -ecepilog] NNodes                    : 1
[ECMWF-INFO -ecepilog] NCPUS                     : 2
[ECMWF-INFO -ecepilog] SBU                       : 21.394
[ECMWF-INFO -ecepilog] ----------------------------------------------------------------------------------------------------

