[ECMWF-INFO -sbatch] - -------------------------------------------------------------------------------------
[ECMWF-INFO -sbatch] -  This is the ECMWF jobfilter
[ECMWF-INFO -sbatch] -  +++ Please report issues using the Support portal +++
[ECMWF-INFO -sbatch] -  +++ https://support.ecmwf.int                     +++
[ECMWF-INFO -sbatch] -  /usr/local/bin/ecsbatch: size: 48802, mtime: Mon Jul  3 10:31:21 2023
[ECMWF-INFO -sbatch] - -------------------------------------------------------------------------------------
[ECMWF-INFO -sbatch] - Time at submit: Fri Aug 18 09:00:28 2023 (1692349228.7078433) on ac6-100.bullx:/etc/ecmwf/vol/ecpoint_dev/mofp/Papers_2_Write/ecPoint_Climate/Scripts/Processed
[ECMWF-INFO -sbatch] - --- SLURM VARIABLES ---
[ECMWF-INFO -sbatch] - EC_CLUSTER=ac
[ECMWF-INFO -sbatch] - SLURM_EXPORT_ENV=ALL
[ECMWF-INFO -sbatch] - SBATCH_EXPORT=NONE
[ECMWF-INFO -sbatch] - -----------------------
[ECMWF-INFO -sbatch] - jobscript: /etc/ecmwf/vol/ecpoint_dev/mofp/Papers_2_Write/ecPoint_Climate/Scripts/Processed/10a_SubmitATOS_Extract_RainfallFC_atOBS.sh
[ECMWF-INFO -sbatch] - --- SCRIPT OPTIONS ---
[ECMWF-INFO -sbatch] - #SBATCH --job-name=Extract_RainfallFC_atOBS
[ECMWF-INFO -sbatch] - #SBATCH --output=LogATOS/Extract_RainfallFC_atOBS-%J.out
[ECMWF-INFO -sbatch] - #SBATCH --error=LogATOS/Extract_RainfallFC_atOBS-%J.out
[ECMWF-INFO -sbatch] - #SBATCH --cpus-per-task=1
[ECMWF-INFO -sbatch] - #SBATCH --mem=64G
[ECMWF-INFO -sbatch] - #SBATCH --qos=nf
[ECMWF-INFO -sbatch] - #SBATCH --mail-type=FAIL
[ECMWF-INFO -sbatch] - #SBATCH --mail-user=fatima.pillosu@ecmwf.int
[ECMWF-INFO -sbatch] - -----------------------
[ECMWF-INFO -sbatch] - --- POST-PROCESSED OPTIONS ---
[ECMWF-INFO -sbatch] - ARG --positional=['10a_SubmitATOS_Extract_RainfallFC_atOBS.sh', '2017', 'Reforecasts_46r1']
[ECMWF-INFO -sbatch] - ARG --cpus_per_task=1
[ECMWF-INFO -sbatch] - ARG --error=LogATOS/Extract_RainfallFC_atOBS-%J.out
[ECMWF-INFO -sbatch] - ARG --job_name=Extract_RainfallFC_atOBS
[ECMWF-INFO -sbatch] - ARG --mail_type=FAIL
[ECMWF-INFO -sbatch] - ARG --mail_user=fatima.pillosu@ecmwf.int
[ECMWF-INFO -sbatch] - ARG --output=LogATOS/Extract_RainfallFC_atOBS-%J.out
[ECMWF-INFO -sbatch] - ARG --qos=nf
[ECMWF-INFO -sbatch] - ARG --mem=64G
[ECMWF-INFO -sbatch] - ------------------------------
[ECMWF-INFO -sbatch] - jobtag: mofp-Extract_Ra_llFC_atOBS-1x2-/etc/ecmwf/vol/ecpoint_dev/mofp/Papers_2_Write/ecPoint_Climate/Scripts/Processed/LogATOS/Extract_RainfallFC_atOBS-_.out
[ECMWF-INFO -sbatch] - ['/usr/bin/sbatch', '--cpus-per-task=1', '--error=LogATOS/Extract_RainfallFC_atOBS-%J.out', '--job-name=Extract_RainfallFC_atOBS', '--mail-type=FAIL', '--mail-user=fatima.pillosu@ecmwf.int', '--output=LogATOS/Extract_RainfallFC_atOBS-%J.out', '--qos=nf', '--mem=64G', '--licenses=h2resw01', '--time=1-00:00:00', '/etc/ecmwf/vol/ecpoint_dev/mofp/Papers_2_Write/ecPoint_Climate/Scripts/Processed/10a_SubmitATOS_Extract_RainfallFC_atOBS.sh', '2017', 'Reforecasts_46r1']
[ECMWF-INFO -sbatch] - sbatch executed on ac
[ECMWF-INFO -sbatch] - Job queued on ac using method local
[ECMWF-INFO -sbatch] - Submitted batch job 34299676
[ECMWF-INFO -ecprofile] /usr/bin/bash NON_INTERACTIVE on ac6-195 at 20230818_090105.908, PID: 3101748, JOBID: 34299676
[ECMWF-INFO -ecprofile] $SCRATCH=/ec/res4/scratch/mofp
[ECMWF-INFO -ecprofile] $PERM=/perm/mofp
[ECMWF-INFO -ecprofile] $HPCPERM=/ec/res4/hpcperm/mofp
[ECMWF-INFO -ecprofile] $TMPDIR=/etc/ecmwf/ssd/ssd1/tmpdirs/mofp.34299676
[ECMWF-INFO -ecprofile] $SCRATCHDIR=/ec/res4/scratchdir/mofp/4/34299676
 
Computing modelled (Reforecasts_46r1) climatologies at stations for 08_AlignOBS_CleanSTVL (Coeff_Grid2Point=20) with a minimum of 75% of days over the considered period with valid observations
 - Computing the independent rainfall realizations for the year/seasonal climatologies. Processing 24-hourly accumulation period ending on:
      2017-01-01
      2017-01-02
      2017-01-03
      2017-01-04
      2017-01-05
      2017-01-06
      2017-01-07
      2017-01-08
      2017-01-09
      2017-01-10
      2017-01-11
      2017-01-12
      2017-01-13
      2017-01-14
      2017-01-15
      2017-01-16
      2017-01-17
      2017-01-18
      2017-01-19
      2017-01-20
      2017-01-21
      2017-01-22
      2017-01-23
      2017-01-24
      2017-01-25
      2017-01-26
      2017-01-27
      2017-01-28
      2017-01-29
      2017-01-30
      2017-01-31
      2017-02-01
      2017-02-02
      2017-02-03
      2017-02-04
      2017-02-05
      2017-02-06
      2017-02-07
      2017-02-08
      2017-02-09
      2017-02-10
      2017-02-11
      2017-02-12
      2017-02-13
      2017-02-14
      2017-02-15
      2017-02-16
      2017-02-17
      2017-02-18
      2017-02-19
      2017-02-20
      2017-02-21
      2017-02-22
      2017-02-23
      2017-02-24
      2017-02-25
      2017-02-26
      2017-02-27
      2017-02-28
      2017-03-01
      2017-03-02
      2017-03-03
      2017-03-04
      2017-03-05
      2017-03-06
      2017-03-07
      2017-03-08
      2017-03-09
      2017-03-10
      2017-03-11
      2017-03-12
      2017-03-13
      2017-03-14
      2017-03-15
      2017-03-16
      2017-03-17
      2017-03-18
      2017-03-19
      2017-03-20
      2017-03-21
      2017-03-22
      2017-03-23
      2017-03-24
      2017-03-25
      2017-03-26
      2017-03-27
      2017-03-28
      2017-03-29
      2017-03-30
      2017-03-31
      2017-04-01
      2017-04-02
      2017-04-03
      2017-04-04
      2017-04-05
      2017-04-06
      2017-04-07
      2017-04-08
      2017-04-09
      2017-04-10
      2017-04-11
      2017-04-12
      2017-04-13
      2017-04-14
      2017-04-15
      2017-04-16
      2017-04-17
      2017-04-18
      2017-04-19
      2017-04-20
      2017-04-21
      2017-04-22
      2017-04-23
      2017-04-24
      2017-04-25
      2017-04-26
      2017-04-27
      2017-04-28
      2017-04-29
      2017-04-30
      2017-05-01
      2017-05-02
      2017-05-03
      2017-05-04
      2017-05-05
      2017-05-06
      2017-05-07
      2017-05-08
      2017-05-09
      2017-05-10
      2017-05-11
      2017-05-12
      2017-05-13
      2017-05-14
      2017-05-15
      2017-05-16
      2017-05-17
      2017-05-18
      2017-05-19
      2017-05-20
      2017-05-21
      2017-05-22
      2017-05-23
      2017-05-24
      2017-05-25
      2017-05-26
      2017-05-27
      2017-05-28
      2017-05-29
      2017-05-30
      2017-05-31
      2017-06-01
      2017-06-02
      2017-06-03
      2017-06-04
      2017-06-05
      2017-06-06
      2017-06-07
      2017-06-08
      2017-06-09
      2017-06-10
      2017-06-11
      2017-06-12
      2017-06-13
      2017-06-14
      2017-06-15
      2017-06-16
      2017-06-17
      2017-06-18
      2017-06-19
      2017-06-20
      2017-06-21
      2017-06-22
      2017-06-23
      2017-06-24
      2017-06-25
      2017-06-26
      2017-06-27
      2017-06-28
      2017-06-29
      2017-06-30
      2017-07-01
      2017-07-02
      2017-07-03
      2017-07-04
      2017-07-05
      2017-07-06
      2017-07-07
      2017-07-08
      2017-07-09
      2017-07-10
      2017-07-11
      2017-07-12
      2017-07-13
      2017-07-14
      2017-07-15
      2017-07-16
      2017-07-17
      2017-07-18
      2017-07-19
      2017-07-20
      2017-07-21
      2017-07-22
      2017-07-23
      2017-07-24
      2017-07-25
      2017-07-26
      2017-07-27
      2017-07-28
      2017-07-29
      2017-07-30
      2017-07-31
      2017-08-01
      2017-08-02
      2017-08-03
      2017-08-04
      2017-08-05
      2017-08-06
      2017-08-07
      2017-08-08
      2017-08-09
      2017-08-10
      2017-08-11
      2017-08-12
      2017-08-13
      2017-08-14
      2017-08-15
      2017-08-16
      2017-08-17
      2017-08-18
      2017-08-19
      2017-08-20
      2017-08-21
      2017-08-22
      2017-08-23
      2017-08-24
      2017-08-25
      2017-08-26
      2017-08-27
      2017-08-28
      2017-08-29
      2017-08-30
      2017-08-31
      2017-09-01
      2017-09-02
      2017-09-03
      2017-09-04
      2017-09-05
      2017-09-06
      2017-09-07
      2017-09-08
      2017-09-09
      2017-09-10
      2017-09-11
      2017-09-12
      2017-09-13
      2017-09-14
      2017-09-15
      2017-09-16
      2017-09-17
      2017-09-18
      2017-09-19
      2017-09-20
      2017-09-21
      2017-09-22
      2017-09-23
      2017-09-24
      2017-09-25
      2017-09-26
      2017-09-27
      2017-09-28
      2017-09-29
      2017-09-30
      2017-10-01
      2017-10-02
      2017-10-03
      2017-10-04
      2017-10-05
      2017-10-06
      2017-10-07
      2017-10-08
      2017-10-09
      2017-10-10
      2017-10-11
      2017-10-12
      2017-10-13
      2017-10-14
      2017-10-15
      2017-10-16
      2017-10-17
      2017-10-18
      2017-10-19
      2017-10-20
      2017-10-21
      2017-10-22
      2017-10-23
      2017-10-24
      2017-10-25
      2017-10-26
      2017-10-27
      2017-10-28
      2017-10-29
      2017-10-30
      2017-10-31
      2017-11-01
      2017-11-02
      2017-11-03
      2017-11-04
      2017-11-05
      2017-11-06
      2017-11-07
      2017-11-08
      2017-11-09
      2017-11-10
      2017-11-11
      2017-11-12
      2017-11-13
      2017-11-14
      2017-11-15
      2017-11-16
      2017-11-17
      2017-11-18
      2017-11-19
      2017-11-20
      2017-11-21
      2017-11-22
      2017-11-23
      2017-11-24
      2017-11-25
      2017-11-26
      2017-11-27
      2017-11-28
      2017-11-29
      2017-11-30
      2017-12-01
      2017-12-02
      2017-12-03
      2017-12-04
      2017-12-05
      2017-12-06
      2017-12-07
      2017-12-08
      2017-12-09
      2017-12-10
      2017-12-11
      2017-12-12
      2017-12-13
      2017-12-14
      2017-12-15
      2017-12-16
      2017-12-17
      2017-12-18
      2017-12-19
      2017-12-20
      2017-12-21
      2017-12-22
      2017-12-23
      2017-12-24
      2017-12-25
      2017-12-26
      2017-12-27
      2017-12-28
      2017-12-29
      2017-12-30
      2017-12-31
 - Saving the year/seasonal rainfall realizations
[ECMWF-INFO -ecepilog] ----------------------------------------------------------------------------------------------------
[ECMWF-INFO -ecepilog] This is the ECMWF job Epilogue
[ECMWF-INFO -ecepilog] +++ Please report issues using the Support portal +++
[ECMWF-INFO -ecepilog] +++ https://support.ecmwf.int                     +++
[ECMWF-INFO -ecepilog] ----------------------------------------------------------------------------------------------------
[ECMWF-INFO -ecepilog] Run at 2023-08-18T09:05:29 on ac
[ECMWF-INFO -ecepilog] JobName                   : Extract_RainfallFC_atOBS
[ECMWF-INFO -ecepilog] JobID                     : 34299676
[ECMWF-INFO -ecepilog] Submit                    : 2023-08-18T09:00:28
[ECMWF-INFO -ecepilog] Start                     : 2023-08-18T09:01:00
[ECMWF-INFO -ecepilog] End                       : 2023-08-18T09:05:29
[ECMWF-INFO -ecepilog] QueuedTime                : 32.0
[ECMWF-INFO -ecepilog] ElapsedRaw                : 269
[ECMWF-INFO -ecepilog] ExitCode                  : 0:0
[ECMWF-INFO -ecepilog] DerivedExitCode           : 0:0
[ECMWF-INFO -ecepilog] State                     : COMPLETED
[ECMWF-INFO -ecepilog] Account                   : ecodmdmo
[ECMWF-INFO -ecepilog] QOS                       : nf
[ECMWF-INFO -ecepilog] User                      : mofp
[ECMWF-INFO -ecepilog] StdOut                    : /etc/ecmwf/vol/ecpoint_dev/mofp/Papers_2_Write/ecPoint_Climate/Scripts/Processed/LogATOS/Extract_RainfallFC_atOBS-34299676.out
[ECMWF-INFO -ecepilog] StdErr                    : /etc/ecmwf/vol/ecpoint_dev/mofp/Papers_2_Write/ecPoint_Climate/Scripts/Processed/LogATOS/Extract_RainfallFC_atOBS-34299676.out
[ECMWF-INFO -ecepilog] NNodes                    : 1
[ECMWF-INFO -ecepilog] NCPUS                     : 2
[ECMWF-INFO -ecepilog] SBU                       : 1.413
[ECMWF-INFO -ecepilog] ----------------------------------------------------------------------------------------------------

