[ECMWF-INFO -sbatch] - -------------------------------------------------------------------------------------
[ECMWF-INFO -sbatch] -  This is the ECMWF jobfilter
[ECMWF-INFO -sbatch] -  +++ Please report issues using the Support portal +++
[ECMWF-INFO -sbatch] -  +++ https://support.ecmwf.int                     +++
[ECMWF-INFO -sbatch] -  /usr/local/bin/ecsbatch: size: 48802, mtime: Mon Jul  3 10:31:21 2023
[ECMWF-INFO -sbatch] - -------------------------------------------------------------------------------------
[ECMWF-INFO -sbatch] - Time at submit: Fri Aug 18 09:00:26 2023 (1692349226.9431958) on ac6-100.bullx:/etc/ecmwf/vol/ecpoint_dev/mofp/Papers_2_Write/ecPoint_Climate/Scripts/Processed
[ECMWF-INFO -sbatch] - --- SLURM VARIABLES ---
[ECMWF-INFO -sbatch] - EC_CLUSTER=ac
[ECMWF-INFO -sbatch] - SLURM_EXPORT_ENV=ALL
[ECMWF-INFO -sbatch] - SBATCH_EXPORT=NONE
[ECMWF-INFO -sbatch] - -----------------------
[ECMWF-INFO -sbatch] - jobscript: /etc/ecmwf/vol/ecpoint_dev/mofp/Papers_2_Write/ecPoint_Climate/Scripts/Processed/10a_SubmitATOS_Extract_RainfallFC_atOBS.sh
[ECMWF-INFO -sbatch] - --- SCRIPT OPTIONS ---
[ECMWF-INFO -sbatch] - #SBATCH --job-name=Extract_RainfallFC_atOBS
[ECMWF-INFO -sbatch] - #SBATCH --output=LogATOS/Extract_RainfallFC_atOBS-%J.out
[ECMWF-INFO -sbatch] - #SBATCH --error=LogATOS/Extract_RainfallFC_atOBS-%J.out
[ECMWF-INFO -sbatch] - #SBATCH --cpus-per-task=1
[ECMWF-INFO -sbatch] - #SBATCH --mem=64G
[ECMWF-INFO -sbatch] - #SBATCH --qos=nf
[ECMWF-INFO -sbatch] - #SBATCH --mail-type=FAIL
[ECMWF-INFO -sbatch] - #SBATCH --mail-user=fatima.pillosu@ecmwf.int
[ECMWF-INFO -sbatch] - -----------------------
[ECMWF-INFO -sbatch] - --- POST-PROCESSED OPTIONS ---
[ECMWF-INFO -sbatch] - ARG --positional=['10a_SubmitATOS_Extract_RainfallFC_atOBS.sh', '2006', 'Reforecasts_46r1']
[ECMWF-INFO -sbatch] - ARG --cpus_per_task=1
[ECMWF-INFO -sbatch] - ARG --error=LogATOS/Extract_RainfallFC_atOBS-%J.out
[ECMWF-INFO -sbatch] - ARG --job_name=Extract_RainfallFC_atOBS
[ECMWF-INFO -sbatch] - ARG --mail_type=FAIL
[ECMWF-INFO -sbatch] - ARG --mail_user=fatima.pillosu@ecmwf.int
[ECMWF-INFO -sbatch] - ARG --output=LogATOS/Extract_RainfallFC_atOBS-%J.out
[ECMWF-INFO -sbatch] - ARG --qos=nf
[ECMWF-INFO -sbatch] - ARG --mem=64G
[ECMWF-INFO -sbatch] - ------------------------------
[ECMWF-INFO -sbatch] - jobtag: mofp-Extract_Ra_llFC_atOBS-1x2-/etc/ecmwf/vol/ecpoint_dev/mofp/Papers_2_Write/ecPoint_Climate/Scripts/Processed/LogATOS/Extract_RainfallFC_atOBS-_.out
[ECMWF-INFO -sbatch] - ['/usr/bin/sbatch', '--cpus-per-task=1', '--error=LogATOS/Extract_RainfallFC_atOBS-%J.out', '--job-name=Extract_RainfallFC_atOBS', '--mail-type=FAIL', '--mail-user=fatima.pillosu@ecmwf.int', '--output=LogATOS/Extract_RainfallFC_atOBS-%J.out', '--qos=nf', '--mem=64G', '--licenses=h2resw01', '--time=1-00:00:00', '/etc/ecmwf/vol/ecpoint_dev/mofp/Papers_2_Write/ecPoint_Climate/Scripts/Processed/10a_SubmitATOS_Extract_RainfallFC_atOBS.sh', '2006', 'Reforecasts_46r1']
[ECMWF-INFO -sbatch] - sbatch executed on ac
[ECMWF-INFO -sbatch] - Job queued on ac using method local
[ECMWF-INFO -sbatch] - Submitted batch job 34299662
[ECMWF-INFO -ecprofile] /usr/bin/bash NON_INTERACTIVE on ac6-138 at 20230818_090111.472, PID: 1813868, JOBID: 34299662
[ECMWF-INFO -ecprofile] $SCRATCH=/ec/res4/scratch/mofp
[ECMWF-INFO -ecprofile] $PERM=/perm/mofp
[ECMWF-INFO -ecprofile] $HPCPERM=/ec/res4/hpcperm/mofp
[ECMWF-INFO -ecprofile] $TMPDIR=/etc/ecmwf/ssd/ssd1/tmpdirs/mofp.34299662
[ECMWF-INFO -ecprofile] $SCRATCHDIR=/ec/res4/scratchdir/mofp/6/34299662
 
Computing modelled (Reforecasts_46r1) climatologies at stations for 08_AlignOBS_CleanSTVL (Coeff_Grid2Point=20) with a minimum of 75% of days over the considered period with valid observations
 - Computing the independent rainfall realizations for the year/seasonal climatologies. Processing 24-hourly accumulation period ending on:
      2006-01-01
      2006-01-02
      2006-01-03
      2006-01-04
      2006-01-05
      2006-01-06
      2006-01-07
      2006-01-08
      2006-01-09
      2006-01-10
      2006-01-11
      2006-01-12
      2006-01-13
      2006-01-14
      2006-01-15
      2006-01-16
      2006-01-17
      2006-01-18
      2006-01-19
      2006-01-20
      2006-01-21
      2006-01-22
      2006-01-23
      2006-01-24
      2006-01-25
      2006-01-26
      2006-01-27
      2006-01-28
      2006-01-29
      2006-01-30
      2006-01-31
      2006-02-01
      2006-02-02
      2006-02-03
      2006-02-04
      2006-02-05
      2006-02-06
      2006-02-07
      2006-02-08
      2006-02-09
      2006-02-10
      2006-02-11
      2006-02-12
      2006-02-13
      2006-02-14
      2006-02-15
      2006-02-16
      2006-02-17
      2006-02-18
      2006-02-19
      2006-02-20
      2006-02-21
      2006-02-22
      2006-02-23
      2006-02-24
      2006-02-25
      2006-02-26
      2006-02-27
      2006-02-28
      2006-03-01
      2006-03-02
      2006-03-03
      2006-03-04
      2006-03-05
      2006-03-06
      2006-03-07
      2006-03-08
      2006-03-09
      2006-03-10
      2006-03-11
      2006-03-12
      2006-03-13
      2006-03-14
      2006-03-15
      2006-03-16
      2006-03-17
      2006-03-18
      2006-03-19
      2006-03-20
      2006-03-21
      2006-03-22
      2006-03-23
      2006-03-24
      2006-03-25
      2006-03-26
      2006-03-27
      2006-03-28
      2006-03-29
      2006-03-30
      2006-03-31
      2006-04-01
      2006-04-02
      2006-04-03
      2006-04-04
      2006-04-05
      2006-04-06
      2006-04-07
      2006-04-08
      2006-04-09
      2006-04-10
      2006-04-11
      2006-04-12
      2006-04-13
      2006-04-14
      2006-04-15
      2006-04-16
      2006-04-17
      2006-04-18
      2006-04-19
      2006-04-20
      2006-04-21
      2006-04-22
      2006-04-23
      2006-04-24
      2006-04-25
      2006-04-26
      2006-04-27
      2006-04-28
      2006-04-29
      2006-04-30
      2006-05-01
      2006-05-02
      2006-05-03
      2006-05-04
      2006-05-05
      2006-05-06
      2006-05-07
      2006-05-08
      2006-05-09
      2006-05-10
      2006-05-11
      2006-05-12
      2006-05-13
      2006-05-14
      2006-05-15
      2006-05-16
      2006-05-17
      2006-05-18
      2006-05-19
      2006-05-20
      2006-05-21
      2006-05-22
      2006-05-23
      2006-05-24
      2006-05-25
      2006-05-26
      2006-05-27
      2006-05-28
      2006-05-29
      2006-05-30
      2006-05-31
      2006-06-01
      2006-06-02
      2006-06-03
      2006-06-04
      2006-06-05
      2006-06-06
      2006-06-07
      2006-06-08
      2006-06-09
      2006-06-10
      2006-06-11
      2006-06-12
      2006-06-13
      2006-06-14
      2006-06-15
      2006-06-16
      2006-06-17
      2006-06-18
      2006-06-19
      2006-06-20
      2006-06-21
      2006-06-22
      2006-06-23
      2006-06-24
      2006-06-25
      2006-06-26
      2006-06-27
      2006-06-28
      2006-06-29
      2006-06-30
      2006-07-01
      2006-07-02
      2006-07-03
      2006-07-04
      2006-07-05
      2006-07-06
      2006-07-07
      2006-07-08
      2006-07-09
      2006-07-10
      2006-07-11
      2006-07-12
      2006-07-13
      2006-07-14
      2006-07-15
      2006-07-16
      2006-07-17
      2006-07-18
      2006-07-19
      2006-07-20
      2006-07-21
      2006-07-22
      2006-07-23
      2006-07-24
      2006-07-25
      2006-07-26
      2006-07-27
      2006-07-28
      2006-07-29
      2006-07-30
      2006-07-31
      2006-08-01
      2006-08-02
      2006-08-03
      2006-08-04
      2006-08-05
      2006-08-06
      2006-08-07
      2006-08-08
      2006-08-09
      2006-08-10
      2006-08-11
      2006-08-12
      2006-08-13
      2006-08-14
      2006-08-15
      2006-08-16
      2006-08-17
      2006-08-18
      2006-08-19
      2006-08-20
      2006-08-21
      2006-08-22
      2006-08-23
      2006-08-24
      2006-08-25
      2006-08-26
      2006-08-27
      2006-08-28
      2006-08-29
      2006-08-30
      2006-08-31
      2006-09-01
      2006-09-02
      2006-09-03
      2006-09-04
      2006-09-05
      2006-09-06
      2006-09-07
      2006-09-08
      2006-09-09
      2006-09-10
      2006-09-11
      2006-09-12
      2006-09-13
      2006-09-14
      2006-09-15
      2006-09-16
      2006-09-17
      2006-09-18
      2006-09-19
      2006-09-20
      2006-09-21
      2006-09-22
      2006-09-23
      2006-09-24
      2006-09-25
      2006-09-26
      2006-09-27
      2006-09-28
      2006-09-29
      2006-09-30
      2006-10-01
      2006-10-02
      2006-10-03
      2006-10-04
      2006-10-05
      2006-10-06
      2006-10-07
      2006-10-08
      2006-10-09
      2006-10-10
      2006-10-11
      2006-10-12
      2006-10-13
      2006-10-14
      2006-10-15
      2006-10-16
      2006-10-17
      2006-10-18
      2006-10-19
      2006-10-20
      2006-10-21
      2006-10-22
      2006-10-23
      2006-10-24
      2006-10-25
      2006-10-26
      2006-10-27
      2006-10-28
      2006-10-29
      2006-10-30
      2006-10-31
      2006-11-01
      2006-11-02
      2006-11-03
      2006-11-04
      2006-11-05
      2006-11-06
      2006-11-07
      2006-11-08
      2006-11-09
      2006-11-10
      2006-11-11
      2006-11-12
      2006-11-13
      2006-11-14
      2006-11-15
      2006-11-16
      2006-11-17
      2006-11-18
      2006-11-19
      2006-11-20
      2006-11-21
      2006-11-22
      2006-11-23
      2006-11-24
      2006-11-25
      2006-11-26
      2006-11-27
      2006-11-28
      2006-11-29
      2006-11-30
      2006-12-01
      2006-12-02
      2006-12-03
      2006-12-04
      2006-12-05
      2006-12-06
      2006-12-07
      2006-12-08
      2006-12-09
      2006-12-10
      2006-12-11
      2006-12-12
      2006-12-13
      2006-12-14
      2006-12-15
      2006-12-16
      2006-12-17
      2006-12-18
      2006-12-19
      2006-12-20
      2006-12-21
      2006-12-22
      2006-12-23
      2006-12-24
      2006-12-25
      2006-12-26
      2006-12-27
      2006-12-28
      2006-12-29
      2006-12-30
      2006-12-31
 - Saving the year/seasonal rainfall realizations
[ECMWF-INFO -ecepilog] ----------------------------------------------------------------------------------------------------
[ECMWF-INFO -ecepilog] This is the ECMWF job Epilogue
[ECMWF-INFO -ecepilog] +++ Please report issues using the Support portal +++
[ECMWF-INFO -ecepilog] +++ https://support.ecmwf.int                     +++
[ECMWF-INFO -ecepilog] ----------------------------------------------------------------------------------------------------
[ECMWF-INFO -ecepilog] Run at 2023-08-18T09:05:36 on ac
[ECMWF-INFO -ecepilog] JobName                   : Extract_RainfallFC_atOBS
[ECMWF-INFO -ecepilog] JobID                     : 34299662
[ECMWF-INFO -ecepilog] Submit                    : 2023-08-18T09:00:26
[ECMWF-INFO -ecepilog] Start                     : 2023-08-18T09:01:00
[ECMWF-INFO -ecepilog] End                       : 2023-08-18T09:05:36
[ECMWF-INFO -ecepilog] QueuedTime                : 34.0
[ECMWF-INFO -ecepilog] ElapsedRaw                : 276
[ECMWF-INFO -ecepilog] ExitCode                  : 0:0
[ECMWF-INFO -ecepilog] DerivedExitCode           : 0:0
[ECMWF-INFO -ecepilog] State                     : COMPLETED
[ECMWF-INFO -ecepilog] Account                   : ecodmdmo
[ECMWF-INFO -ecepilog] QOS                       : nf
[ECMWF-INFO -ecepilog] User                      : mofp
[ECMWF-INFO -ecepilog] StdOut                    : /etc/ecmwf/vol/ecpoint_dev/mofp/Papers_2_Write/ecPoint_Climate/Scripts/Processed/LogATOS/Extract_RainfallFC_atOBS-34299662.out
[ECMWF-INFO -ecepilog] StdErr                    : /etc/ecmwf/vol/ecpoint_dev/mofp/Papers_2_Write/ecPoint_Climate/Scripts/Processed/LogATOS/Extract_RainfallFC_atOBS-34299662.out
[ECMWF-INFO -ecepilog] NNodes                    : 1
[ECMWF-INFO -ecepilog] NCPUS                     : 2
[ECMWF-INFO -ecepilog] SBU                       : 1.450
[ECMWF-INFO -ecepilog] ----------------------------------------------------------------------------------------------------

